[ 15%] Built target minimal
[ 15%] Built target fill_inbetween
[ 21%] Built target fill
[ 25%] Built target animation
[ 31%] Built target basic
[ 37%] Built target update
[ 46%] Built target colorbar
[ 53%] Built target xkcd
[ 65%] Built target bar
[ 65%] Built target nonblock
[ 68%] Built target lines3d
[ 75%] Built target spy
[ 81%] Built target subplot2grid
[ 87%] Built target contour
[ 96%] Built target surface
[100%] Built target modern
-- Install configuration: ""
-- Up-to-date: /home/tejasmk-tkp/Documents/Rudra/Interdomain/Rover/install/matplotlib_cpp/include/matplotlibcpp.h
-- Up-to-date: /home/tejasmk-tkp/Documents/Rudra/Interdomain/Rover/install/matplotlib_cpp/lib/matplotlib_cpp/cmake/matplotlib_cppTargets.cmake
-- Up-to-date: /home/tejasmk-tkp/Documents/Rudra/Interdomain/Rover/install/matplotlib_cpp/lib/matplotlib_cpp/cmake/matplotlib_cppConfig.cmake
