[0.030s] Invoking command in '/home/tejasmk-tkp/Documents/Rudra/Interdomain/Rover/build/matplotlib_cpp': CONDA_PROMPT_MODIFIER=(rover_andes) /usr/bin/cmake --build /home/tejasmk-tkp/Documents/Rudra/Interdomain/Rover/build/matplotlib_cpp -- -j16 -l16
[0.135s] [ 15%] Built target minimal
[0.135s] [ 15%] Built target fill_inbetween
[0.135s] [ 21%] Built target fill
[0.135s] [ 25%] Built target animation
[0.136s] [ 31%] Built target basic
[0.136s] [ 37%] Built target update
[0.138s] [ 46%] Built target colorbar
[0.139s] [ 53%] Built target xkcd
[0.139s] [ 65%] Built target bar
[0.139s] [ 65%] Built target nonblock
[0.139s] [ 68%] Built target lines3d
[0.139s] [ 75%] Built target spy
[0.140s] [ 81%] Built target subplot2grid
[0.141s] [ 87%] Built target contour
[0.144s] [ 96%] Built target surface
[0.144s] [100%] Built target modern
[0.199s] Invoked command in '/home/tejasmk-tkp/Documents/Rudra/Interdomain/Rover/build/matplotlib_cpp' returned '0': CONDA_PROMPT_MODIFIER=(rover_andes) /usr/bin/cmake --build /home/tejasmk-tkp/Documents/Rudra/Interdomain/Rover/build/matplotlib_cpp -- -j16 -l16
[0.243s] Invoking command in '/home/tejasmk-tkp/Documents/Rudra/Interdomain/Rover/build/matplotlib_cpp': CONDA_PROMPT_MODIFIER=(rover_andes) /usr/bin/cmake --install /home/tejasmk-tkp/Documents/Rudra/Interdomain/Rover/build/matplotlib_cpp
[0.247s] -- Install configuration: ""
[0.247s] -- Up-to-date: /home/tejasmk-tkp/Documents/Rudra/Interdomain/Rover/install/matplotlib_cpp/include/matplotlibcpp.h
[0.249s] -- Up-to-date: /home/tejasmk-tkp/Documents/Rudra/Interdomain/Rover/install/matplotlib_cpp/lib/matplotlib_cpp/cmake/matplotlib_cppTargets.cmake
[0.249s] -- Up-to-date: /home/tejasmk-tkp/Documents/Rudra/Interdomain/Rover/install/matplotlib_cpp/lib/matplotlib_cpp/cmake/matplotlib_cppConfig.cmake
[0.250s] Invoked command in '/home/tejasmk-tkp/Documents/Rudra/Interdomain/Rover/build/matplotlib_cpp' returned '0': CONDA_PROMPT_MODIFIER=(rover_andes) /usr/bin/cmake --install /home/tejasmk-tkp/Documents/Rudra/Interdomain/Rover/build/matplotlib_cpp
