[  6%] Built target minimal
[ 18%] Built target modern
[ 25%] Built target fill
[ 18%] Built target basic
[ 31%] Built target nonblock
[ 37%] Built target xkcd
[ 50%] Built target animation
[ 50%] Built target fill_inbetween
[ 56%] Built target lines3d
[ 62%] Built target update
[ 68%] Built target colorbar
[ 75%] Built target surface
[ 81%] Built target contour
[ 87%] Built target bar
[ 93%] Built target subplot2grid
[100%] Built target spy
-- Install configuration: ""
-- Up-to-date: /home/tejasmk-tkp/Documents/Rudra/Interdomain/Rover/install/matplotlib_cpp/include/matplotlibcpp.h
-- Up-to-date: /home/tejasmk-tkp/Documents/Rudra/Interdomain/Rover/install/matplotlib_cpp/lib/matplotlib_cpp/cmake/matplotlib_cppTargets.cmake
-- Up-to-date: /home/tejasmk-tkp/Documents/Rudra/Interdomain/Rover/install/matplotlib_cpp/lib/matplotlib_cpp/cmake/matplotlib_cppConfig.cmake
