[  6%] Built target xkcd
[ 18%] Built target minimal
[ 18%] Built target nonblock
[ 25%] Built target basic
[ 37%] Built target modern
[ 37%] Built target animation
[ 43%] Built target fill_inbetween
[ 50%] Built target bar
[ 56%] Built target subplot2grid
[ 62%] Built target lines3d
[ 68%] Built target update
[ 75%] Built target fill
[ 81%] Built target surface
[ 87%] Built target colorbar
[ 93%] Built target contour
[100%] Built target spy
-- Install configuration: ""
-- Up-to-date: /home/tejasmk-tkp/Documents/Rudra/Interdomain/Rover/install/matplotlib_cpp/include/matplotlibcpp.h
-- Up-to-date: /home/tejasmk-tkp/Documents/Rudra/Interdomain/Rover/install/matplotlib_cpp/lib/matplotlib_cpp/cmake/matplotlib_cppTargets.cmake
-- Up-to-date: /home/tejasmk-tkp/Documents/Rudra/Interdomain/Rover/install/matplotlib_cpp/lib/matplotlib_cpp/cmake/matplotlib_cppConfig.cmake
