[0.027s] Invoking command in '/home/tejasmk-tkp/Documents/Rudra/Interdomain/Rover/build/matplotlib_cpp': CONDA_PROMPT_MODIFIER=(rover_andes) /usr/bin/cmake --build /home/tejasmk-tkp/Documents/Rudra/Interdomain/Rover/build/matplotlib_cpp -- -j16 -l16
[0.059s] [  6%] Built target xkcd
[0.059s] [ 18%] Built target minimal
[0.059s] [ 18%] Built target nonblock
[0.059s] [ 25%] Built target basic
[0.059s] [ 37%] Built target modern
[0.059s] [ 37%] Built target animation
[0.060s] [ 43%] Built target fill_inbetween
[0.060s] [ 50%] Built target bar
[0.060s] [ 56%] Built target subplot2grid
[0.060s] [ 62%] Built target lines3d
[0.061s] [ 68%] Built target update
[0.061s] [ 75%] Built target fill
[0.064s] [ 81%] Built target surface
[0.066s] [ 87%] Built target colorbar
[0.070s] [ 93%] Built target contour
[0.071s] [100%] Built target spy
[0.101s] Invoked command in '/home/tejasmk-tkp/Documents/Rudra/Interdomain/Rover/build/matplotlib_cpp' returned '0': CONDA_PROMPT_MODIFIER=(rover_andes) /usr/bin/cmake --build /home/tejasmk-tkp/Documents/Rudra/Interdomain/Rover/build/matplotlib_cpp -- -j16 -l16
[0.155s] Invoking command in '/home/tejasmk-tkp/Documents/Rudra/Interdomain/Rover/build/matplotlib_cpp': CONDA_PROMPT_MODIFIER=(rover_andes) /usr/bin/cmake --install /home/tejasmk-tkp/Documents/Rudra/Interdomain/Rover/build/matplotlib_cpp
[0.159s] -- Install configuration: ""
[0.159s] -- Up-to-date: /home/tejasmk-tkp/Documents/Rudra/Interdomain/Rover/install/matplotlib_cpp/include/matplotlibcpp.h
[0.159s] -- Up-to-date: /home/tejasmk-tkp/Documents/Rudra/Interdomain/Rover/install/matplotlib_cpp/lib/matplotlib_cpp/cmake/matplotlib_cppTargets.cmake
[0.159s] -- Up-to-date: /home/tejasmk-tkp/Documents/Rudra/Interdomain/Rover/install/matplotlib_cpp/lib/matplotlib_cpp/cmake/matplotlib_cppConfig.cmake
[0.160s] Invoked command in '/home/tejasmk-tkp/Documents/Rudra/Interdomain/Rover/build/matplotlib_cpp' returned '0': CONDA_PROMPT_MODIFIER=(rover_andes) /usr/bin/cmake --install /home/tejasmk-tkp/Documents/Rudra/Interdomain/Rover/build/matplotlib_cpp
