[0.027s] Invoking command in '/home/tejasmk-tkp/Documents/Rudra/Interdomain/Rover/build/matplotlib_cpp': CONDA_PROMPT_MODIFIER=(rover_andes) /usr/bin/cmake --build /home/tejasmk-tkp/Documents/Rudra/Interdomain/Rover/build/matplotlib_cpp -- -j16 -l16
[0.049s] [35m[1mConsolidate compiler generated dependencies of target basic[0m
[0.049s] [35m[1mConsolidate compiler generated dependencies of target modern[0m
[0.049s] [35m[1mConsolidate compiler generated dependencies of target minimal[0m
[0.049s] [35m[1mConsolidate compiler generated dependencies of target animation[0m
[0.050s] [35m[1mConsolidate compiler generated dependencies of target nonblock[0m
[0.050s] [35m[1mConsolidate compiler generated dependencies of target fill[0m
[0.050s] [35m[1mConsolidate compiler generated dependencies of target fill_inbetween[0m
[0.050s] [35m[1mConsolidate compiler generated dependencies of target update[0m
[0.050s] [35m[1mConsolidate compiler generated dependencies of target xkcd[0m
[0.050s] [35m[1mConsolidate compiler generated dependencies of target subplot2grid[0m
[0.050s] [35m[1mConsolidate compiler generated dependencies of target bar[0m
[0.050s] [35m[1mConsolidate compiler generated dependencies of target colorbar[0m
[0.051s] [35m[1mConsolidate compiler generated dependencies of target surface[0m
[0.051s] [35m[1mConsolidate compiler generated dependencies of target lines3d[0m
[0.059s] [35m[1mConsolidate compiler generated dependencies of target contour[0m
[0.059s] [35m[1mConsolidate compiler generated dependencies of target spy[0m
[0.062s] [ 12%] Built target basic
[0.062s] [ 21%] Built target subplot2grid
[0.062s] [ 31%] Built target fill
[0.062s] [ 34%] Built target bar
[0.062s] [ 46%] Built target fill_inbetween
[0.062s] [ 50%] Built target update
[0.062s] [ 46%] Built target nonblock
[0.062s] [ 50%] Built target minimal
[0.063s] [ 59%] Built target surface
[0.063s] [ 62%] Built target modern
[0.063s] [ 75%] Built target animation
[0.063s] [ 75%] Built target colorbar
[0.063s] [ 81%] Built target lines3d
[0.067s] [ 87%] Built target xkcd
[0.068s] [ 93%] Built target spy
[0.068s] [100%] Built target contour
[0.075s] Invoked command in '/home/tejasmk-tkp/Documents/Rudra/Interdomain/Rover/build/matplotlib_cpp' returned '0': CONDA_PROMPT_MODIFIER=(rover_andes) /usr/bin/cmake --build /home/tejasmk-tkp/Documents/Rudra/Interdomain/Rover/build/matplotlib_cpp -- -j16 -l16
[0.108s] Invoking command in '/home/tejasmk-tkp/Documents/Rudra/Interdomain/Rover/build/matplotlib_cpp': CONDA_PROMPT_MODIFIER=(rover_andes) /usr/bin/cmake --install /home/tejasmk-tkp/Documents/Rudra/Interdomain/Rover/build/matplotlib_cpp
[0.112s] -- Install configuration: ""
[0.112s] -- Up-to-date: /home/tejasmk-tkp/Documents/Rudra/Interdomain/Rover/install/matplotlib_cpp/include/matplotlibcpp.h
[0.112s] -- Up-to-date: /home/tejasmk-tkp/Documents/Rudra/Interdomain/Rover/install/matplotlib_cpp/lib/matplotlib_cpp/cmake/matplotlib_cppTargets.cmake
[0.112s] -- Up-to-date: /home/tejasmk-tkp/Documents/Rudra/Interdomain/Rover/install/matplotlib_cpp/lib/matplotlib_cpp/cmake/matplotlib_cppConfig.cmake
[0.113s] Invoked command in '/home/tejasmk-tkp/Documents/Rudra/Interdomain/Rover/build/matplotlib_cpp' returned '0': CONDA_PROMPT_MODIFIER=(rover_andes) /usr/bin/cmake --install /home/tejasmk-tkp/Documents/Rudra/Interdomain/Rover/build/matplotlib_cpp
