[1.139s] DEBUG:colcon:Command line arguments: ['/usr/bin/colcon', 'build']
[1.139s] DEBUG:colcon:Parsed command line arguments: Namespace(log_base=None, log_level=None, verb_name='build', build_base='build', install_base='install', merge_install=False, symlink_install=False, test_result_base=None, continue_on_error=False, executor='parallel', parallel_workers=16, event_handlers=None, ignore_user_meta=False, metas=['./colcon.meta'], base_paths=['.'], packages_ignore=None, packages_ignore_regex=None, paths=None, packages_up_to=None, packages_up_to_regex=None, packages_above=None, packages_above_and_dependencies=None, packages_above_depth=None, packages_select_by_dep=None, packages_skip_by_dep=None, packages_skip_up_to=None, packages_select_build_failed=False, packages_skip_build_finished=False, packages_select_test_failures=False, packages_skip_test_passed=False, packages_select=None, packages_skip=None, packages_select_regex=None, packages_skip_regex=None, packages_start=None, packages_end=None, allow_overriding=[], cmake_args=None, cmake_target=None, cmake_target_skip_unavailable=False, cmake_clean_cache=False, cmake_clean_first=False, cmake_force_configure=False, ament_cmake_args=None, catkin_cmake_args=None, catkin_skip_building_tests=False, verb_parser=<colcon_defaults.argument_parser.defaults.DefaultArgumentsDecorator object at 0x7f88d01c19f0>, verb_extension=<colcon_core.verb.build.BuildVerb object at 0x7f88d016b970>, main=<bound method BuildVerb.main of <colcon_core.verb.build.BuildVerb object at 0x7f88d016b970>>)
[1.183s] Level 1:colcon.colcon_core.package_discovery:discover_packages(colcon_meta) check parameters
[1.183s] Level 1:colcon.colcon_core.package_discovery:discover_packages(recursive) check parameters
[1.183s] Level 1:colcon.colcon_core.package_discovery:discover_packages(ignore) check parameters
[1.183s] Level 1:colcon.colcon_core.package_discovery:discover_packages(path) check parameters
[1.183s] Level 1:colcon.colcon_core.package_discovery:discover_packages(colcon_meta) discover
[1.183s] Level 1:colcon.colcon_core.package_discovery:discover_packages(recursive) discover
[1.183s] INFO:colcon.colcon_core.package_discovery:Crawling recursively for packages in '/home/tejasmk-tkp/Documents/Rudra/Interdomain/Rover'
[1.183s] Level 1:colcon.colcon_core.package_identification:_identify(.) by extensions ['ignore', 'ignore_ament_install']
[1.183s] Level 1:colcon.colcon_core.package_identification:_identify(.) by extension 'ignore'
[1.183s] Level 1:colcon.colcon_core.package_identification:_identify(.) by extension 'ignore_ament_install'
[1.183s] Level 1:colcon.colcon_core.package_identification:_identify(.) by extensions ['colcon_pkg']
[1.183s] Level 1:colcon.colcon_core.package_identification:_identify(.) by extension 'colcon_pkg'
[1.183s] Level 1:colcon.colcon_core.package_identification:_identify(.) by extensions ['colcon_meta']
[1.183s] Level 1:colcon.colcon_core.package_identification:_identify(.) by extension 'colcon_meta'
[1.183s] Level 1:colcon.colcon_core.package_identification:_identify(.) by extensions ['ros']
[1.183s] Level 1:colcon.colcon_core.package_identification:_identify(.) by extension 'ros'
[1.191s] Level 1:colcon.colcon_core.package_identification:_identify(.) by extensions ['cmake', 'python']
[1.191s] Level 1:colcon.colcon_core.package_identification:_identify(.) by extension 'cmake'
[1.191s] Level 1:colcon.colcon_core.package_identification:_identify(.) by extension 'python'
[1.191s] Level 1:colcon.colcon_core.package_identification:_identify(.) by extensions ['python_setup_py']
[1.191s] Level 1:colcon.colcon_core.package_identification:_identify(.) by extension 'python_setup_py'
[1.191s] Level 1:colcon.colcon_core.package_identification:_identify(build) by extensions ['ignore', 'ignore_ament_install']
[1.191s] Level 1:colcon.colcon_core.package_identification:_identify(build) by extension 'ignore'
[1.191s] Level 1:colcon.colcon_core.package_identification:_identify(build) ignored
[1.191s] Level 1:colcon.colcon_core.package_identification:_identify(install) by extensions ['ignore', 'ignore_ament_install']
[1.192s] Level 1:colcon.colcon_core.package_identification:_identify(install) by extension 'ignore'
[1.192s] Level 1:colcon.colcon_core.package_identification:_identify(install) ignored
[1.192s] Level 1:colcon.colcon_core.package_identification:_identify(log) by extensions ['ignore', 'ignore_ament_install']
[1.192s] Level 1:colcon.colcon_core.package_identification:_identify(log) by extension 'ignore'
[1.192s] Level 1:colcon.colcon_core.package_identification:_identify(log) ignored
[1.192s] Level 1:colcon.colcon_core.package_identification:_identify(src) by extensions ['ignore', 'ignore_ament_install']
[1.192s] Level 1:colcon.colcon_core.package_identification:_identify(src) by extension 'ignore'
[1.192s] Level 1:colcon.colcon_core.package_identification:_identify(src) by extension 'ignore_ament_install'
[1.192s] Level 1:colcon.colcon_core.package_identification:_identify(src) by extensions ['colcon_pkg']
[1.192s] Level 1:colcon.colcon_core.package_identification:_identify(src) by extension 'colcon_pkg'
[1.192s] Level 1:colcon.colcon_core.package_identification:_identify(src) by extensions ['colcon_meta']
[1.192s] Level 1:colcon.colcon_core.package_identification:_identify(src) by extension 'colcon_meta'
[1.192s] Level 1:colcon.colcon_core.package_identification:_identify(src) by extensions ['ros']
[1.192s] Level 1:colcon.colcon_core.package_identification:_identify(src) by extension 'ros'
[1.192s] Level 1:colcon.colcon_core.package_identification:_identify(src) by extensions ['cmake', 'python']
[1.192s] Level 1:colcon.colcon_core.package_identification:_identify(src) by extension 'cmake'
[1.192s] Level 1:colcon.colcon_core.package_identification:_identify(src) by extension 'python'
[1.192s] Level 1:colcon.colcon_core.package_identification:_identify(src) by extensions ['python_setup_py']
[1.192s] Level 1:colcon.colcon_core.package_identification:_identify(src) by extension 'python_setup_py'
[1.194s] Level 1:colcon.colcon_core.package_identification:_identify(src/Autonomous_Navigation) by extensions ['ignore', 'ignore_ament_install']
[1.194s] Level 1:colcon.colcon_core.package_identification:_identify(src/Autonomous_Navigation) by extension 'ignore'
[1.194s] Level 1:colcon.colcon_core.package_identification:_identify(src/Autonomous_Navigation) by extension 'ignore_ament_install'
[1.194s] Level 1:colcon.colcon_core.package_identification:_identify(src/Autonomous_Navigation) by extensions ['colcon_pkg']
[1.194s] Level 1:colcon.colcon_core.package_identification:_identify(src/Autonomous_Navigation) by extension 'colcon_pkg'
[1.194s] Level 1:colcon.colcon_core.package_identification:_identify(src/Autonomous_Navigation) by extensions ['colcon_meta']
[1.194s] Level 1:colcon.colcon_core.package_identification:_identify(src/Autonomous_Navigation) by extension 'colcon_meta'
[1.194s] Level 1:colcon.colcon_core.package_identification:_identify(src/Autonomous_Navigation) by extensions ['ros']
[1.194s] Level 1:colcon.colcon_core.package_identification:_identify(src/Autonomous_Navigation) by extension 'ros'
[1.194s] Level 1:colcon.colcon_core.package_identification:_identify(src/Autonomous_Navigation) by extensions ['cmake', 'python']
[1.194s] Level 1:colcon.colcon_core.package_identification:_identify(src/Autonomous_Navigation) by extension 'cmake'
[1.195s] Level 1:colcon.colcon_core.package_identification:_identify(src/Autonomous_Navigation) by extension 'python'
[1.195s] Level 1:colcon.colcon_core.package_identification:_identify(src/Autonomous_Navigation) by extensions ['python_setup_py']
[1.195s] Level 1:colcon.colcon_core.package_identification:_identify(src/Autonomous_Navigation) by extension 'python_setup_py'
[1.195s] Level 1:colcon.colcon_core.package_identification:_identify(src/Autonomous_Navigation/matplotlib-cpp) by extensions ['ignore', 'ignore_ament_install']
[1.195s] Level 1:colcon.colcon_core.package_identification:_identify(src/Autonomous_Navigation/matplotlib-cpp) by extension 'ignore'
[1.195s] Level 1:colcon.colcon_core.package_identification:_identify(src/Autonomous_Navigation/matplotlib-cpp) by extension 'ignore_ament_install'
[1.195s] Level 1:colcon.colcon_core.package_identification:_identify(src/Autonomous_Navigation/matplotlib-cpp) by extensions ['colcon_pkg']
[1.195s] Level 1:colcon.colcon_core.package_identification:_identify(src/Autonomous_Navigation/matplotlib-cpp) by extension 'colcon_pkg'
[1.195s] Level 1:colcon.colcon_core.package_identification:_identify(src/Autonomous_Navigation/matplotlib-cpp) by extensions ['colcon_meta']
[1.195s] Level 1:colcon.colcon_core.package_identification:_identify(src/Autonomous_Navigation/matplotlib-cpp) by extension 'colcon_meta'
[1.195s] Level 1:colcon.colcon_core.package_identification:_identify(src/Autonomous_Navigation/matplotlib-cpp) by extensions ['ros']
[1.195s] Level 1:colcon.colcon_core.package_identification:_identify(src/Autonomous_Navigation/matplotlib-cpp) by extension 'ros'
[1.195s] Level 1:colcon.colcon_core.package_identification:_identify(src/Autonomous_Navigation/matplotlib-cpp) by extensions ['cmake', 'python']
[1.195s] Level 1:colcon.colcon_core.package_identification:_identify(src/Autonomous_Navigation/matplotlib-cpp) by extension 'cmake'
[1.198s] Level 1:colcon.colcon_core.package_identification:_identify(src/Autonomous_Navigation/matplotlib-cpp) by extension 'python'
[1.198s] DEBUG:colcon.colcon_core.package_identification:Package 'src/Autonomous_Navigation/matplotlib-cpp' with type 'cmake' and name 'matplotlib_cpp'
[1.198s] Level 1:colcon.colcon_core.package_identification:_identify(src/gazebo_ros_pkgs) by extensions ['ignore', 'ignore_ament_install']
[1.198s] Level 1:colcon.colcon_core.package_identification:_identify(src/gazebo_ros_pkgs) by extension 'ignore'
[1.198s] Level 1:colcon.colcon_core.package_identification:_identify(src/gazebo_ros_pkgs) by extension 'ignore_ament_install'
[1.198s] Level 1:colcon.colcon_core.package_identification:_identify(src/gazebo_ros_pkgs) by extensions ['colcon_pkg']
[1.198s] Level 1:colcon.colcon_core.package_identification:_identify(src/gazebo_ros_pkgs) by extension 'colcon_pkg'
[1.198s] Level 1:colcon.colcon_core.package_identification:_identify(src/gazebo_ros_pkgs) by extensions ['colcon_meta']
[1.198s] Level 1:colcon.colcon_core.package_identification:_identify(src/gazebo_ros_pkgs) by extension 'colcon_meta'
[1.198s] Level 1:colcon.colcon_core.package_identification:_identify(src/gazebo_ros_pkgs) by extensions ['ros']
[1.198s] Level 1:colcon.colcon_core.package_identification:_identify(src/gazebo_ros_pkgs) by extension 'ros'
[1.198s] Level 1:colcon.colcon_core.package_identification:_identify(src/gazebo_ros_pkgs) by extensions ['cmake', 'python']
[1.198s] Level 1:colcon.colcon_core.package_identification:_identify(src/gazebo_ros_pkgs) by extension 'cmake'
[1.198s] Level 1:colcon.colcon_core.package_identification:_identify(src/gazebo_ros_pkgs) by extension 'python'
[1.198s] Level 1:colcon.colcon_core.package_identification:_identify(src/gazebo_ros_pkgs) by extensions ['python_setup_py']
[1.198s] Level 1:colcon.colcon_core.package_identification:_identify(src/gazebo_ros_pkgs) by extension 'python_setup_py'
[1.199s] Level 1:colcon.colcon_core.package_identification:_identify(src/gazebo_ros_pkgs/gazebo_dev) by extensions ['ignore', 'ignore_ament_install']
[1.199s] Level 1:colcon.colcon_core.package_identification:_identify(src/gazebo_ros_pkgs/gazebo_dev) by extension 'ignore'
[1.199s] Level 1:colcon.colcon_core.package_identification:_identify(src/gazebo_ros_pkgs/gazebo_dev) by extension 'ignore_ament_install'
[1.199s] Level 1:colcon.colcon_core.package_identification:_identify(src/gazebo_ros_pkgs/gazebo_dev) by extensions ['colcon_pkg']
[1.199s] Level 1:colcon.colcon_core.package_identification:_identify(src/gazebo_ros_pkgs/gazebo_dev) by extension 'colcon_pkg'
[1.199s] Level 1:colcon.colcon_core.package_identification:_identify(src/gazebo_ros_pkgs/gazebo_dev) by extensions ['colcon_meta']
[1.199s] Level 1:colcon.colcon_core.package_identification:_identify(src/gazebo_ros_pkgs/gazebo_dev) by extension 'colcon_meta'
[1.199s] Level 1:colcon.colcon_core.package_identification:_identify(src/gazebo_ros_pkgs/gazebo_dev) by extensions ['ros']
[1.199s] Level 1:colcon.colcon_core.package_identification:_identify(src/gazebo_ros_pkgs/gazebo_dev) by extension 'ros'
[1.201s] DEBUG:colcon.colcon_core.package_identification:Package 'src/gazebo_ros_pkgs/gazebo_dev' with type 'ros.ament_cmake' and name 'gazebo_dev'
[1.201s] Level 1:colcon.colcon_core.package_identification:_identify(src/gazebo_ros_pkgs/gazebo_msgs) by extensions ['ignore', 'ignore_ament_install']
[1.202s] Level 1:colcon.colcon_core.package_identification:_identify(src/gazebo_ros_pkgs/gazebo_msgs) by extension 'ignore'
[1.202s] Level 1:colcon.colcon_core.package_identification:_identify(src/gazebo_ros_pkgs/gazebo_msgs) by extension 'ignore_ament_install'
[1.202s] Level 1:colcon.colcon_core.package_identification:_identify(src/gazebo_ros_pkgs/gazebo_msgs) by extensions ['colcon_pkg']
[1.202s] Level 1:colcon.colcon_core.package_identification:_identify(src/gazebo_ros_pkgs/gazebo_msgs) by extension 'colcon_pkg'
[1.202s] Level 1:colcon.colcon_core.package_identification:_identify(src/gazebo_ros_pkgs/gazebo_msgs) by extensions ['colcon_meta']
[1.202s] Level 1:colcon.colcon_core.package_identification:_identify(src/gazebo_ros_pkgs/gazebo_msgs) by extension 'colcon_meta'
[1.202s] Level 1:colcon.colcon_core.package_identification:_identify(src/gazebo_ros_pkgs/gazebo_msgs) by extensions ['ros']
[1.202s] Level 1:colcon.colcon_core.package_identification:_identify(src/gazebo_ros_pkgs/gazebo_msgs) by extension 'ros'
[1.202s] DEBUG:colcon.colcon_core.package_identification:Package 'src/gazebo_ros_pkgs/gazebo_msgs' with type 'ros.ament_cmake' and name 'gazebo_msgs'
[1.202s] Level 1:colcon.colcon_core.package_identification:_identify(src/gazebo_ros_pkgs/gazebo_plugins) by extensions ['ignore', 'ignore_ament_install']
[1.202s] Level 1:colcon.colcon_core.package_identification:_identify(src/gazebo_ros_pkgs/gazebo_plugins) by extension 'ignore'
[1.202s] Level 1:colcon.colcon_core.package_identification:_identify(src/gazebo_ros_pkgs/gazebo_plugins) by extension 'ignore_ament_install'
[1.202s] Level 1:colcon.colcon_core.package_identification:_identify(src/gazebo_ros_pkgs/gazebo_plugins) by extensions ['colcon_pkg']
[1.202s] Level 1:colcon.colcon_core.package_identification:_identify(src/gazebo_ros_pkgs/gazebo_plugins) by extension 'colcon_pkg'
[1.203s] Level 1:colcon.colcon_core.package_identification:_identify(src/gazebo_ros_pkgs/gazebo_plugins) by extensions ['colcon_meta']
[1.203s] Level 1:colcon.colcon_core.package_identification:_identify(src/gazebo_ros_pkgs/gazebo_plugins) by extension 'colcon_meta'
[1.203s] Level 1:colcon.colcon_core.package_identification:_identify(src/gazebo_ros_pkgs/gazebo_plugins) by extensions ['ros']
[1.203s] Level 1:colcon.colcon_core.package_identification:_identify(src/gazebo_ros_pkgs/gazebo_plugins) by extension 'ros'
[1.204s] DEBUG:colcon.colcon_core.package_identification:Package 'src/gazebo_ros_pkgs/gazebo_plugins' with type 'ros.ament_cmake' and name 'gazebo_plugins'
[1.204s] Level 1:colcon.colcon_core.package_identification:_identify(src/gazebo_ros_pkgs/gazebo_ros) by extensions ['ignore', 'ignore_ament_install']
[1.204s] Level 1:colcon.colcon_core.package_identification:_identify(src/gazebo_ros_pkgs/gazebo_ros) by extension 'ignore'
[1.204s] Level 1:colcon.colcon_core.package_identification:_identify(src/gazebo_ros_pkgs/gazebo_ros) by extension 'ignore_ament_install'
[1.204s] Level 1:colcon.colcon_core.package_identification:_identify(src/gazebo_ros_pkgs/gazebo_ros) by extensions ['colcon_pkg']
[1.204s] Level 1:colcon.colcon_core.package_identification:_identify(src/gazebo_ros_pkgs/gazebo_ros) by extension 'colcon_pkg'
[1.205s] Level 1:colcon.colcon_core.package_identification:_identify(src/gazebo_ros_pkgs/gazebo_ros) by extensions ['colcon_meta']
[1.205s] Level 1:colcon.colcon_core.package_identification:_identify(src/gazebo_ros_pkgs/gazebo_ros) by extension 'colcon_meta'
[1.205s] Level 1:colcon.colcon_core.package_identification:_identify(src/gazebo_ros_pkgs/gazebo_ros) by extensions ['ros']
[1.205s] Level 1:colcon.colcon_core.package_identification:_identify(src/gazebo_ros_pkgs/gazebo_ros) by extension 'ros'
[1.206s] DEBUG:colcon.colcon_core.package_identification:Package 'src/gazebo_ros_pkgs/gazebo_ros' with type 'ros.ament_cmake' and name 'gazebo_ros'
[1.206s] Level 1:colcon.colcon_core.package_identification:_identify(src/gazebo_ros_pkgs/gazebo_ros_control) by extensions ['ignore', 'ignore_ament_install']
[1.206s] Level 1:colcon.colcon_core.package_identification:_identify(src/gazebo_ros_pkgs/gazebo_ros_control) by extension 'ignore'
[1.206s] Level 1:colcon.colcon_core.package_identification:_identify(src/gazebo_ros_pkgs/gazebo_ros_control) by extension 'ignore_ament_install'
[1.206s] Level 1:colcon.colcon_core.package_identification:_identify(src/gazebo_ros_pkgs/gazebo_ros_control) by extensions ['colcon_pkg']
[1.206s] Level 1:colcon.colcon_core.package_identification:_identify(src/gazebo_ros_pkgs/gazebo_ros_control) by extension 'colcon_pkg'
[1.206s] Level 1:colcon.colcon_core.package_identification:_identify(src/gazebo_ros_pkgs/gazebo_ros_control) by extensions ['colcon_meta']
[1.206s] Level 1:colcon.colcon_core.package_identification:_identify(src/gazebo_ros_pkgs/gazebo_ros_control) by extension 'colcon_meta'
[1.206s] Level 1:colcon.colcon_core.package_identification:_identify(src/gazebo_ros_pkgs/gazebo_ros_control) by extensions ['ros']
[1.206s] Level 1:colcon.colcon_core.package_identification:_identify(src/gazebo_ros_pkgs/gazebo_ros_control) by extension 'ros'
[1.206s] Level 1:colcon.colcon_core.package_identification:_identify(src/gazebo_ros_pkgs/gazebo_ros_control) by extensions ['cmake', 'python']
[1.206s] Level 1:colcon.colcon_core.package_identification:_identify(src/gazebo_ros_pkgs/gazebo_ros_control) by extension 'cmake'
[1.206s] Level 1:colcon.colcon_core.package_identification:_identify(src/gazebo_ros_pkgs/gazebo_ros_control) by extension 'python'
[1.206s] Level 1:colcon.colcon_core.package_identification:_identify(src/gazebo_ros_pkgs/gazebo_ros_control) by extensions ['python_setup_py']
[1.206s] Level 1:colcon.colcon_core.package_identification:_identify(src/gazebo_ros_pkgs/gazebo_ros_control) by extension 'python_setup_py'
[1.207s] Level 1:colcon.colcon_core.package_identification:_identify(src/gazebo_ros_pkgs/gazebo_ros_pkgs) by extensions ['ignore', 'ignore_ament_install']
[1.207s] Level 1:colcon.colcon_core.package_identification:_identify(src/gazebo_ros_pkgs/gazebo_ros_pkgs) by extension 'ignore'
[1.207s] Level 1:colcon.colcon_core.package_identification:_identify(src/gazebo_ros_pkgs/gazebo_ros_pkgs) by extension 'ignore_ament_install'
[1.207s] Level 1:colcon.colcon_core.package_identification:_identify(src/gazebo_ros_pkgs/gazebo_ros_pkgs) by extensions ['colcon_pkg']
[1.207s] Level 1:colcon.colcon_core.package_identification:_identify(src/gazebo_ros_pkgs/gazebo_ros_pkgs) by extension 'colcon_pkg'
[1.207s] Level 1:colcon.colcon_core.package_identification:_identify(src/gazebo_ros_pkgs/gazebo_ros_pkgs) by extensions ['colcon_meta']
[1.207s] Level 1:colcon.colcon_core.package_identification:_identify(src/gazebo_ros_pkgs/gazebo_ros_pkgs) by extension 'colcon_meta'
[1.207s] Level 1:colcon.colcon_core.package_identification:_identify(src/gazebo_ros_pkgs/gazebo_ros_pkgs) by extensions ['ros']
[1.207s] Level 1:colcon.colcon_core.package_identification:_identify(src/gazebo_ros_pkgs/gazebo_ros_pkgs) by extension 'ros'
[1.207s] DEBUG:colcon.colcon_core.package_identification:Package 'src/gazebo_ros_pkgs/gazebo_ros_pkgs' with type 'ros.ament_cmake' and name 'gazebo_ros_pkgs'
[1.208s] Level 1:colcon.colcon_core.package_identification:_identify(src/urdf) by extensions ['ignore', 'ignore_ament_install']
[1.208s] Level 1:colcon.colcon_core.package_identification:_identify(src/urdf) by extension 'ignore'
[1.208s] Level 1:colcon.colcon_core.package_identification:_identify(src/urdf) by extension 'ignore_ament_install'
[1.208s] Level 1:colcon.colcon_core.package_identification:_identify(src/urdf) by extensions ['colcon_pkg']
[1.208s] Level 1:colcon.colcon_core.package_identification:_identify(src/urdf) by extension 'colcon_pkg'
[1.208s] Level 1:colcon.colcon_core.package_identification:_identify(src/urdf) by extensions ['colcon_meta']
[1.208s] Level 1:colcon.colcon_core.package_identification:_identify(src/urdf) by extension 'colcon_meta'
[1.208s] Level 1:colcon.colcon_core.package_identification:_identify(src/urdf) by extensions ['ros']
[1.208s] Level 1:colcon.colcon_core.package_identification:_identify(src/urdf) by extension 'ros'
[1.208s] Level 1:colcon.colcon_core.package_identification:_identify(src/urdf) by extensions ['cmake', 'python']
[1.208s] Level 1:colcon.colcon_core.package_identification:_identify(src/urdf) by extension 'cmake'
[1.208s] Level 1:colcon.colcon_core.package_identification:_identify(src/urdf) by extension 'python'
[1.208s] Level 1:colcon.colcon_core.package_identification:_identify(src/urdf) by extensions ['python_setup_py']
[1.208s] Level 1:colcon.colcon_core.package_identification:_identify(src/urdf) by extension 'python_setup_py'
[1.209s] Level 1:colcon.colcon_core.package_identification:_identify(src/urdf/meshes) by extensions ['ignore', 'ignore_ament_install']
[1.209s] Level 1:colcon.colcon_core.package_identification:_identify(src/urdf/meshes) by extension 'ignore'
[1.209s] Level 1:colcon.colcon_core.package_identification:_identify(src/urdf/meshes) by extension 'ignore_ament_install'
[1.209s] Level 1:colcon.colcon_core.package_identification:_identify(src/urdf/meshes) by extensions ['colcon_pkg']
[1.209s] Level 1:colcon.colcon_core.package_identification:_identify(src/urdf/meshes) by extension 'colcon_pkg'
[1.209s] Level 1:colcon.colcon_core.package_identification:_identify(src/urdf/meshes) by extensions ['colcon_meta']
[1.209s] Level 1:colcon.colcon_core.package_identification:_identify(src/urdf/meshes) by extension 'colcon_meta'
[1.209s] Level 1:colcon.colcon_core.package_identification:_identify(src/urdf/meshes) by extensions ['ros']
[1.209s] Level 1:colcon.colcon_core.package_identification:_identify(src/urdf/meshes) by extension 'ros'
[1.209s] Level 1:colcon.colcon_core.package_identification:_identify(src/urdf/meshes) by extensions ['cmake', 'python']
[1.209s] Level 1:colcon.colcon_core.package_identification:_identify(src/urdf/meshes) by extension 'cmake'
[1.209s] Level 1:colcon.colcon_core.package_identification:_identify(src/urdf/meshes) by extension 'python'
[1.209s] Level 1:colcon.colcon_core.package_identification:_identify(src/urdf/meshes) by extensions ['python_setup_py']
[1.209s] Level 1:colcon.colcon_core.package_identification:_identify(src/urdf/meshes) by extension 'python_setup_py'
[1.209s] Level 1:colcon.colcon_core.package_identification:_identify(src/urdf/meshes/sus) by extensions ['ignore', 'ignore_ament_install']
[1.209s] Level 1:colcon.colcon_core.package_identification:_identify(src/urdf/meshes/sus) by extension 'ignore'
[1.209s] Level 1:colcon.colcon_core.package_identification:_identify(src/urdf/meshes/sus) by extension 'ignore_ament_install'
[1.209s] Level 1:colcon.colcon_core.package_identification:_identify(src/urdf/meshes/sus) by extensions ['colcon_pkg']
[1.209s] Level 1:colcon.colcon_core.package_identification:_identify(src/urdf/meshes/sus) by extension 'colcon_pkg'
[1.209s] Level 1:colcon.colcon_core.package_identification:_identify(src/urdf/meshes/sus) by extensions ['colcon_meta']
[1.209s] Level 1:colcon.colcon_core.package_identification:_identify(src/urdf/meshes/sus) by extension 'colcon_meta'
[1.209s] Level 1:colcon.colcon_core.package_identification:_identify(src/urdf/meshes/sus) by extensions ['ros']
[1.209s] Level 1:colcon.colcon_core.package_identification:_identify(src/urdf/meshes/sus) by extension 'ros'
[1.209s] Level 1:colcon.colcon_core.package_identification:_identify(src/urdf/meshes/sus) by extensions ['cmake', 'python']
[1.209s] Level 1:colcon.colcon_core.package_identification:_identify(src/urdf/meshes/sus) by extension 'cmake'
[1.209s] Level 1:colcon.colcon_core.package_identification:_identify(src/urdf/meshes/sus) by extension 'python'
[1.209s] Level 1:colcon.colcon_core.package_identification:_identify(src/urdf/meshes/sus) by extensions ['python_setup_py']
[1.209s] Level 1:colcon.colcon_core.package_identification:_identify(src/urdf/meshes/sus) by extension 'python_setup_py'
[1.209s] Level 1:colcon.colcon_core.package_discovery:discover_packages(recursive) using defaults
[1.209s] Level 1:colcon.colcon_core.package_discovery:discover_packages(ignore) discover
[1.209s] Level 1:colcon.colcon_core.package_discovery:discover_packages(ignore) using defaults
[1.209s] Level 1:colcon.colcon_core.package_discovery:discover_packages(path) discover
[1.209s] Level 1:colcon.colcon_core.package_discovery:discover_packages(path) using defaults
[1.246s] INFO:colcon.colcon_metadata.metadata.colcon_pkg:Updating descriptor of package 'src/gazebo_ros_pkgs/gazebo_dev' from colcon.pkg: {'dependencies': ['Gazebo']}
[1.246s] INFO:colcon.colcon_metadata.metadata.colcon_pkg:Updating descriptor of package 'src/gazebo_ros_pkgs/gazebo_ros' from colcon.pkg: {'dependencies': ['Gazebo']}
[1.246s] INFO:colcon.colcon_metadata.metadata.colcon_pkg:Updating descriptor of package 'src/gazebo_ros_pkgs/gazebo_plugins' from colcon.pkg: {'dependencies': ['Gazebo']}
[1.267s] Level 1:colcon.colcon_core.package_discovery:discover_packages(prefix_path) check parameters
[1.267s] Level 1:colcon.colcon_core.package_discovery:discover_packages(prefix_path) discover
[1.283s] DEBUG:colcon.colcon_installed_package_information.package_discovery:Found 283 installed packages in /opt/ros/iron
[1.284s] Level 1:colcon.colcon_core.package_discovery:discover_packages(prefix_path) using defaults
[1.327s] Level 5:colcon.colcon_core.verb:set package 'gazebo_dev' build argument 'cmake_args' from command line to 'None'
[1.327s] Level 5:colcon.colcon_core.verb:set package 'gazebo_dev' build argument 'cmake_target' from command line to 'None'
[1.327s] Level 5:colcon.colcon_core.verb:set package 'gazebo_dev' build argument 'cmake_target_skip_unavailable' from command line to 'False'
[1.327s] Level 5:colcon.colcon_core.verb:set package 'gazebo_dev' build argument 'cmake_clean_cache' from command line to 'False'
[1.327s] Level 5:colcon.colcon_core.verb:set package 'gazebo_dev' build argument 'cmake_clean_first' from command line to 'False'
[1.327s] Level 5:colcon.colcon_core.verb:set package 'gazebo_dev' build argument 'cmake_force_configure' from command line to 'False'
[1.327s] Level 5:colcon.colcon_core.verb:set package 'gazebo_dev' build argument 'ament_cmake_args' from command line to 'None'
[1.327s] Level 5:colcon.colcon_core.verb:set package 'gazebo_dev' build argument 'catkin_cmake_args' from command line to 'None'
[1.327s] Level 5:colcon.colcon_core.verb:set package 'gazebo_dev' build argument 'catkin_skip_building_tests' from command line to 'False'
[1.328s] DEBUG:colcon.colcon_core.verb:Building package 'gazebo_dev' with the following arguments: {'ament_cmake_args': None, 'build_base': '/home/tejasmk-tkp/Documents/Rudra/Interdomain/Rover/build/gazebo_dev', 'catkin_cmake_args': None, 'catkin_skip_building_tests': False, 'cmake_args': None, 'cmake_clean_cache': False, 'cmake_clean_first': False, 'cmake_force_configure': False, 'cmake_target': None, 'cmake_target_skip_unavailable': False, 'install_base': '/home/tejasmk-tkp/Documents/Rudra/Interdomain/Rover/install/gazebo_dev', 'merge_install': False, 'path': '/home/tejasmk-tkp/Documents/Rudra/Interdomain/Rover/src/gazebo_ros_pkgs/gazebo_dev', 'symlink_install': False, 'test_result_base': None}
[1.334s] Level 5:colcon.colcon_core.verb:set package 'gazebo_msgs' build argument 'cmake_args' from command line to 'None'
[1.334s] Level 5:colcon.colcon_core.verb:set package 'gazebo_msgs' build argument 'cmake_target' from command line to 'None'
[1.334s] Level 5:colcon.colcon_core.verb:set package 'gazebo_msgs' build argument 'cmake_target_skip_unavailable' from command line to 'False'
[1.334s] Level 5:colcon.colcon_core.verb:set package 'gazebo_msgs' build argument 'cmake_clean_cache' from command line to 'False'
[1.334s] Level 5:colcon.colcon_core.verb:set package 'gazebo_msgs' build argument 'cmake_clean_first' from command line to 'False'
[1.334s] Level 5:colcon.colcon_core.verb:set package 'gazebo_msgs' build argument 'cmake_force_configure' from command line to 'False'
[1.334s] Level 5:colcon.colcon_core.verb:set package 'gazebo_msgs' build argument 'ament_cmake_args' from command line to 'None'
[1.334s] Level 5:colcon.colcon_core.verb:set package 'gazebo_msgs' build argument 'catkin_cmake_args' from command line to 'None'
[1.334s] Level 5:colcon.colcon_core.verb:set package 'gazebo_msgs' build argument 'catkin_skip_building_tests' from command line to 'False'
[1.334s] DEBUG:colcon.colcon_core.verb:Building package 'gazebo_msgs' with the following arguments: {'ament_cmake_args': None, 'build_base': '/home/tejasmk-tkp/Documents/Rudra/Interdomain/Rover/build/gazebo_msgs', 'catkin_cmake_args': None, 'catkin_skip_building_tests': False, 'cmake_args': None, 'cmake_clean_cache': False, 'cmake_clean_first': False, 'cmake_force_configure': False, 'cmake_target': None, 'cmake_target_skip_unavailable': False, 'install_base': '/home/tejasmk-tkp/Documents/Rudra/Interdomain/Rover/install/gazebo_msgs', 'merge_install': False, 'path': '/home/tejasmk-tkp/Documents/Rudra/Interdomain/Rover/src/gazebo_ros_pkgs/gazebo_msgs', 'symlink_install': False, 'test_result_base': None}
[1.340s] Level 5:colcon.colcon_core.verb:set package 'matplotlib_cpp' build argument 'cmake_args' from command line to 'None'
[1.340s] Level 5:colcon.colcon_core.verb:set package 'matplotlib_cpp' build argument 'cmake_target' from command line to 'None'
[1.340s] Level 5:colcon.colcon_core.verb:set package 'matplotlib_cpp' build argument 'cmake_target_skip_unavailable' from command line to 'False'
[1.340s] Level 5:colcon.colcon_core.verb:set package 'matplotlib_cpp' build argument 'cmake_clean_cache' from command line to 'False'
[1.340s] Level 5:colcon.colcon_core.verb:set package 'matplotlib_cpp' build argument 'cmake_clean_first' from command line to 'False'
[1.340s] Level 5:colcon.colcon_core.verb:set package 'matplotlib_cpp' build argument 'cmake_force_configure' from command line to 'False'
[1.340s] Level 5:colcon.colcon_core.verb:set package 'matplotlib_cpp' build argument 'ament_cmake_args' from command line to 'None'
[1.340s] Level 5:colcon.colcon_core.verb:set package 'matplotlib_cpp' build argument 'catkin_cmake_args' from command line to 'None'
[1.340s] Level 5:colcon.colcon_core.verb:set package 'matplotlib_cpp' build argument 'catkin_skip_building_tests' from command line to 'False'
[1.340s] DEBUG:colcon.colcon_core.verb:Building package 'matplotlib_cpp' with the following arguments: {'ament_cmake_args': None, 'build_base': '/home/tejasmk-tkp/Documents/Rudra/Interdomain/Rover/build/matplotlib_cpp', 'catkin_cmake_args': None, 'catkin_skip_building_tests': False, 'cmake_args': None, 'cmake_clean_cache': False, 'cmake_clean_first': False, 'cmake_force_configure': False, 'cmake_target': None, 'cmake_target_skip_unavailable': False, 'install_base': '/home/tejasmk-tkp/Documents/Rudra/Interdomain/Rover/install/matplotlib_cpp', 'merge_install': False, 'path': '/home/tejasmk-tkp/Documents/Rudra/Interdomain/Rover/src/Autonomous_Navigation/matplotlib-cpp', 'symlink_install': False, 'test_result_base': None}
[1.347s] Level 5:colcon.colcon_core.verb:set package 'gazebo_ros' build argument 'cmake_args' from command line to 'None'
[1.347s] Level 5:colcon.colcon_core.verb:set package 'gazebo_ros' build argument 'cmake_target' from command line to 'None'
[1.347s] Level 5:colcon.colcon_core.verb:set package 'gazebo_ros' build argument 'cmake_target_skip_unavailable' from command line to 'False'
[1.347s] Level 5:colcon.colcon_core.verb:set package 'gazebo_ros' build argument 'cmake_clean_cache' from command line to 'False'
[1.347s] Level 5:colcon.colcon_core.verb:set package 'gazebo_ros' build argument 'cmake_clean_first' from command line to 'False'
[1.347s] Level 5:colcon.colcon_core.verb:set package 'gazebo_ros' build argument 'cmake_force_configure' from command line to 'False'
[1.347s] Level 5:colcon.colcon_core.verb:set package 'gazebo_ros' build argument 'ament_cmake_args' from command line to 'None'
[1.347s] Level 5:colcon.colcon_core.verb:set package 'gazebo_ros' build argument 'catkin_cmake_args' from command line to 'None'
[1.347s] Level 5:colcon.colcon_core.verb:set package 'gazebo_ros' build argument 'catkin_skip_building_tests' from command line to 'False'
[1.347s] DEBUG:colcon.colcon_core.verb:Building package 'gazebo_ros' with the following arguments: {'ament_cmake_args': None, 'build_base': '/home/tejasmk-tkp/Documents/Rudra/Interdomain/Rover/build/gazebo_ros', 'catkin_cmake_args': None, 'catkin_skip_building_tests': False, 'cmake_args': None, 'cmake_clean_cache': False, 'cmake_clean_first': False, 'cmake_force_configure': False, 'cmake_target': None, 'cmake_target_skip_unavailable': False, 'install_base': '/home/tejasmk-tkp/Documents/Rudra/Interdomain/Rover/install/gazebo_ros', 'merge_install': False, 'path': '/home/tejasmk-tkp/Documents/Rudra/Interdomain/Rover/src/gazebo_ros_pkgs/gazebo_ros', 'symlink_install': False, 'test_result_base': None}
[1.353s] Level 5:colcon.colcon_core.verb:set package 'gazebo_plugins' build argument 'cmake_args' from command line to 'None'
[1.353s] Level 5:colcon.colcon_core.verb:set package 'gazebo_plugins' build argument 'cmake_target' from command line to 'None'
[1.353s] Level 5:colcon.colcon_core.verb:set package 'gazebo_plugins' build argument 'cmake_target_skip_unavailable' from command line to 'False'
[1.353s] Level 5:colcon.colcon_core.verb:set package 'gazebo_plugins' build argument 'cmake_clean_cache' from command line to 'False'
[1.353s] Level 5:colcon.colcon_core.verb:set package 'gazebo_plugins' build argument 'cmake_clean_first' from command line to 'False'
[1.353s] Level 5:colcon.colcon_core.verb:set package 'gazebo_plugins' build argument 'cmake_force_configure' from command line to 'False'
[1.353s] Level 5:colcon.colcon_core.verb:set package 'gazebo_plugins' build argument 'ament_cmake_args' from command line to 'None'
[1.353s] Level 5:colcon.colcon_core.verb:set package 'gazebo_plugins' build argument 'catkin_cmake_args' from command line to 'None'
[1.353s] Level 5:colcon.colcon_core.verb:set package 'gazebo_plugins' build argument 'catkin_skip_building_tests' from command line to 'False'
[1.353s] DEBUG:colcon.colcon_core.verb:Building package 'gazebo_plugins' with the following arguments: {'ament_cmake_args': None, 'build_base': '/home/tejasmk-tkp/Documents/Rudra/Interdomain/Rover/build/gazebo_plugins', 'catkin_cmake_args': None, 'catkin_skip_building_tests': False, 'cmake_args': None, 'cmake_clean_cache': False, 'cmake_clean_first': False, 'cmake_force_configure': False, 'cmake_target': None, 'cmake_target_skip_unavailable': False, 'install_base': '/home/tejasmk-tkp/Documents/Rudra/Interdomain/Rover/install/gazebo_plugins', 'merge_install': False, 'path': '/home/tejasmk-tkp/Documents/Rudra/Interdomain/Rover/src/gazebo_ros_pkgs/gazebo_plugins', 'symlink_install': False, 'test_result_base': None}
[1.360s] Level 5:colcon.colcon_core.verb:set package 'gazebo_ros_pkgs' build argument 'cmake_args' from command line to 'None'
[1.360s] Level 5:colcon.colcon_core.verb:set package 'gazebo_ros_pkgs' build argument 'cmake_target' from command line to 'None'
[1.360s] Level 5:colcon.colcon_core.verb:set package 'gazebo_ros_pkgs' build argument 'cmake_target_skip_unavailable' from command line to 'False'
[1.360s] Level 5:colcon.colcon_core.verb:set package 'gazebo_ros_pkgs' build argument 'cmake_clean_cache' from command line to 'False'
[1.360s] Level 5:colcon.colcon_core.verb:set package 'gazebo_ros_pkgs' build argument 'cmake_clean_first' from command line to 'False'
[1.360s] Level 5:colcon.colcon_core.verb:set package 'gazebo_ros_pkgs' build argument 'cmake_force_configure' from command line to 'False'
[1.360s] Level 5:colcon.colcon_core.verb:set package 'gazebo_ros_pkgs' build argument 'ament_cmake_args' from command line to 'None'
[1.360s] Level 5:colcon.colcon_core.verb:set package 'gazebo_ros_pkgs' build argument 'catkin_cmake_args' from command line to 'None'
[1.360s] Level 5:colcon.colcon_core.verb:set package 'gazebo_ros_pkgs' build argument 'catkin_skip_building_tests' from command line to 'False'
[1.360s] DEBUG:colcon.colcon_core.verb:Building package 'gazebo_ros_pkgs' with the following arguments: {'ament_cmake_args': None, 'build_base': '/home/tejasmk-tkp/Documents/Rudra/Interdomain/Rover/build/gazebo_ros_pkgs', 'catkin_cmake_args': None, 'catkin_skip_building_tests': False, 'cmake_args': None, 'cmake_clean_cache': False, 'cmake_clean_first': False, 'cmake_force_configure': False, 'cmake_target': None, 'cmake_target_skip_unavailable': False, 'install_base': '/home/tejasmk-tkp/Documents/Rudra/Interdomain/Rover/install/gazebo_ros_pkgs', 'merge_install': False, 'path': '/home/tejasmk-tkp/Documents/Rudra/Interdomain/Rover/src/gazebo_ros_pkgs/gazebo_ros_pkgs', 'symlink_install': False, 'test_result_base': None}
[1.366s] INFO:colcon.colcon_core.executor:Executing jobs using 'parallel' executor
[1.373s] DEBUG:colcon.colcon_parallel_executor.executor.parallel:run_until_complete
[1.373s] INFO:colcon.colcon_ros.task.ament_cmake.build:Building ROS package in '/home/tejasmk-tkp/Documents/Rudra/Interdomain/Rover/src/gazebo_ros_pkgs/gazebo_dev' with build type 'ament_cmake'
[1.373s] INFO:colcon.colcon_cmake.task.cmake.build:Building CMake package in '/home/tejasmk-tkp/Documents/Rudra/Interdomain/Rover/src/gazebo_ros_pkgs/gazebo_dev'
[1.387s] INFO:colcon.colcon_core.plugin_system:Skipping extension 'colcon_core.shell.bat': Not used on non-Windows systems
[1.387s] INFO:colcon.colcon_core.shell:Skip shell extension 'powershell' for command environment: Not usable outside of PowerShell
[1.387s] DEBUG:colcon.colcon_core.shell:Skip shell extension 'dsv' for command environment
[1.402s] INFO:colcon.colcon_ros.task.ament_cmake.build:Building ROS package in '/home/tejasmk-tkp/Documents/Rudra/Interdomain/Rover/src/gazebo_ros_pkgs/gazebo_msgs' with build type 'ament_cmake'
[1.403s] INFO:colcon.colcon_cmake.task.cmake.build:Building CMake package in '/home/tejasmk-tkp/Documents/Rudra/Interdomain/Rover/src/gazebo_ros_pkgs/gazebo_msgs'
[1.409s] INFO:colcon.colcon_core.shell:Skip shell extension 'powershell' for command environment: Not usable outside of PowerShell
[1.409s] DEBUG:colcon.colcon_core.shell:Skip shell extension 'dsv' for command environment
[1.423s] INFO:colcon.colcon_cmake.task.cmake.build:Building CMake package in '/home/tejasmk-tkp/Documents/Rudra/Interdomain/Rover/src/Autonomous_Navigation/matplotlib-cpp'
[1.430s] INFO:colcon.colcon_core.shell:Skip shell extension 'powershell' for command environment: Not usable outside of PowerShell
[1.430s] DEBUG:colcon.colcon_core.shell:Skip shell extension 'dsv' for command environment
[1.446s] DEBUG:colcon.colcon_core.event_handler.log_command:Invoking command in '/home/tejasmk-tkp/Documents/Rudra/Interdomain/Rover/build/gazebo_dev': CMAKE_PREFIX_PATH=/opt/ros/iron CONDA_PROMPT_MODIFIER=(rover_andes) /usr/bin/cmake --build /home/tejasmk-tkp/Documents/Rudra/Interdomain/Rover/build/gazebo_dev -- -j16 -l16
[1.452s] DEBUG:colcon.colcon_core.event_handler.log_command:Invoking command in '/home/tejasmk-tkp/Documents/Rudra/Interdomain/Rover/build/gazebo_msgs': CMAKE_PREFIX_PATH=/opt/ros/iron CONDA_PROMPT_MODIFIER=(rover_andes) /usr/bin/cmake --build /home/tejasmk-tkp/Documents/Rudra/Interdomain/Rover/build/gazebo_msgs -- -j16 -l16
[1.453s] DEBUG:colcon.colcon_core.event_handler.log_command:Invoking command in '/home/tejasmk-tkp/Documents/Rudra/Interdomain/Rover/build/matplotlib_cpp': CONDA_PROMPT_MODIFIER=(rover_andes) /usr/bin/cmake --build /home/tejasmk-tkp/Documents/Rudra/Interdomain/Rover/build/matplotlib_cpp -- -j16 -l16
[1.532s] DEBUG:colcon.colcon_core.event_handler.log_command:Invoked command in '/home/tejasmk-tkp/Documents/Rudra/Interdomain/Rover/build/gazebo_dev' returned '0': CMAKE_PREFIX_PATH=/opt/ros/iron CONDA_PROMPT_MODIFIER=(rover_andes) /usr/bin/cmake --build /home/tejasmk-tkp/Documents/Rudra/Interdomain/Rover/build/gazebo_dev -- -j16 -l16
[1.555s] DEBUG:colcon.colcon_core.event_handler.log_command:Invoking command in '/home/tejasmk-tkp/Documents/Rudra/Interdomain/Rover/build/gazebo_dev': CMAKE_PREFIX_PATH=/opt/ros/iron CONDA_PROMPT_MODIFIER=(rover_andes) /usr/bin/cmake --install /home/tejasmk-tkp/Documents/Rudra/Interdomain/Rover/build/gazebo_dev
[1.565s] Level 1:colcon.colcon_core.environment:create_environment_scripts_only(gazebo_dev)
[1.566s] DEBUG:colcon.colcon_core.event_handler.log_command:Invoked command in '/home/tejasmk-tkp/Documents/Rudra/Interdomain/Rover/build/gazebo_dev' returned '0': CMAKE_PREFIX_PATH=/opt/ros/iron CONDA_PROMPT_MODIFIER=(rover_andes) /usr/bin/cmake --install /home/tejasmk-tkp/Documents/Rudra/Interdomain/Rover/build/gazebo_dev
[1.588s] Level 1:colcon.colcon_core.environment:checking '/home/tejasmk-tkp/Documents/Rudra/Interdomain/Rover/install/gazebo_dev' for CMake module files
[1.588s] Level 1:colcon.colcon_core.environment:checking '/home/tejasmk-tkp/Documents/Rudra/Interdomain/Rover/install/gazebo_dev' for CMake config files
[1.589s] Level 1:colcon.colcon_core.shell:create_environment_hook('gazebo_dev', 'cmake_prefix_path')
[1.598s] INFO:colcon.colcon_core.shell:Creating environment hook '/home/tejasmk-tkp/Documents/Rudra/Interdomain/Rover/install/gazebo_dev/share/gazebo_dev/hook/cmake_prefix_path.ps1'
[1.600s] INFO:colcon.colcon_core.shell:Creating environment descriptor '/home/tejasmk-tkp/Documents/Rudra/Interdomain/Rover/install/gazebo_dev/share/gazebo_dev/hook/cmake_prefix_path.dsv'
[1.600s] INFO:colcon.colcon_core.shell:Creating environment hook '/home/tejasmk-tkp/Documents/Rudra/Interdomain/Rover/install/gazebo_dev/share/gazebo_dev/hook/cmake_prefix_path.sh'
[1.601s] Level 1:colcon.colcon_core.environment:checking '/home/tejasmk-tkp/Documents/Rudra/Interdomain/Rover/install/gazebo_dev/bin'
[1.601s] Level 1:colcon.colcon_core.environment:checking '/home/tejasmk-tkp/Documents/Rudra/Interdomain/Rover/install/gazebo_dev/lib/pkgconfig/gazebo_dev.pc'
[1.601s] Level 1:colcon.colcon_core.environment:checking '/home/tejasmk-tkp/Documents/Rudra/Interdomain/Rover/install/gazebo_dev/lib/python3.10/site-packages'
[1.601s] Level 1:colcon.colcon_core.environment:checking '/home/tejasmk-tkp/Documents/Rudra/Interdomain/Rover/install/gazebo_dev/bin'
[1.609s] INFO:colcon.colcon_core.shell:Creating package script '/home/tejasmk-tkp/Documents/Rudra/Interdomain/Rover/install/gazebo_dev/share/gazebo_dev/package.ps1'
[1.610s] INFO:colcon.colcon_core.shell:Creating package descriptor '/home/tejasmk-tkp/Documents/Rudra/Interdomain/Rover/install/gazebo_dev/share/gazebo_dev/package.dsv'
[1.611s] INFO:colcon.colcon_core.shell:Creating package script '/home/tejasmk-tkp/Documents/Rudra/Interdomain/Rover/install/gazebo_dev/share/gazebo_dev/package.sh'
[1.611s] INFO:colcon.colcon_core.shell:Creating package script '/home/tejasmk-tkp/Documents/Rudra/Interdomain/Rover/install/gazebo_dev/share/gazebo_dev/package.bash'
[1.612s] INFO:colcon.colcon_core.shell:Creating package script '/home/tejasmk-tkp/Documents/Rudra/Interdomain/Rover/install/gazebo_dev/share/gazebo_dev/package.zsh'
[1.614s] Level 1:colcon.colcon_core.environment:create_file_with_runtime_dependencies(/home/tejasmk-tkp/Documents/Rudra/Interdomain/Rover/install/gazebo_dev/share/colcon-core/packages/gazebo_dev)
[1.616s] DEBUG:colcon.colcon_core.event_handler.log_command:Invoked command in '/home/tejasmk-tkp/Documents/Rudra/Interdomain/Rover/build/matplotlib_cpp' returned '0': CONDA_PROMPT_MODIFIER=(rover_andes) /usr/bin/cmake --build /home/tejasmk-tkp/Documents/Rudra/Interdomain/Rover/build/matplotlib_cpp -- -j16 -l16
[1.632s] Level 1:colcon.colcon_core.environment:create_environment_scripts_only(gazebo_dev)
[1.641s] Level 1:colcon.colcon_core.environment:checking '/home/tejasmk-tkp/Documents/Rudra/Interdomain/Rover/install/gazebo_dev' for CMake module files
[1.641s] Level 1:colcon.colcon_core.environment:checking '/home/tejasmk-tkp/Documents/Rudra/Interdomain/Rover/install/gazebo_dev' for CMake config files
[1.641s] Level 1:colcon.colcon_core.shell:create_environment_hook('gazebo_dev', 'cmake_prefix_path')
[1.649s] INFO:colcon.colcon_core.shell:Creating environment hook '/home/tejasmk-tkp/Documents/Rudra/Interdomain/Rover/install/gazebo_dev/share/gazebo_dev/hook/cmake_prefix_path.ps1'
[1.650s] INFO:colcon.colcon_core.shell:Creating environment descriptor '/home/tejasmk-tkp/Documents/Rudra/Interdomain/Rover/install/gazebo_dev/share/gazebo_dev/hook/cmake_prefix_path.dsv'
[1.650s] INFO:colcon.colcon_core.shell:Creating environment hook '/home/tejasmk-tkp/Documents/Rudra/Interdomain/Rover/install/gazebo_dev/share/gazebo_dev/hook/cmake_prefix_path.sh'
[1.650s] Level 1:colcon.colcon_core.environment:checking '/home/tejasmk-tkp/Documents/Rudra/Interdomain/Rover/install/gazebo_dev/bin'
[1.650s] Level 1:colcon.colcon_core.environment:checking '/home/tejasmk-tkp/Documents/Rudra/Interdomain/Rover/install/gazebo_dev/lib/pkgconfig/gazebo_dev.pc'
[1.651s] Level 1:colcon.colcon_core.environment:checking '/home/tejasmk-tkp/Documents/Rudra/Interdomain/Rover/install/gazebo_dev/lib/python3.10/site-packages'
[1.651s] Level 1:colcon.colcon_core.environment:checking '/home/tejasmk-tkp/Documents/Rudra/Interdomain/Rover/install/gazebo_dev/bin'
[1.659s] INFO:colcon.colcon_core.shell:Creating package script '/home/tejasmk-tkp/Documents/Rudra/Interdomain/Rover/install/gazebo_dev/share/gazebo_dev/package.ps1'
[1.659s] INFO:colcon.colcon_core.shell:Creating package descriptor '/home/tejasmk-tkp/Documents/Rudra/Interdomain/Rover/install/gazebo_dev/share/gazebo_dev/package.dsv'
[1.659s] INFO:colcon.colcon_core.shell:Creating package script '/home/tejasmk-tkp/Documents/Rudra/Interdomain/Rover/install/gazebo_dev/share/gazebo_dev/package.sh'
[1.659s] INFO:colcon.colcon_core.shell:Creating package script '/home/tejasmk-tkp/Documents/Rudra/Interdomain/Rover/install/gazebo_dev/share/gazebo_dev/package.bash'
[1.660s] INFO:colcon.colcon_core.shell:Creating package script '/home/tejasmk-tkp/Documents/Rudra/Interdomain/Rover/install/gazebo_dev/share/gazebo_dev/package.zsh'
[1.660s] Level 1:colcon.colcon_core.environment:create_file_with_runtime_dependencies(/home/tejasmk-tkp/Documents/Rudra/Interdomain/Rover/install/gazebo_dev/share/colcon-core/packages/gazebo_dev)
[1.662s] DEBUG:colcon.colcon_core.event_handler.log_command:Invoking command in '/home/tejasmk-tkp/Documents/Rudra/Interdomain/Rover/build/matplotlib_cpp': CONDA_PROMPT_MODIFIER=(rover_andes) /usr/bin/cmake --install /home/tejasmk-tkp/Documents/Rudra/Interdomain/Rover/build/matplotlib_cpp
[1.668s] Level 1:colcon.colcon_core.environment:create_environment_scripts_only(matplotlib_cpp)
[1.669s] DEBUG:colcon.colcon_core.event_handler.log_command:Invoked command in '/home/tejasmk-tkp/Documents/Rudra/Interdomain/Rover/build/matplotlib_cpp' returned '0': CONDA_PROMPT_MODIFIER=(rover_andes) /usr/bin/cmake --install /home/tejasmk-tkp/Documents/Rudra/Interdomain/Rover/build/matplotlib_cpp
[1.678s] Level 1:colcon.colcon_core.environment:checking '/home/tejasmk-tkp/Documents/Rudra/Interdomain/Rover/install/matplotlib_cpp' for CMake module files
[1.679s] Level 1:colcon.colcon_core.environment:checking '/home/tejasmk-tkp/Documents/Rudra/Interdomain/Rover/install/matplotlib_cpp' for CMake config files
[1.679s] Level 1:colcon.colcon_core.shell:create_environment_hook('matplotlib_cpp', 'cmake_prefix_path')
[1.686s] INFO:colcon.colcon_core.shell:Creating environment hook '/home/tejasmk-tkp/Documents/Rudra/Interdomain/Rover/install/matplotlib_cpp/share/matplotlib_cpp/hook/cmake_prefix_path.ps1'
[1.687s] INFO:colcon.colcon_core.shell:Creating environment descriptor '/home/tejasmk-tkp/Documents/Rudra/Interdomain/Rover/install/matplotlib_cpp/share/matplotlib_cpp/hook/cmake_prefix_path.dsv'
[1.687s] INFO:colcon.colcon_core.shell:Creating environment hook '/home/tejasmk-tkp/Documents/Rudra/Interdomain/Rover/install/matplotlib_cpp/share/matplotlib_cpp/hook/cmake_prefix_path.sh'
[1.687s] Level 1:colcon.colcon_core.environment:checking '/home/tejasmk-tkp/Documents/Rudra/Interdomain/Rover/install/matplotlib_cpp/lib'
[1.687s] Level 1:colcon.colcon_core.environment:checking '/home/tejasmk-tkp/Documents/Rudra/Interdomain/Rover/install/matplotlib_cpp/bin'
[1.687s] Level 1:colcon.colcon_core.environment:checking '/home/tejasmk-tkp/Documents/Rudra/Interdomain/Rover/install/matplotlib_cpp/lib/pkgconfig/matplotlib_cpp.pc'
[1.688s] Level 1:colcon.colcon_core.environment:checking '/home/tejasmk-tkp/Documents/Rudra/Interdomain/Rover/install/matplotlib_cpp/lib/python3.10/site-packages'
[1.688s] Level 1:colcon.colcon_core.environment:checking '/home/tejasmk-tkp/Documents/Rudra/Interdomain/Rover/install/matplotlib_cpp/bin'
[1.695s] INFO:colcon.colcon_core.shell:Creating package script '/home/tejasmk-tkp/Documents/Rudra/Interdomain/Rover/install/matplotlib_cpp/share/matplotlib_cpp/package.ps1'
[1.696s] INFO:colcon.colcon_core.shell:Creating package descriptor '/home/tejasmk-tkp/Documents/Rudra/Interdomain/Rover/install/matplotlib_cpp/share/matplotlib_cpp/package.dsv'
[1.696s] INFO:colcon.colcon_core.shell:Creating package script '/home/tejasmk-tkp/Documents/Rudra/Interdomain/Rover/install/matplotlib_cpp/share/matplotlib_cpp/package.sh'
[1.696s] INFO:colcon.colcon_core.shell:Creating package script '/home/tejasmk-tkp/Documents/Rudra/Interdomain/Rover/install/matplotlib_cpp/share/matplotlib_cpp/package.bash'
[1.696s] INFO:colcon.colcon_core.shell:Creating package script '/home/tejasmk-tkp/Documents/Rudra/Interdomain/Rover/install/matplotlib_cpp/share/matplotlib_cpp/package.zsh'
[1.696s] Level 1:colcon.colcon_core.environment:create_file_with_runtime_dependencies(/home/tejasmk-tkp/Documents/Rudra/Interdomain/Rover/install/matplotlib_cpp/share/colcon-core/packages/matplotlib_cpp)
[1.779s] DEBUG:colcon.colcon_core.event_handler.log_command:Invoked command in '/home/tejasmk-tkp/Documents/Rudra/Interdomain/Rover/build/gazebo_msgs' returned '0': CMAKE_PREFIX_PATH=/opt/ros/iron CONDA_PROMPT_MODIFIER=(rover_andes) /usr/bin/cmake --build /home/tejasmk-tkp/Documents/Rudra/Interdomain/Rover/build/gazebo_msgs -- -j16 -l16
[2.818s] DEBUG:colcon.colcon_core.event_handler.log_command:Invoking command in '/home/tejasmk-tkp/Documents/Rudra/Interdomain/Rover/build/gazebo_msgs': CMAKE_PREFIX_PATH=/opt/ros/iron CONDA_PROMPT_MODIFIER=(rover_andes) /usr/bin/cmake --install /home/tejasmk-tkp/Documents/Rudra/Interdomain/Rover/build/gazebo_msgs
[2.922s] Level 1:colcon.colcon_core.environment:create_environment_scripts_only(gazebo_msgs)
[2.923s] DEBUG:colcon.colcon_core.event_handler.log_command:Invoked command in '/home/tejasmk-tkp/Documents/Rudra/Interdomain/Rover/build/gazebo_msgs' returned '0': CMAKE_PREFIX_PATH=/opt/ros/iron CONDA_PROMPT_MODIFIER=(rover_andes) /usr/bin/cmake --install /home/tejasmk-tkp/Documents/Rudra/Interdomain/Rover/build/gazebo_msgs
[2.930s] Level 1:colcon.colcon_core.environment:checking '/home/tejasmk-tkp/Documents/Rudra/Interdomain/Rover/install/gazebo_msgs' for CMake module files
[2.930s] Level 1:colcon.colcon_core.environment:checking '/home/tejasmk-tkp/Documents/Rudra/Interdomain/Rover/install/gazebo_msgs' for CMake config files
[2.931s] Level 1:colcon.colcon_core.shell:create_environment_hook('gazebo_msgs', 'cmake_prefix_path')
[2.938s] INFO:colcon.colcon_core.shell:Creating environment hook '/home/tejasmk-tkp/Documents/Rudra/Interdomain/Rover/install/gazebo_msgs/share/gazebo_msgs/hook/cmake_prefix_path.ps1'
[2.938s] INFO:colcon.colcon_core.shell:Creating environment descriptor '/home/tejasmk-tkp/Documents/Rudra/Interdomain/Rover/install/gazebo_msgs/share/gazebo_msgs/hook/cmake_prefix_path.dsv'
[2.938s] INFO:colcon.colcon_core.shell:Creating environment hook '/home/tejasmk-tkp/Documents/Rudra/Interdomain/Rover/install/gazebo_msgs/share/gazebo_msgs/hook/cmake_prefix_path.sh'
[2.938s] Level 1:colcon.colcon_core.environment:checking '/home/tejasmk-tkp/Documents/Rudra/Interdomain/Rover/install/gazebo_msgs/lib'
[2.938s] Level 1:colcon.colcon_core.shell:create_environment_hook('gazebo_msgs', 'ld_library_path_lib')
[2.945s] INFO:colcon.colcon_core.shell:Creating environment hook '/home/tejasmk-tkp/Documents/Rudra/Interdomain/Rover/install/gazebo_msgs/share/gazebo_msgs/hook/ld_library_path_lib.ps1'
[2.945s] INFO:colcon.colcon_core.shell:Creating environment descriptor '/home/tejasmk-tkp/Documents/Rudra/Interdomain/Rover/install/gazebo_msgs/share/gazebo_msgs/hook/ld_library_path_lib.dsv'
[2.945s] INFO:colcon.colcon_core.shell:Creating environment hook '/home/tejasmk-tkp/Documents/Rudra/Interdomain/Rover/install/gazebo_msgs/share/gazebo_msgs/hook/ld_library_path_lib.sh'
[2.945s] Level 1:colcon.colcon_core.environment:checking '/home/tejasmk-tkp/Documents/Rudra/Interdomain/Rover/install/gazebo_msgs/bin'
[2.945s] Level 1:colcon.colcon_core.environment:checking '/home/tejasmk-tkp/Documents/Rudra/Interdomain/Rover/install/gazebo_msgs/lib/pkgconfig/gazebo_msgs.pc'
[2.946s] Level 1:colcon.colcon_core.environment:checking '/home/tejasmk-tkp/Documents/Rudra/Interdomain/Rover/install/gazebo_msgs/lib/python3.10/site-packages'
[2.946s] Level 1:colcon.colcon_core.shell:create_environment_hook('gazebo_msgs', 'pythonpath')
[2.952s] INFO:colcon.colcon_core.shell:Creating environment hook '/home/tejasmk-tkp/Documents/Rudra/Interdomain/Rover/install/gazebo_msgs/share/gazebo_msgs/hook/pythonpath.ps1'
[2.952s] INFO:colcon.colcon_core.shell:Creating environment descriptor '/home/tejasmk-tkp/Documents/Rudra/Interdomain/Rover/install/gazebo_msgs/share/gazebo_msgs/hook/pythonpath.dsv'
[2.952s] INFO:colcon.colcon_core.shell:Creating environment hook '/home/tejasmk-tkp/Documents/Rudra/Interdomain/Rover/install/gazebo_msgs/share/gazebo_msgs/hook/pythonpath.sh'
[2.953s] Level 1:colcon.colcon_core.environment:checking '/home/tejasmk-tkp/Documents/Rudra/Interdomain/Rover/install/gazebo_msgs/bin'
[2.960s] INFO:colcon.colcon_core.shell:Creating package script '/home/tejasmk-tkp/Documents/Rudra/Interdomain/Rover/install/gazebo_msgs/share/gazebo_msgs/package.ps1'
[2.960s] INFO:colcon.colcon_core.shell:Creating package descriptor '/home/tejasmk-tkp/Documents/Rudra/Interdomain/Rover/install/gazebo_msgs/share/gazebo_msgs/package.dsv'
[2.960s] INFO:colcon.colcon_core.shell:Creating package script '/home/tejasmk-tkp/Documents/Rudra/Interdomain/Rover/install/gazebo_msgs/share/gazebo_msgs/package.sh'
[2.960s] INFO:colcon.colcon_core.shell:Creating package script '/home/tejasmk-tkp/Documents/Rudra/Interdomain/Rover/install/gazebo_msgs/share/gazebo_msgs/package.bash'
[2.960s] INFO:colcon.colcon_core.shell:Creating package script '/home/tejasmk-tkp/Documents/Rudra/Interdomain/Rover/install/gazebo_msgs/share/gazebo_msgs/package.zsh'
[2.961s] Level 1:colcon.colcon_core.environment:create_file_with_runtime_dependencies(/home/tejasmk-tkp/Documents/Rudra/Interdomain/Rover/install/gazebo_msgs/share/colcon-core/packages/gazebo_msgs)
[3.989s] Level 1:colcon.colcon_core.environment:create_environment_scripts_only(gazebo_msgs)
[3.997s] Level 1:colcon.colcon_core.environment:checking '/home/tejasmk-tkp/Documents/Rudra/Interdomain/Rover/install/gazebo_msgs' for CMake module files
[3.997s] Level 1:colcon.colcon_core.environment:checking '/home/tejasmk-tkp/Documents/Rudra/Interdomain/Rover/install/gazebo_msgs' for CMake config files
[3.998s] Level 1:colcon.colcon_core.shell:create_environment_hook('gazebo_msgs', 'cmake_prefix_path')
[4.004s] INFO:colcon.colcon_core.shell:Creating environment hook '/home/tejasmk-tkp/Documents/Rudra/Interdomain/Rover/install/gazebo_msgs/share/gazebo_msgs/hook/cmake_prefix_path.ps1'
[4.005s] INFO:colcon.colcon_core.shell:Creating environment descriptor '/home/tejasmk-tkp/Documents/Rudra/Interdomain/Rover/install/gazebo_msgs/share/gazebo_msgs/hook/cmake_prefix_path.dsv'
[4.005s] INFO:colcon.colcon_core.shell:Creating environment hook '/home/tejasmk-tkp/Documents/Rudra/Interdomain/Rover/install/gazebo_msgs/share/gazebo_msgs/hook/cmake_prefix_path.sh'
[4.005s] Level 1:colcon.colcon_core.environment:checking '/home/tejasmk-tkp/Documents/Rudra/Interdomain/Rover/install/gazebo_msgs/lib'
[4.005s] Level 1:colcon.colcon_core.shell:create_environment_hook('gazebo_msgs', 'ld_library_path_lib')
[4.012s] INFO:colcon.colcon_core.shell:Creating environment hook '/home/tejasmk-tkp/Documents/Rudra/Interdomain/Rover/install/gazebo_msgs/share/gazebo_msgs/hook/ld_library_path_lib.ps1'
[4.012s] INFO:colcon.colcon_core.shell:Creating environment descriptor '/home/tejasmk-tkp/Documents/Rudra/Interdomain/Rover/install/gazebo_msgs/share/gazebo_msgs/hook/ld_library_path_lib.dsv'
[4.012s] INFO:colcon.colcon_core.shell:Creating environment hook '/home/tejasmk-tkp/Documents/Rudra/Interdomain/Rover/install/gazebo_msgs/share/gazebo_msgs/hook/ld_library_path_lib.sh'
[4.012s] Level 1:colcon.colcon_core.environment:checking '/home/tejasmk-tkp/Documents/Rudra/Interdomain/Rover/install/gazebo_msgs/bin'
[4.012s] Level 1:colcon.colcon_core.environment:checking '/home/tejasmk-tkp/Documents/Rudra/Interdomain/Rover/install/gazebo_msgs/lib/pkgconfig/gazebo_msgs.pc'
[4.012s] Level 1:colcon.colcon_core.environment:checking '/home/tejasmk-tkp/Documents/Rudra/Interdomain/Rover/install/gazebo_msgs/lib/python3.10/site-packages'
[4.012s] Level 1:colcon.colcon_core.shell:create_environment_hook('gazebo_msgs', 'pythonpath')
[4.019s] INFO:colcon.colcon_core.shell:Creating environment hook '/home/tejasmk-tkp/Documents/Rudra/Interdomain/Rover/install/gazebo_msgs/share/gazebo_msgs/hook/pythonpath.ps1'
[4.019s] INFO:colcon.colcon_core.shell:Creating environment descriptor '/home/tejasmk-tkp/Documents/Rudra/Interdomain/Rover/install/gazebo_msgs/share/gazebo_msgs/hook/pythonpath.dsv'
[4.019s] INFO:colcon.colcon_core.shell:Creating environment hook '/home/tejasmk-tkp/Documents/Rudra/Interdomain/Rover/install/gazebo_msgs/share/gazebo_msgs/hook/pythonpath.sh'
[4.019s] Level 1:colcon.colcon_core.environment:checking '/home/tejasmk-tkp/Documents/Rudra/Interdomain/Rover/install/gazebo_msgs/bin'
[4.026s] INFO:colcon.colcon_core.shell:Creating package script '/home/tejasmk-tkp/Documents/Rudra/Interdomain/Rover/install/gazebo_msgs/share/gazebo_msgs/package.ps1'
[4.026s] INFO:colcon.colcon_core.shell:Creating package descriptor '/home/tejasmk-tkp/Documents/Rudra/Interdomain/Rover/install/gazebo_msgs/share/gazebo_msgs/package.dsv'
[4.026s] INFO:colcon.colcon_core.shell:Creating package script '/home/tejasmk-tkp/Documents/Rudra/Interdomain/Rover/install/gazebo_msgs/share/gazebo_msgs/package.sh'
[4.027s] INFO:colcon.colcon_core.shell:Creating package script '/home/tejasmk-tkp/Documents/Rudra/Interdomain/Rover/install/gazebo_msgs/share/gazebo_msgs/package.bash'
[4.027s] INFO:colcon.colcon_core.shell:Creating package script '/home/tejasmk-tkp/Documents/Rudra/Interdomain/Rover/install/gazebo_msgs/share/gazebo_msgs/package.zsh'
[4.027s] Level 1:colcon.colcon_core.environment:create_file_with_runtime_dependencies(/home/tejasmk-tkp/Documents/Rudra/Interdomain/Rover/install/gazebo_msgs/share/colcon-core/packages/gazebo_msgs)
[4.027s] INFO:colcon.colcon_ros.task.ament_cmake.build:Building ROS package in '/home/tejasmk-tkp/Documents/Rudra/Interdomain/Rover/src/gazebo_ros_pkgs/gazebo_ros' with build type 'ament_cmake'
[4.027s] INFO:colcon.colcon_cmake.task.cmake.build:Building CMake package in '/home/tejasmk-tkp/Documents/Rudra/Interdomain/Rover/src/gazebo_ros_pkgs/gazebo_ros'
[4.034s] INFO:colcon.colcon_core.shell:Skip shell extension 'powershell' for command environment: Not usable outside of PowerShell
[4.034s] DEBUG:colcon.colcon_core.shell:Skip shell extension 'dsv' for command environment
[4.055s] DEBUG:colcon.colcon_core.event_handler.log_command:Invoking command in '/home/tejasmk-tkp/Documents/Rudra/Interdomain/Rover/build/gazebo_ros': AMENT_PREFIX_PATH=/home/tejasmk-tkp/Documents/Rudra/Interdomain/Rover/install/gazebo_msgs:/home/tejasmk-tkp/Documents/Rudra/Interdomain/Rover/install/gazebo_dev:${AMENT_PREFIX_PATH} CMAKE_PREFIX_PATH=/home/tejasmk-tkp/Documents/Rudra/Interdomain/Rover/install/gazebo_msgs:/home/tejasmk-tkp/Documents/Rudra/Interdomain/Rover/install/gazebo_dev:/opt/ros/iron CONDA_PROMPT_MODIFIER=(rover_andes) LD_LIBRARY_PATH=/home/tejasmk-tkp/Documents/Rudra/Interdomain/Rover/install/gazebo_msgs/lib:${LD_LIBRARY_PATH} PYTHONPATH=/home/tejasmk-tkp/Documents/Rudra/Interdomain/Rover/install/gazebo_msgs/lib/python3.10/site-packages:${PYTHONPATH} /usr/bin/cmake --build /home/tejasmk-tkp/Documents/Rudra/Interdomain/Rover/build/gazebo_ros -- -j16 -l16
