[1.148s] DEBUG:colcon:Command line arguments: ['/usr/bin/colcon', 'build']
[1.148s] DEBUG:colcon:Parsed command line arguments: Namespace(log_base=None, log_level=None, verb_name='build', build_base='build', install_base='install', merge_install=False, symlink_install=False, test_result_base=None, continue_on_error=False, executor='parallel', parallel_workers=16, event_handlers=None, ignore_user_meta=False, metas=['./colcon.meta'], base_paths=['.'], packages_ignore=None, packages_ignore_regex=None, paths=None, packages_up_to=None, packages_up_to_regex=None, packages_above=None, packages_above_and_dependencies=None, packages_above_depth=None, packages_select_by_dep=None, packages_skip_by_dep=None, packages_skip_up_to=None, packages_select_build_failed=False, packages_skip_build_finished=False, packages_select_test_failures=False, packages_skip_test_passed=False, packages_select=None, packages_skip=None, packages_select_regex=None, packages_skip_regex=None, packages_start=None, packages_end=None, allow_overriding=[], cmake_args=None, cmake_target=None, cmake_target_skip_unavailable=False, cmake_clean_cache=False, cmake_clean_first=False, cmake_force_configure=False, ament_cmake_args=None, catkin_cmake_args=None, catkin_skip_building_tests=False, verb_parser=<colcon_defaults.argument_parser.defaults.DefaultArgumentsDecorator object at 0x7efee976ed10>, verb_extension=<colcon_core.verb.build.BuildVerb object at 0x7efee9718f70>, main=<bound method BuildVerb.main of <colcon_core.verb.build.BuildVerb object at 0x7efee9718f70>>)
[1.193s] Level 1:colcon.colcon_core.package_discovery:discover_packages(colcon_meta) check parameters
[1.193s] Level 1:colcon.colcon_core.package_discovery:discover_packages(recursive) check parameters
[1.193s] Level 1:colcon.colcon_core.package_discovery:discover_packages(ignore) check parameters
[1.193s] Level 1:colcon.colcon_core.package_discovery:discover_packages(path) check parameters
[1.193s] Level 1:colcon.colcon_core.package_discovery:discover_packages(colcon_meta) discover
[1.193s] Level 1:colcon.colcon_core.package_discovery:discover_packages(recursive) discover
[1.193s] INFO:colcon.colcon_core.package_discovery:Crawling recursively for packages in '/home/tejasmk-tkp/Documents/Rudra/Interdomain/Rover'
[1.193s] Level 1:colcon.colcon_core.package_identification:_identify(.) by extensions ['ignore', 'ignore_ament_install']
[1.193s] Level 1:colcon.colcon_core.package_identification:_identify(.) by extension 'ignore'
[1.193s] Level 1:colcon.colcon_core.package_identification:_identify(.) by extension 'ignore_ament_install'
[1.193s] Level 1:colcon.colcon_core.package_identification:_identify(.) by extensions ['colcon_pkg']
[1.193s] Level 1:colcon.colcon_core.package_identification:_identify(.) by extension 'colcon_pkg'
[1.193s] Level 1:colcon.colcon_core.package_identification:_identify(.) by extensions ['colcon_meta']
[1.193s] Level 1:colcon.colcon_core.package_identification:_identify(.) by extension 'colcon_meta'
[1.193s] Level 1:colcon.colcon_core.package_identification:_identify(.) by extensions ['ros']
[1.193s] Level 1:colcon.colcon_core.package_identification:_identify(.) by extension 'ros'
[1.200s] Level 1:colcon.colcon_core.package_identification:_identify(.) by extensions ['cmake', 'python']
[1.200s] Level 1:colcon.colcon_core.package_identification:_identify(.) by extension 'cmake'
[1.200s] Level 1:colcon.colcon_core.package_identification:_identify(.) by extension 'python'
[1.200s] Level 1:colcon.colcon_core.package_identification:_identify(.) by extensions ['python_setup_py']
[1.200s] Level 1:colcon.colcon_core.package_identification:_identify(.) by extension 'python_setup_py'
[1.200s] Level 1:colcon.colcon_core.package_identification:_identify(build) by extensions ['ignore', 'ignore_ament_install']
[1.200s] Level 1:colcon.colcon_core.package_identification:_identify(build) by extension 'ignore'
[1.200s] Level 1:colcon.colcon_core.package_identification:_identify(build) ignored
[1.200s] Level 1:colcon.colcon_core.package_identification:_identify(install) by extensions ['ignore', 'ignore_ament_install']
[1.200s] Level 1:colcon.colcon_core.package_identification:_identify(install) by extension 'ignore'
[1.200s] Level 1:colcon.colcon_core.package_identification:_identify(install) ignored
[1.200s] Level 1:colcon.colcon_core.package_identification:_identify(log) by extensions ['ignore', 'ignore_ament_install']
[1.200s] Level 1:colcon.colcon_core.package_identification:_identify(log) by extension 'ignore'
[1.200s] Level 1:colcon.colcon_core.package_identification:_identify(log) ignored
[1.200s] Level 1:colcon.colcon_core.package_identification:_identify(src) by extensions ['ignore', 'ignore_ament_install']
[1.201s] Level 1:colcon.colcon_core.package_identification:_identify(src) by extension 'ignore'
[1.201s] Level 1:colcon.colcon_core.package_identification:_identify(src) by extension 'ignore_ament_install'
[1.201s] Level 1:colcon.colcon_core.package_identification:_identify(src) by extensions ['colcon_pkg']
[1.201s] Level 1:colcon.colcon_core.package_identification:_identify(src) by extension 'colcon_pkg'
[1.201s] Level 1:colcon.colcon_core.package_identification:_identify(src) by extensions ['colcon_meta']
[1.201s] Level 1:colcon.colcon_core.package_identification:_identify(src) by extension 'colcon_meta'
[1.201s] Level 1:colcon.colcon_core.package_identification:_identify(src) by extensions ['ros']
[1.201s] Level 1:colcon.colcon_core.package_identification:_identify(src) by extension 'ros'
[1.201s] Level 1:colcon.colcon_core.package_identification:_identify(src) by extensions ['cmake', 'python']
[1.201s] Level 1:colcon.colcon_core.package_identification:_identify(src) by extension 'cmake'
[1.201s] Level 1:colcon.colcon_core.package_identification:_identify(src) by extension 'python'
[1.201s] Level 1:colcon.colcon_core.package_identification:_identify(src) by extensions ['python_setup_py']
[1.201s] Level 1:colcon.colcon_core.package_identification:_identify(src) by extension 'python_setup_py'
[1.203s] Level 1:colcon.colcon_core.package_identification:_identify(src/Autonomous_Navigation) by extensions ['ignore', 'ignore_ament_install']
[1.203s] Level 1:colcon.colcon_core.package_identification:_identify(src/Autonomous_Navigation) by extension 'ignore'
[1.203s] Level 1:colcon.colcon_core.package_identification:_identify(src/Autonomous_Navigation) by extension 'ignore_ament_install'
[1.203s] Level 1:colcon.colcon_core.package_identification:_identify(src/Autonomous_Navigation) by extensions ['colcon_pkg']
[1.203s] Level 1:colcon.colcon_core.package_identification:_identify(src/Autonomous_Navigation) by extension 'colcon_pkg'
[1.203s] Level 1:colcon.colcon_core.package_identification:_identify(src/Autonomous_Navigation) by extensions ['colcon_meta']
[1.203s] Level 1:colcon.colcon_core.package_identification:_identify(src/Autonomous_Navigation) by extension 'colcon_meta'
[1.203s] Level 1:colcon.colcon_core.package_identification:_identify(src/Autonomous_Navigation) by extensions ['ros']
[1.203s] Level 1:colcon.colcon_core.package_identification:_identify(src/Autonomous_Navigation) by extension 'ros'
[1.203s] Level 1:colcon.colcon_core.package_identification:_identify(src/Autonomous_Navigation) by extensions ['cmake', 'python']
[1.203s] Level 1:colcon.colcon_core.package_identification:_identify(src/Autonomous_Navigation) by extension 'cmake'
[1.203s] Level 1:colcon.colcon_core.package_identification:_identify(src/Autonomous_Navigation) by extension 'python'
[1.203s] Level 1:colcon.colcon_core.package_identification:_identify(src/Autonomous_Navigation) by extensions ['python_setup_py']
[1.203s] Level 1:colcon.colcon_core.package_identification:_identify(src/Autonomous_Navigation) by extension 'python_setup_py'
[1.204s] Level 1:colcon.colcon_core.package_identification:_identify(src/Autonomous_Navigation/matplotlib-cpp) by extensions ['ignore', 'ignore_ament_install']
[1.204s] Level 1:colcon.colcon_core.package_identification:_identify(src/Autonomous_Navigation/matplotlib-cpp) by extension 'ignore'
[1.204s] Level 1:colcon.colcon_core.package_identification:_identify(src/Autonomous_Navigation/matplotlib-cpp) by extension 'ignore_ament_install'
[1.204s] Level 1:colcon.colcon_core.package_identification:_identify(src/Autonomous_Navigation/matplotlib-cpp) by extensions ['colcon_pkg']
[1.204s] Level 1:colcon.colcon_core.package_identification:_identify(src/Autonomous_Navigation/matplotlib-cpp) by extension 'colcon_pkg'
[1.204s] Level 1:colcon.colcon_core.package_identification:_identify(src/Autonomous_Navigation/matplotlib-cpp) by extensions ['colcon_meta']
[1.204s] Level 1:colcon.colcon_core.package_identification:_identify(src/Autonomous_Navigation/matplotlib-cpp) by extension 'colcon_meta'
[1.204s] Level 1:colcon.colcon_core.package_identification:_identify(src/Autonomous_Navigation/matplotlib-cpp) by extensions ['ros']
[1.204s] Level 1:colcon.colcon_core.package_identification:_identify(src/Autonomous_Navigation/matplotlib-cpp) by extension 'ros'
[1.204s] Level 1:colcon.colcon_core.package_identification:_identify(src/Autonomous_Navigation/matplotlib-cpp) by extensions ['cmake', 'python']
[1.204s] Level 1:colcon.colcon_core.package_identification:_identify(src/Autonomous_Navigation/matplotlib-cpp) by extension 'cmake'
[1.206s] Level 1:colcon.colcon_core.package_identification:_identify(src/Autonomous_Navigation/matplotlib-cpp) by extension 'python'
[1.206s] DEBUG:colcon.colcon_core.package_identification:Package 'src/Autonomous_Navigation/matplotlib-cpp' with type 'cmake' and name 'matplotlib_cpp'
[1.207s] Level 1:colcon.colcon_core.package_identification:_identify(src/gazebo_ros_pkgs) by extensions ['ignore', 'ignore_ament_install']
[1.207s] Level 1:colcon.colcon_core.package_identification:_identify(src/gazebo_ros_pkgs) by extension 'ignore'
[1.207s] Level 1:colcon.colcon_core.package_identification:_identify(src/gazebo_ros_pkgs) by extension 'ignore_ament_install'
[1.207s] Level 1:colcon.colcon_core.package_identification:_identify(src/gazebo_ros_pkgs) by extensions ['colcon_pkg']
[1.207s] Level 1:colcon.colcon_core.package_identification:_identify(src/gazebo_ros_pkgs) by extension 'colcon_pkg'
[1.207s] Level 1:colcon.colcon_core.package_identification:_identify(src/gazebo_ros_pkgs) by extensions ['colcon_meta']
[1.207s] Level 1:colcon.colcon_core.package_identification:_identify(src/gazebo_ros_pkgs) by extension 'colcon_meta'
[1.207s] Level 1:colcon.colcon_core.package_identification:_identify(src/gazebo_ros_pkgs) by extensions ['ros']
[1.207s] Level 1:colcon.colcon_core.package_identification:_identify(src/gazebo_ros_pkgs) by extension 'ros'
[1.207s] Level 1:colcon.colcon_core.package_identification:_identify(src/gazebo_ros_pkgs) by extensions ['cmake', 'python']
[1.207s] Level 1:colcon.colcon_core.package_identification:_identify(src/gazebo_ros_pkgs) by extension 'cmake'
[1.207s] Level 1:colcon.colcon_core.package_identification:_identify(src/gazebo_ros_pkgs) by extension 'python'
[1.207s] Level 1:colcon.colcon_core.package_identification:_identify(src/gazebo_ros_pkgs) by extensions ['python_setup_py']
[1.207s] Level 1:colcon.colcon_core.package_identification:_identify(src/gazebo_ros_pkgs) by extension 'python_setup_py'
[1.208s] Level 1:colcon.colcon_core.package_identification:_identify(src/gazebo_ros_pkgs/gazebo_dev) by extensions ['ignore', 'ignore_ament_install']
[1.208s] Level 1:colcon.colcon_core.package_identification:_identify(src/gazebo_ros_pkgs/gazebo_dev) by extension 'ignore'
[1.208s] Level 1:colcon.colcon_core.package_identification:_identify(src/gazebo_ros_pkgs/gazebo_dev) by extension 'ignore_ament_install'
[1.208s] Level 1:colcon.colcon_core.package_identification:_identify(src/gazebo_ros_pkgs/gazebo_dev) by extensions ['colcon_pkg']
[1.208s] Level 1:colcon.colcon_core.package_identification:_identify(src/gazebo_ros_pkgs/gazebo_dev) by extension 'colcon_pkg'
[1.208s] Level 1:colcon.colcon_core.package_identification:_identify(src/gazebo_ros_pkgs/gazebo_dev) by extensions ['colcon_meta']
[1.208s] Level 1:colcon.colcon_core.package_identification:_identify(src/gazebo_ros_pkgs/gazebo_dev) by extension 'colcon_meta'
[1.208s] Level 1:colcon.colcon_core.package_identification:_identify(src/gazebo_ros_pkgs/gazebo_dev) by extensions ['ros']
[1.208s] Level 1:colcon.colcon_core.package_identification:_identify(src/gazebo_ros_pkgs/gazebo_dev) by extension 'ros'
[1.210s] DEBUG:colcon.colcon_core.package_identification:Package 'src/gazebo_ros_pkgs/gazebo_dev' with type 'ros.ament_cmake' and name 'gazebo_dev'
[1.210s] Level 1:colcon.colcon_core.package_identification:_identify(src/gazebo_ros_pkgs/gazebo_msgs) by extensions ['ignore', 'ignore_ament_install']
[1.211s] Level 1:colcon.colcon_core.package_identification:_identify(src/gazebo_ros_pkgs/gazebo_msgs) by extension 'ignore'
[1.211s] Level 1:colcon.colcon_core.package_identification:_identify(src/gazebo_ros_pkgs/gazebo_msgs) by extension 'ignore_ament_install'
[1.211s] Level 1:colcon.colcon_core.package_identification:_identify(src/gazebo_ros_pkgs/gazebo_msgs) by extensions ['colcon_pkg']
[1.211s] Level 1:colcon.colcon_core.package_identification:_identify(src/gazebo_ros_pkgs/gazebo_msgs) by extension 'colcon_pkg'
[1.211s] Level 1:colcon.colcon_core.package_identification:_identify(src/gazebo_ros_pkgs/gazebo_msgs) by extensions ['colcon_meta']
[1.211s] Level 1:colcon.colcon_core.package_identification:_identify(src/gazebo_ros_pkgs/gazebo_msgs) by extension 'colcon_meta'
[1.211s] Level 1:colcon.colcon_core.package_identification:_identify(src/gazebo_ros_pkgs/gazebo_msgs) by extensions ['ros']
[1.211s] Level 1:colcon.colcon_core.package_identification:_identify(src/gazebo_ros_pkgs/gazebo_msgs) by extension 'ros'
[1.211s] DEBUG:colcon.colcon_core.package_identification:Package 'src/gazebo_ros_pkgs/gazebo_msgs' with type 'ros.ament_cmake' and name 'gazebo_msgs'
[1.211s] Level 1:colcon.colcon_core.package_identification:_identify(src/gazebo_ros_pkgs/gazebo_plugins) by extensions ['ignore', 'ignore_ament_install']
[1.211s] Level 1:colcon.colcon_core.package_identification:_identify(src/gazebo_ros_pkgs/gazebo_plugins) by extension 'ignore'
[1.211s] Level 1:colcon.colcon_core.package_identification:_identify(src/gazebo_ros_pkgs/gazebo_plugins) by extension 'ignore_ament_install'
[1.211s] Level 1:colcon.colcon_core.package_identification:_identify(src/gazebo_ros_pkgs/gazebo_plugins) by extensions ['colcon_pkg']
[1.211s] Level 1:colcon.colcon_core.package_identification:_identify(src/gazebo_ros_pkgs/gazebo_plugins) by extension 'colcon_pkg'
[1.212s] Level 1:colcon.colcon_core.package_identification:_identify(src/gazebo_ros_pkgs/gazebo_plugins) by extensions ['colcon_meta']
[1.212s] Level 1:colcon.colcon_core.package_identification:_identify(src/gazebo_ros_pkgs/gazebo_plugins) by extension 'colcon_meta'
[1.212s] Level 1:colcon.colcon_core.package_identification:_identify(src/gazebo_ros_pkgs/gazebo_plugins) by extensions ['ros']
[1.212s] Level 1:colcon.colcon_core.package_identification:_identify(src/gazebo_ros_pkgs/gazebo_plugins) by extension 'ros'
[1.213s] DEBUG:colcon.colcon_core.package_identification:Package 'src/gazebo_ros_pkgs/gazebo_plugins' with type 'ros.ament_cmake' and name 'gazebo_plugins'
[1.213s] Level 1:colcon.colcon_core.package_identification:_identify(src/gazebo_ros_pkgs/gazebo_ros) by extensions ['ignore', 'ignore_ament_install']
[1.213s] Level 1:colcon.colcon_core.package_identification:_identify(src/gazebo_ros_pkgs/gazebo_ros) by extension 'ignore'
[1.213s] Level 1:colcon.colcon_core.package_identification:_identify(src/gazebo_ros_pkgs/gazebo_ros) by extension 'ignore_ament_install'
[1.213s] Level 1:colcon.colcon_core.package_identification:_identify(src/gazebo_ros_pkgs/gazebo_ros) by extensions ['colcon_pkg']
[1.213s] Level 1:colcon.colcon_core.package_identification:_identify(src/gazebo_ros_pkgs/gazebo_ros) by extension 'colcon_pkg'
[1.214s] Level 1:colcon.colcon_core.package_identification:_identify(src/gazebo_ros_pkgs/gazebo_ros) by extensions ['colcon_meta']
[1.214s] Level 1:colcon.colcon_core.package_identification:_identify(src/gazebo_ros_pkgs/gazebo_ros) by extension 'colcon_meta'
[1.214s] Level 1:colcon.colcon_core.package_identification:_identify(src/gazebo_ros_pkgs/gazebo_ros) by extensions ['ros']
[1.214s] Level 1:colcon.colcon_core.package_identification:_identify(src/gazebo_ros_pkgs/gazebo_ros) by extension 'ros'
[1.215s] DEBUG:colcon.colcon_core.package_identification:Package 'src/gazebo_ros_pkgs/gazebo_ros' with type 'ros.ament_cmake' and name 'gazebo_ros'
[1.215s] Level 1:colcon.colcon_core.package_identification:_identify(src/gazebo_ros_pkgs/gazebo_ros_control) by extensions ['ignore', 'ignore_ament_install']
[1.215s] Level 1:colcon.colcon_core.package_identification:_identify(src/gazebo_ros_pkgs/gazebo_ros_control) by extension 'ignore'
[1.215s] Level 1:colcon.colcon_core.package_identification:_identify(src/gazebo_ros_pkgs/gazebo_ros_control) by extension 'ignore_ament_install'
[1.215s] Level 1:colcon.colcon_core.package_identification:_identify(src/gazebo_ros_pkgs/gazebo_ros_control) by extensions ['colcon_pkg']
[1.215s] Level 1:colcon.colcon_core.package_identification:_identify(src/gazebo_ros_pkgs/gazebo_ros_control) by extension 'colcon_pkg'
[1.215s] Level 1:colcon.colcon_core.package_identification:_identify(src/gazebo_ros_pkgs/gazebo_ros_control) by extensions ['colcon_meta']
[1.215s] Level 1:colcon.colcon_core.package_identification:_identify(src/gazebo_ros_pkgs/gazebo_ros_control) by extension 'colcon_meta'
[1.215s] Level 1:colcon.colcon_core.package_identification:_identify(src/gazebo_ros_pkgs/gazebo_ros_control) by extensions ['ros']
[1.215s] Level 1:colcon.colcon_core.package_identification:_identify(src/gazebo_ros_pkgs/gazebo_ros_control) by extension 'ros'
[1.215s] Level 1:colcon.colcon_core.package_identification:_identify(src/gazebo_ros_pkgs/gazebo_ros_control) by extensions ['cmake', 'python']
[1.215s] Level 1:colcon.colcon_core.package_identification:_identify(src/gazebo_ros_pkgs/gazebo_ros_control) by extension 'cmake'
[1.215s] Level 1:colcon.colcon_core.package_identification:_identify(src/gazebo_ros_pkgs/gazebo_ros_control) by extension 'python'
[1.215s] Level 1:colcon.colcon_core.package_identification:_identify(src/gazebo_ros_pkgs/gazebo_ros_control) by extensions ['python_setup_py']
[1.215s] Level 1:colcon.colcon_core.package_identification:_identify(src/gazebo_ros_pkgs/gazebo_ros_control) by extension 'python_setup_py'
[1.216s] Level 1:colcon.colcon_core.package_identification:_identify(src/gazebo_ros_pkgs/gazebo_ros_pkgs) by extensions ['ignore', 'ignore_ament_install']
[1.216s] Level 1:colcon.colcon_core.package_identification:_identify(src/gazebo_ros_pkgs/gazebo_ros_pkgs) by extension 'ignore'
[1.216s] Level 1:colcon.colcon_core.package_identification:_identify(src/gazebo_ros_pkgs/gazebo_ros_pkgs) by extension 'ignore_ament_install'
[1.216s] Level 1:colcon.colcon_core.package_identification:_identify(src/gazebo_ros_pkgs/gazebo_ros_pkgs) by extensions ['colcon_pkg']
[1.216s] Level 1:colcon.colcon_core.package_identification:_identify(src/gazebo_ros_pkgs/gazebo_ros_pkgs) by extension 'colcon_pkg'
[1.216s] Level 1:colcon.colcon_core.package_identification:_identify(src/gazebo_ros_pkgs/gazebo_ros_pkgs) by extensions ['colcon_meta']
[1.216s] Level 1:colcon.colcon_core.package_identification:_identify(src/gazebo_ros_pkgs/gazebo_ros_pkgs) by extension 'colcon_meta'
[1.216s] Level 1:colcon.colcon_core.package_identification:_identify(src/gazebo_ros_pkgs/gazebo_ros_pkgs) by extensions ['ros']
[1.216s] Level 1:colcon.colcon_core.package_identification:_identify(src/gazebo_ros_pkgs/gazebo_ros_pkgs) by extension 'ros'
[1.216s] DEBUG:colcon.colcon_core.package_identification:Package 'src/gazebo_ros_pkgs/gazebo_ros_pkgs' with type 'ros.ament_cmake' and name 'gazebo_ros_pkgs'
[1.217s] Level 1:colcon.colcon_core.package_identification:_identify(src/urdf) by extensions ['ignore', 'ignore_ament_install']
[1.217s] Level 1:colcon.colcon_core.package_identification:_identify(src/urdf) by extension 'ignore'
[1.217s] Level 1:colcon.colcon_core.package_identification:_identify(src/urdf) by extension 'ignore_ament_install'
[1.217s] Level 1:colcon.colcon_core.package_identification:_identify(src/urdf) by extensions ['colcon_pkg']
[1.217s] Level 1:colcon.colcon_core.package_identification:_identify(src/urdf) by extension 'colcon_pkg'
[1.217s] Level 1:colcon.colcon_core.package_identification:_identify(src/urdf) by extensions ['colcon_meta']
[1.217s] Level 1:colcon.colcon_core.package_identification:_identify(src/urdf) by extension 'colcon_meta'
[1.217s] Level 1:colcon.colcon_core.package_identification:_identify(src/urdf) by extensions ['ros']
[1.217s] Level 1:colcon.colcon_core.package_identification:_identify(src/urdf) by extension 'ros'
[1.217s] Level 1:colcon.colcon_core.package_identification:_identify(src/urdf) by extensions ['cmake', 'python']
[1.217s] Level 1:colcon.colcon_core.package_identification:_identify(src/urdf) by extension 'cmake'
[1.217s] Level 1:colcon.colcon_core.package_identification:_identify(src/urdf) by extension 'python'
[1.217s] Level 1:colcon.colcon_core.package_identification:_identify(src/urdf) by extensions ['python_setup_py']
[1.217s] Level 1:colcon.colcon_core.package_identification:_identify(src/urdf) by extension 'python_setup_py'
[1.218s] Level 1:colcon.colcon_core.package_identification:_identify(src/urdf/meshes) by extensions ['ignore', 'ignore_ament_install']
[1.218s] Level 1:colcon.colcon_core.package_identification:_identify(src/urdf/meshes) by extension 'ignore'
[1.218s] Level 1:colcon.colcon_core.package_identification:_identify(src/urdf/meshes) by extension 'ignore_ament_install'
[1.218s] Level 1:colcon.colcon_core.package_identification:_identify(src/urdf/meshes) by extensions ['colcon_pkg']
[1.218s] Level 1:colcon.colcon_core.package_identification:_identify(src/urdf/meshes) by extension 'colcon_pkg'
[1.218s] Level 1:colcon.colcon_core.package_identification:_identify(src/urdf/meshes) by extensions ['colcon_meta']
[1.218s] Level 1:colcon.colcon_core.package_identification:_identify(src/urdf/meshes) by extension 'colcon_meta'
[1.218s] Level 1:colcon.colcon_core.package_identification:_identify(src/urdf/meshes) by extensions ['ros']
[1.218s] Level 1:colcon.colcon_core.package_identification:_identify(src/urdf/meshes) by extension 'ros'
[1.218s] Level 1:colcon.colcon_core.package_identification:_identify(src/urdf/meshes) by extensions ['cmake', 'python']
[1.219s] Level 1:colcon.colcon_core.package_identification:_identify(src/urdf/meshes) by extension 'cmake'
[1.219s] Level 1:colcon.colcon_core.package_identification:_identify(src/urdf/meshes) by extension 'python'
[1.219s] Level 1:colcon.colcon_core.package_identification:_identify(src/urdf/meshes) by extensions ['python_setup_py']
[1.219s] Level 1:colcon.colcon_core.package_identification:_identify(src/urdf/meshes) by extension 'python_setup_py'
[1.219s] Level 1:colcon.colcon_core.package_identification:_identify(src/urdf/meshes/sus) by extensions ['ignore', 'ignore_ament_install']
[1.219s] Level 1:colcon.colcon_core.package_identification:_identify(src/urdf/meshes/sus) by extension 'ignore'
[1.219s] Level 1:colcon.colcon_core.package_identification:_identify(src/urdf/meshes/sus) by extension 'ignore_ament_install'
[1.219s] Level 1:colcon.colcon_core.package_identification:_identify(src/urdf/meshes/sus) by extensions ['colcon_pkg']
[1.219s] Level 1:colcon.colcon_core.package_identification:_identify(src/urdf/meshes/sus) by extension 'colcon_pkg'
[1.219s] Level 1:colcon.colcon_core.package_identification:_identify(src/urdf/meshes/sus) by extensions ['colcon_meta']
[1.219s] Level 1:colcon.colcon_core.package_identification:_identify(src/urdf/meshes/sus) by extension 'colcon_meta'
[1.219s] Level 1:colcon.colcon_core.package_identification:_identify(src/urdf/meshes/sus) by extensions ['ros']
[1.219s] Level 1:colcon.colcon_core.package_identification:_identify(src/urdf/meshes/sus) by extension 'ros'
[1.219s] Level 1:colcon.colcon_core.package_identification:_identify(src/urdf/meshes/sus) by extensions ['cmake', 'python']
[1.219s] Level 1:colcon.colcon_core.package_identification:_identify(src/urdf/meshes/sus) by extension 'cmake'
[1.219s] Level 1:colcon.colcon_core.package_identification:_identify(src/urdf/meshes/sus) by extension 'python'
[1.219s] Level 1:colcon.colcon_core.package_identification:_identify(src/urdf/meshes/sus) by extensions ['python_setup_py']
[1.219s] Level 1:colcon.colcon_core.package_identification:_identify(src/urdf/meshes/sus) by extension 'python_setup_py'
[1.219s] Level 1:colcon.colcon_core.package_discovery:discover_packages(recursive) using defaults
[1.219s] Level 1:colcon.colcon_core.package_discovery:discover_packages(ignore) discover
[1.219s] Level 1:colcon.colcon_core.package_discovery:discover_packages(ignore) using defaults
[1.219s] Level 1:colcon.colcon_core.package_discovery:discover_packages(path) discover
[1.219s] Level 1:colcon.colcon_core.package_discovery:discover_packages(path) using defaults
[1.258s] INFO:colcon.colcon_metadata.metadata.colcon_pkg:Updating descriptor of package 'src/gazebo_ros_pkgs/gazebo_dev' from colcon.pkg: {'dependencies': ['Gazebo']}
[1.258s] INFO:colcon.colcon_metadata.metadata.colcon_pkg:Updating descriptor of package 'src/gazebo_ros_pkgs/gazebo_ros' from colcon.pkg: {'dependencies': ['Gazebo']}
[1.259s] INFO:colcon.colcon_metadata.metadata.colcon_pkg:Updating descriptor of package 'src/gazebo_ros_pkgs/gazebo_plugins' from colcon.pkg: {'dependencies': ['Gazebo']}
[1.279s] Level 1:colcon.colcon_core.package_discovery:discover_packages(prefix_path) check parameters
[1.279s] Level 1:colcon.colcon_core.package_discovery:discover_packages(prefix_path) discover
[1.296s] DEBUG:colcon.colcon_installed_package_information.package_discovery:Found 283 installed packages in /opt/ros/iron
[1.297s] Level 1:colcon.colcon_core.package_discovery:discover_packages(prefix_path) using defaults
[1.340s] Level 5:colcon.colcon_core.verb:set package 'gazebo_dev' build argument 'cmake_args' from command line to 'None'
[1.340s] Level 5:colcon.colcon_core.verb:set package 'gazebo_dev' build argument 'cmake_target' from command line to 'None'
[1.340s] Level 5:colcon.colcon_core.verb:set package 'gazebo_dev' build argument 'cmake_target_skip_unavailable' from command line to 'False'
[1.340s] Level 5:colcon.colcon_core.verb:set package 'gazebo_dev' build argument 'cmake_clean_cache' from command line to 'False'
[1.340s] Level 5:colcon.colcon_core.verb:set package 'gazebo_dev' build argument 'cmake_clean_first' from command line to 'False'
[1.340s] Level 5:colcon.colcon_core.verb:set package 'gazebo_dev' build argument 'cmake_force_configure' from command line to 'False'
[1.340s] Level 5:colcon.colcon_core.verb:set package 'gazebo_dev' build argument 'ament_cmake_args' from command line to 'None'
[1.340s] Level 5:colcon.colcon_core.verb:set package 'gazebo_dev' build argument 'catkin_cmake_args' from command line to 'None'
[1.340s] Level 5:colcon.colcon_core.verb:set package 'gazebo_dev' build argument 'catkin_skip_building_tests' from command line to 'False'
[1.340s] DEBUG:colcon.colcon_core.verb:Building package 'gazebo_dev' with the following arguments: {'ament_cmake_args': None, 'build_base': '/home/tejasmk-tkp/Documents/Rudra/Interdomain/Rover/build/gazebo_dev', 'catkin_cmake_args': None, 'catkin_skip_building_tests': False, 'cmake_args': None, 'cmake_clean_cache': False, 'cmake_clean_first': False, 'cmake_force_configure': False, 'cmake_target': None, 'cmake_target_skip_unavailable': False, 'install_base': '/home/tejasmk-tkp/Documents/Rudra/Interdomain/Rover/install/gazebo_dev', 'merge_install': False, 'path': '/home/tejasmk-tkp/Documents/Rudra/Interdomain/Rover/src/gazebo_ros_pkgs/gazebo_dev', 'symlink_install': False, 'test_result_base': None}
[1.346s] Level 5:colcon.colcon_core.verb:set package 'gazebo_msgs' build argument 'cmake_args' from command line to 'None'
[1.346s] Level 5:colcon.colcon_core.verb:set package 'gazebo_msgs' build argument 'cmake_target' from command line to 'None'
[1.346s] Level 5:colcon.colcon_core.verb:set package 'gazebo_msgs' build argument 'cmake_target_skip_unavailable' from command line to 'False'
[1.346s] Level 5:colcon.colcon_core.verb:set package 'gazebo_msgs' build argument 'cmake_clean_cache' from command line to 'False'
[1.346s] Level 5:colcon.colcon_core.verb:set package 'gazebo_msgs' build argument 'cmake_clean_first' from command line to 'False'
[1.346s] Level 5:colcon.colcon_core.verb:set package 'gazebo_msgs' build argument 'cmake_force_configure' from command line to 'False'
[1.346s] Level 5:colcon.colcon_core.verb:set package 'gazebo_msgs' build argument 'ament_cmake_args' from command line to 'None'
[1.346s] Level 5:colcon.colcon_core.verb:set package 'gazebo_msgs' build argument 'catkin_cmake_args' from command line to 'None'
[1.346s] Level 5:colcon.colcon_core.verb:set package 'gazebo_msgs' build argument 'catkin_skip_building_tests' from command line to 'False'
[1.346s] DEBUG:colcon.colcon_core.verb:Building package 'gazebo_msgs' with the following arguments: {'ament_cmake_args': None, 'build_base': '/home/tejasmk-tkp/Documents/Rudra/Interdomain/Rover/build/gazebo_msgs', 'catkin_cmake_args': None, 'catkin_skip_building_tests': False, 'cmake_args': None, 'cmake_clean_cache': False, 'cmake_clean_first': False, 'cmake_force_configure': False, 'cmake_target': None, 'cmake_target_skip_unavailable': False, 'install_base': '/home/tejasmk-tkp/Documents/Rudra/Interdomain/Rover/install/gazebo_msgs', 'merge_install': False, 'path': '/home/tejasmk-tkp/Documents/Rudra/Interdomain/Rover/src/gazebo_ros_pkgs/gazebo_msgs', 'symlink_install': False, 'test_result_base': None}
[1.353s] Level 5:colcon.colcon_core.verb:set package 'matplotlib_cpp' build argument 'cmake_args' from command line to 'None'
[1.353s] Level 5:colcon.colcon_core.verb:set package 'matplotlib_cpp' build argument 'cmake_target' from command line to 'None'
[1.353s] Level 5:colcon.colcon_core.verb:set package 'matplotlib_cpp' build argument 'cmake_target_skip_unavailable' from command line to 'False'
[1.353s] Level 5:colcon.colcon_core.verb:set package 'matplotlib_cpp' build argument 'cmake_clean_cache' from command line to 'False'
[1.353s] Level 5:colcon.colcon_core.verb:set package 'matplotlib_cpp' build argument 'cmake_clean_first' from command line to 'False'
[1.353s] Level 5:colcon.colcon_core.verb:set package 'matplotlib_cpp' build argument 'cmake_force_configure' from command line to 'False'
[1.353s] Level 5:colcon.colcon_core.verb:set package 'matplotlib_cpp' build argument 'ament_cmake_args' from command line to 'None'
[1.353s] Level 5:colcon.colcon_core.verb:set package 'matplotlib_cpp' build argument 'catkin_cmake_args' from command line to 'None'
[1.353s] Level 5:colcon.colcon_core.verb:set package 'matplotlib_cpp' build argument 'catkin_skip_building_tests' from command line to 'False'
[1.353s] DEBUG:colcon.colcon_core.verb:Building package 'matplotlib_cpp' with the following arguments: {'ament_cmake_args': None, 'build_base': '/home/tejasmk-tkp/Documents/Rudra/Interdomain/Rover/build/matplotlib_cpp', 'catkin_cmake_args': None, 'catkin_skip_building_tests': False, 'cmake_args': None, 'cmake_clean_cache': False, 'cmake_clean_first': False, 'cmake_force_configure': False, 'cmake_target': None, 'cmake_target_skip_unavailable': False, 'install_base': '/home/tejasmk-tkp/Documents/Rudra/Interdomain/Rover/install/matplotlib_cpp', 'merge_install': False, 'path': '/home/tejasmk-tkp/Documents/Rudra/Interdomain/Rover/src/Autonomous_Navigation/matplotlib-cpp', 'symlink_install': False, 'test_result_base': None}
[1.359s] Level 5:colcon.colcon_core.verb:set package 'gazebo_ros' build argument 'cmake_args' from command line to 'None'
[1.359s] Level 5:colcon.colcon_core.verb:set package 'gazebo_ros' build argument 'cmake_target' from command line to 'None'
[1.359s] Level 5:colcon.colcon_core.verb:set package 'gazebo_ros' build argument 'cmake_target_skip_unavailable' from command line to 'False'
[1.359s] Level 5:colcon.colcon_core.verb:set package 'gazebo_ros' build argument 'cmake_clean_cache' from command line to 'False'
[1.359s] Level 5:colcon.colcon_core.verb:set package 'gazebo_ros' build argument 'cmake_clean_first' from command line to 'False'
[1.359s] Level 5:colcon.colcon_core.verb:set package 'gazebo_ros' build argument 'cmake_force_configure' from command line to 'False'
[1.359s] Level 5:colcon.colcon_core.verb:set package 'gazebo_ros' build argument 'ament_cmake_args' from command line to 'None'
[1.359s] Level 5:colcon.colcon_core.verb:set package 'gazebo_ros' build argument 'catkin_cmake_args' from command line to 'None'
[1.359s] Level 5:colcon.colcon_core.verb:set package 'gazebo_ros' build argument 'catkin_skip_building_tests' from command line to 'False'
[1.359s] DEBUG:colcon.colcon_core.verb:Building package 'gazebo_ros' with the following arguments: {'ament_cmake_args': None, 'build_base': '/home/tejasmk-tkp/Documents/Rudra/Interdomain/Rover/build/gazebo_ros', 'catkin_cmake_args': None, 'catkin_skip_building_tests': False, 'cmake_args': None, 'cmake_clean_cache': False, 'cmake_clean_first': False, 'cmake_force_configure': False, 'cmake_target': None, 'cmake_target_skip_unavailable': False, 'install_base': '/home/tejasmk-tkp/Documents/Rudra/Interdomain/Rover/install/gazebo_ros', 'merge_install': False, 'path': '/home/tejasmk-tkp/Documents/Rudra/Interdomain/Rover/src/gazebo_ros_pkgs/gazebo_ros', 'symlink_install': False, 'test_result_base': None}
[1.365s] Level 5:colcon.colcon_core.verb:set package 'gazebo_plugins' build argument 'cmake_args' from command line to 'None'
[1.365s] Level 5:colcon.colcon_core.verb:set package 'gazebo_plugins' build argument 'cmake_target' from command line to 'None'
[1.365s] Level 5:colcon.colcon_core.verb:set package 'gazebo_plugins' build argument 'cmake_target_skip_unavailable' from command line to 'False'
[1.365s] Level 5:colcon.colcon_core.verb:set package 'gazebo_plugins' build argument 'cmake_clean_cache' from command line to 'False'
[1.365s] Level 5:colcon.colcon_core.verb:set package 'gazebo_plugins' build argument 'cmake_clean_first' from command line to 'False'
[1.365s] Level 5:colcon.colcon_core.verb:set package 'gazebo_plugins' build argument 'cmake_force_configure' from command line to 'False'
[1.365s] Level 5:colcon.colcon_core.verb:set package 'gazebo_plugins' build argument 'ament_cmake_args' from command line to 'None'
[1.365s] Level 5:colcon.colcon_core.verb:set package 'gazebo_plugins' build argument 'catkin_cmake_args' from command line to 'None'
[1.365s] Level 5:colcon.colcon_core.verb:set package 'gazebo_plugins' build argument 'catkin_skip_building_tests' from command line to 'False'
[1.366s] DEBUG:colcon.colcon_core.verb:Building package 'gazebo_plugins' with the following arguments: {'ament_cmake_args': None, 'build_base': '/home/tejasmk-tkp/Documents/Rudra/Interdomain/Rover/build/gazebo_plugins', 'catkin_cmake_args': None, 'catkin_skip_building_tests': False, 'cmake_args': None, 'cmake_clean_cache': False, 'cmake_clean_first': False, 'cmake_force_configure': False, 'cmake_target': None, 'cmake_target_skip_unavailable': False, 'install_base': '/home/tejasmk-tkp/Documents/Rudra/Interdomain/Rover/install/gazebo_plugins', 'merge_install': False, 'path': '/home/tejasmk-tkp/Documents/Rudra/Interdomain/Rover/src/gazebo_ros_pkgs/gazebo_plugins', 'symlink_install': False, 'test_result_base': None}
[1.372s] Level 5:colcon.colcon_core.verb:set package 'gazebo_ros_pkgs' build argument 'cmake_args' from command line to 'None'
[1.372s] Level 5:colcon.colcon_core.verb:set package 'gazebo_ros_pkgs' build argument 'cmake_target' from command line to 'None'
[1.372s] Level 5:colcon.colcon_core.verb:set package 'gazebo_ros_pkgs' build argument 'cmake_target_skip_unavailable' from command line to 'False'
[1.372s] Level 5:colcon.colcon_core.verb:set package 'gazebo_ros_pkgs' build argument 'cmake_clean_cache' from command line to 'False'
[1.372s] Level 5:colcon.colcon_core.verb:set package 'gazebo_ros_pkgs' build argument 'cmake_clean_first' from command line to 'False'
[1.372s] Level 5:colcon.colcon_core.verb:set package 'gazebo_ros_pkgs' build argument 'cmake_force_configure' from command line to 'False'
[1.372s] Level 5:colcon.colcon_core.verb:set package 'gazebo_ros_pkgs' build argument 'ament_cmake_args' from command line to 'None'
[1.372s] Level 5:colcon.colcon_core.verb:set package 'gazebo_ros_pkgs' build argument 'catkin_cmake_args' from command line to 'None'
[1.372s] Level 5:colcon.colcon_core.verb:set package 'gazebo_ros_pkgs' build argument 'catkin_skip_building_tests' from command line to 'False'
[1.372s] DEBUG:colcon.colcon_core.verb:Building package 'gazebo_ros_pkgs' with the following arguments: {'ament_cmake_args': None, 'build_base': '/home/tejasmk-tkp/Documents/Rudra/Interdomain/Rover/build/gazebo_ros_pkgs', 'catkin_cmake_args': None, 'catkin_skip_building_tests': False, 'cmake_args': None, 'cmake_clean_cache': False, 'cmake_clean_first': False, 'cmake_force_configure': False, 'cmake_target': None, 'cmake_target_skip_unavailable': False, 'install_base': '/home/tejasmk-tkp/Documents/Rudra/Interdomain/Rover/install/gazebo_ros_pkgs', 'merge_install': False, 'path': '/home/tejasmk-tkp/Documents/Rudra/Interdomain/Rover/src/gazebo_ros_pkgs/gazebo_ros_pkgs', 'symlink_install': False, 'test_result_base': None}
[1.378s] INFO:colcon.colcon_core.executor:Executing jobs using 'parallel' executor
[1.385s] DEBUG:colcon.colcon_parallel_executor.executor.parallel:run_until_complete
[1.385s] INFO:colcon.colcon_ros.task.ament_cmake.build:Building ROS package in '/home/tejasmk-tkp/Documents/Rudra/Interdomain/Rover/src/gazebo_ros_pkgs/gazebo_dev' with build type 'ament_cmake'
[1.385s] INFO:colcon.colcon_cmake.task.cmake.build:Building CMake package in '/home/tejasmk-tkp/Documents/Rudra/Interdomain/Rover/src/gazebo_ros_pkgs/gazebo_dev'
[1.399s] INFO:colcon.colcon_core.plugin_system:Skipping extension 'colcon_core.shell.bat': Not used on non-Windows systems
[1.399s] INFO:colcon.colcon_core.shell:Skip shell extension 'powershell' for command environment: Not usable outside of PowerShell
[1.399s] DEBUG:colcon.colcon_core.shell:Skip shell extension 'dsv' for command environment
[1.414s] INFO:colcon.colcon_ros.task.ament_cmake.build:Building ROS package in '/home/tejasmk-tkp/Documents/Rudra/Interdomain/Rover/src/gazebo_ros_pkgs/gazebo_msgs' with build type 'ament_cmake'
[1.414s] INFO:colcon.colcon_cmake.task.cmake.build:Building CMake package in '/home/tejasmk-tkp/Documents/Rudra/Interdomain/Rover/src/gazebo_ros_pkgs/gazebo_msgs'
[1.421s] INFO:colcon.colcon_core.shell:Skip shell extension 'powershell' for command environment: Not usable outside of PowerShell
[1.421s] DEBUG:colcon.colcon_core.shell:Skip shell extension 'dsv' for command environment
[1.434s] INFO:colcon.colcon_cmake.task.cmake.build:Building CMake package in '/home/tejasmk-tkp/Documents/Rudra/Interdomain/Rover/src/Autonomous_Navigation/matplotlib-cpp'
[1.441s] INFO:colcon.colcon_core.shell:Skip shell extension 'powershell' for command environment: Not usable outside of PowerShell
[1.441s] DEBUG:colcon.colcon_core.shell:Skip shell extension 'dsv' for command environment
[1.457s] DEBUG:colcon.colcon_core.event_handler.log_command:Invoking command in '/home/tejasmk-tkp/Documents/Rudra/Interdomain/Rover/build/gazebo_dev': CMAKE_PREFIX_PATH=/opt/ros/iron CONDA_PROMPT_MODIFIER=(rover_andes) /usr/bin/cmake --build /home/tejasmk-tkp/Documents/Rudra/Interdomain/Rover/build/gazebo_dev -- -j16 -l16
[1.461s] DEBUG:colcon.colcon_core.event_handler.log_command:Invoking command in '/home/tejasmk-tkp/Documents/Rudra/Interdomain/Rover/build/gazebo_msgs': CMAKE_PREFIX_PATH=/opt/ros/iron CONDA_PROMPT_MODIFIER=(rover_andes) /usr/bin/cmake --build /home/tejasmk-tkp/Documents/Rudra/Interdomain/Rover/build/gazebo_msgs -- -j16 -l16
[1.465s] DEBUG:colcon.colcon_core.event_handler.log_command:Invoking command in '/home/tejasmk-tkp/Documents/Rudra/Interdomain/Rover/build/matplotlib_cpp': CONDA_PROMPT_MODIFIER=(rover_andes) /usr/bin/cmake --build /home/tejasmk-tkp/Documents/Rudra/Interdomain/Rover/build/matplotlib_cpp -- -j16 -l16
[1.552s] DEBUG:colcon.colcon_core.event_handler.log_command:Invoked command in '/home/tejasmk-tkp/Documents/Rudra/Interdomain/Rover/build/gazebo_dev' returned '0': CMAKE_PREFIX_PATH=/opt/ros/iron CONDA_PROMPT_MODIFIER=(rover_andes) /usr/bin/cmake --build /home/tejasmk-tkp/Documents/Rudra/Interdomain/Rover/build/gazebo_dev -- -j16 -l16
[1.577s] DEBUG:colcon.colcon_core.event_handler.log_command:Invoking command in '/home/tejasmk-tkp/Documents/Rudra/Interdomain/Rover/build/gazebo_dev': CMAKE_PREFIX_PATH=/opt/ros/iron CONDA_PROMPT_MODIFIER=(rover_andes) /usr/bin/cmake --install /home/tejasmk-tkp/Documents/Rudra/Interdomain/Rover/build/gazebo_dev
[1.585s] Level 1:colcon.colcon_core.environment:create_environment_scripts_only(gazebo_dev)
[1.585s] DEBUG:colcon.colcon_core.event_handler.log_command:Invoked command in '/home/tejasmk-tkp/Documents/Rudra/Interdomain/Rover/build/gazebo_dev' returned '0': CMAKE_PREFIX_PATH=/opt/ros/iron CONDA_PROMPT_MODIFIER=(rover_andes) /usr/bin/cmake --install /home/tejasmk-tkp/Documents/Rudra/Interdomain/Rover/build/gazebo_dev
[1.608s] Level 1:colcon.colcon_core.environment:checking '/home/tejasmk-tkp/Documents/Rudra/Interdomain/Rover/install/gazebo_dev' for CMake module files
[1.608s] Level 1:colcon.colcon_core.environment:checking '/home/tejasmk-tkp/Documents/Rudra/Interdomain/Rover/install/gazebo_dev' for CMake config files
[1.609s] Level 1:colcon.colcon_core.shell:create_environment_hook('gazebo_dev', 'cmake_prefix_path')
[1.617s] INFO:colcon.colcon_core.shell:Creating environment hook '/home/tejasmk-tkp/Documents/Rudra/Interdomain/Rover/install/gazebo_dev/share/gazebo_dev/hook/cmake_prefix_path.ps1'
[1.619s] INFO:colcon.colcon_core.shell:Creating environment descriptor '/home/tejasmk-tkp/Documents/Rudra/Interdomain/Rover/install/gazebo_dev/share/gazebo_dev/hook/cmake_prefix_path.dsv'
[1.619s] INFO:colcon.colcon_core.shell:Creating environment hook '/home/tejasmk-tkp/Documents/Rudra/Interdomain/Rover/install/gazebo_dev/share/gazebo_dev/hook/cmake_prefix_path.sh'
[1.620s] Level 1:colcon.colcon_core.environment:checking '/home/tejasmk-tkp/Documents/Rudra/Interdomain/Rover/install/gazebo_dev/bin'
[1.620s] Level 1:colcon.colcon_core.environment:checking '/home/tejasmk-tkp/Documents/Rudra/Interdomain/Rover/install/gazebo_dev/lib/pkgconfig/gazebo_dev.pc'
[1.620s] Level 1:colcon.colcon_core.environment:checking '/home/tejasmk-tkp/Documents/Rudra/Interdomain/Rover/install/gazebo_dev/lib/python3.10/site-packages'
[1.620s] Level 1:colcon.colcon_core.environment:checking '/home/tejasmk-tkp/Documents/Rudra/Interdomain/Rover/install/gazebo_dev/bin'
[1.627s] INFO:colcon.colcon_core.shell:Creating package script '/home/tejasmk-tkp/Documents/Rudra/Interdomain/Rover/install/gazebo_dev/share/gazebo_dev/package.ps1'
[1.629s] INFO:colcon.colcon_core.shell:Creating package descriptor '/home/tejasmk-tkp/Documents/Rudra/Interdomain/Rover/install/gazebo_dev/share/gazebo_dev/package.dsv'
[1.629s] INFO:colcon.colcon_core.shell:Creating package script '/home/tejasmk-tkp/Documents/Rudra/Interdomain/Rover/install/gazebo_dev/share/gazebo_dev/package.sh'
[1.630s] INFO:colcon.colcon_core.shell:Creating package script '/home/tejasmk-tkp/Documents/Rudra/Interdomain/Rover/install/gazebo_dev/share/gazebo_dev/package.bash'
[1.632s] INFO:colcon.colcon_core.shell:Creating package script '/home/tejasmk-tkp/Documents/Rudra/Interdomain/Rover/install/gazebo_dev/share/gazebo_dev/package.zsh'
[1.633s] Level 1:colcon.colcon_core.environment:create_file_with_runtime_dependencies(/home/tejasmk-tkp/Documents/Rudra/Interdomain/Rover/install/gazebo_dev/share/colcon-core/packages/gazebo_dev)
[1.634s] DEBUG:colcon.colcon_core.event_handler.log_command:Invoked command in '/home/tejasmk-tkp/Documents/Rudra/Interdomain/Rover/build/matplotlib_cpp' returned '0': CONDA_PROMPT_MODIFIER=(rover_andes) /usr/bin/cmake --build /home/tejasmk-tkp/Documents/Rudra/Interdomain/Rover/build/matplotlib_cpp -- -j16 -l16
[1.650s] Level 1:colcon.colcon_core.environment:create_environment_scripts_only(gazebo_dev)
[1.658s] Level 1:colcon.colcon_core.environment:checking '/home/tejasmk-tkp/Documents/Rudra/Interdomain/Rover/install/gazebo_dev' for CMake module files
[1.658s] Level 1:colcon.colcon_core.environment:checking '/home/tejasmk-tkp/Documents/Rudra/Interdomain/Rover/install/gazebo_dev' for CMake config files
[1.658s] Level 1:colcon.colcon_core.shell:create_environment_hook('gazebo_dev', 'cmake_prefix_path')
[1.666s] INFO:colcon.colcon_core.shell:Creating environment hook '/home/tejasmk-tkp/Documents/Rudra/Interdomain/Rover/install/gazebo_dev/share/gazebo_dev/hook/cmake_prefix_path.ps1'
[1.666s] INFO:colcon.colcon_core.shell:Creating environment descriptor '/home/tejasmk-tkp/Documents/Rudra/Interdomain/Rover/install/gazebo_dev/share/gazebo_dev/hook/cmake_prefix_path.dsv'
[1.666s] INFO:colcon.colcon_core.shell:Creating environment hook '/home/tejasmk-tkp/Documents/Rudra/Interdomain/Rover/install/gazebo_dev/share/gazebo_dev/hook/cmake_prefix_path.sh'
[1.667s] Level 1:colcon.colcon_core.environment:checking '/home/tejasmk-tkp/Documents/Rudra/Interdomain/Rover/install/gazebo_dev/bin'
[1.667s] Level 1:colcon.colcon_core.environment:checking '/home/tejasmk-tkp/Documents/Rudra/Interdomain/Rover/install/gazebo_dev/lib/pkgconfig/gazebo_dev.pc'
[1.667s] Level 1:colcon.colcon_core.environment:checking '/home/tejasmk-tkp/Documents/Rudra/Interdomain/Rover/install/gazebo_dev/lib/python3.10/site-packages'
[1.667s] Level 1:colcon.colcon_core.environment:checking '/home/tejasmk-tkp/Documents/Rudra/Interdomain/Rover/install/gazebo_dev/bin'
[1.675s] INFO:colcon.colcon_core.shell:Creating package script '/home/tejasmk-tkp/Documents/Rudra/Interdomain/Rover/install/gazebo_dev/share/gazebo_dev/package.ps1'
[1.675s] INFO:colcon.colcon_core.shell:Creating package descriptor '/home/tejasmk-tkp/Documents/Rudra/Interdomain/Rover/install/gazebo_dev/share/gazebo_dev/package.dsv'
[1.675s] INFO:colcon.colcon_core.shell:Creating package script '/home/tejasmk-tkp/Documents/Rudra/Interdomain/Rover/install/gazebo_dev/share/gazebo_dev/package.sh'
[1.676s] INFO:colcon.colcon_core.shell:Creating package script '/home/tejasmk-tkp/Documents/Rudra/Interdomain/Rover/install/gazebo_dev/share/gazebo_dev/package.bash'
[1.676s] INFO:colcon.colcon_core.shell:Creating package script '/home/tejasmk-tkp/Documents/Rudra/Interdomain/Rover/install/gazebo_dev/share/gazebo_dev/package.zsh'
[1.676s] Level 1:colcon.colcon_core.environment:create_file_with_runtime_dependencies(/home/tejasmk-tkp/Documents/Rudra/Interdomain/Rover/install/gazebo_dev/share/colcon-core/packages/gazebo_dev)
[1.678s] DEBUG:colcon.colcon_core.event_handler.log_command:Invoking command in '/home/tejasmk-tkp/Documents/Rudra/Interdomain/Rover/build/matplotlib_cpp': CONDA_PROMPT_MODIFIER=(rover_andes) /usr/bin/cmake --install /home/tejasmk-tkp/Documents/Rudra/Interdomain/Rover/build/matplotlib_cpp
[1.685s] Level 1:colcon.colcon_core.environment:create_environment_scripts_only(matplotlib_cpp)
[1.685s] DEBUG:colcon.colcon_core.event_handler.log_command:Invoked command in '/home/tejasmk-tkp/Documents/Rudra/Interdomain/Rover/build/matplotlib_cpp' returned '0': CONDA_PROMPT_MODIFIER=(rover_andes) /usr/bin/cmake --install /home/tejasmk-tkp/Documents/Rudra/Interdomain/Rover/build/matplotlib_cpp
[1.694s] Level 1:colcon.colcon_core.environment:checking '/home/tejasmk-tkp/Documents/Rudra/Interdomain/Rover/install/matplotlib_cpp' for CMake module files
[1.695s] Level 1:colcon.colcon_core.environment:checking '/home/tejasmk-tkp/Documents/Rudra/Interdomain/Rover/install/matplotlib_cpp' for CMake config files
[1.695s] Level 1:colcon.colcon_core.shell:create_environment_hook('matplotlib_cpp', 'cmake_prefix_path')
[1.704s] INFO:colcon.colcon_core.shell:Creating environment hook '/home/tejasmk-tkp/Documents/Rudra/Interdomain/Rover/install/matplotlib_cpp/share/matplotlib_cpp/hook/cmake_prefix_path.ps1'
[1.705s] INFO:colcon.colcon_core.shell:Creating environment descriptor '/home/tejasmk-tkp/Documents/Rudra/Interdomain/Rover/install/matplotlib_cpp/share/matplotlib_cpp/hook/cmake_prefix_path.dsv'
[1.705s] INFO:colcon.colcon_core.shell:Creating environment hook '/home/tejasmk-tkp/Documents/Rudra/Interdomain/Rover/install/matplotlib_cpp/share/matplotlib_cpp/hook/cmake_prefix_path.sh'
[1.705s] Level 1:colcon.colcon_core.environment:checking '/home/tejasmk-tkp/Documents/Rudra/Interdomain/Rover/install/matplotlib_cpp/lib'
[1.705s] Level 1:colcon.colcon_core.environment:checking '/home/tejasmk-tkp/Documents/Rudra/Interdomain/Rover/install/matplotlib_cpp/bin'
[1.705s] Level 1:colcon.colcon_core.environment:checking '/home/tejasmk-tkp/Documents/Rudra/Interdomain/Rover/install/matplotlib_cpp/lib/pkgconfig/matplotlib_cpp.pc'
[1.705s] Level 1:colcon.colcon_core.environment:checking '/home/tejasmk-tkp/Documents/Rudra/Interdomain/Rover/install/matplotlib_cpp/lib/python3.10/site-packages'
[1.705s] Level 1:colcon.colcon_core.environment:checking '/home/tejasmk-tkp/Documents/Rudra/Interdomain/Rover/install/matplotlib_cpp/bin'
[1.713s] INFO:colcon.colcon_core.shell:Creating package script '/home/tejasmk-tkp/Documents/Rudra/Interdomain/Rover/install/matplotlib_cpp/share/matplotlib_cpp/package.ps1'
[1.713s] INFO:colcon.colcon_core.shell:Creating package descriptor '/home/tejasmk-tkp/Documents/Rudra/Interdomain/Rover/install/matplotlib_cpp/share/matplotlib_cpp/package.dsv'
[1.713s] INFO:colcon.colcon_core.shell:Creating package script '/home/tejasmk-tkp/Documents/Rudra/Interdomain/Rover/install/matplotlib_cpp/share/matplotlib_cpp/package.sh'
[1.713s] INFO:colcon.colcon_core.shell:Creating package script '/home/tejasmk-tkp/Documents/Rudra/Interdomain/Rover/install/matplotlib_cpp/share/matplotlib_cpp/package.bash'
[1.714s] INFO:colcon.colcon_core.shell:Creating package script '/home/tejasmk-tkp/Documents/Rudra/Interdomain/Rover/install/matplotlib_cpp/share/matplotlib_cpp/package.zsh'
[1.714s] Level 1:colcon.colcon_core.environment:create_file_with_runtime_dependencies(/home/tejasmk-tkp/Documents/Rudra/Interdomain/Rover/install/matplotlib_cpp/share/colcon-core/packages/matplotlib_cpp)
[1.791s] DEBUG:colcon.colcon_core.event_handler.log_command:Invoked command in '/home/tejasmk-tkp/Documents/Rudra/Interdomain/Rover/build/gazebo_msgs' returned '0': CMAKE_PREFIX_PATH=/opt/ros/iron CONDA_PROMPT_MODIFIER=(rover_andes) /usr/bin/cmake --build /home/tejasmk-tkp/Documents/Rudra/Interdomain/Rover/build/gazebo_msgs -- -j16 -l16
[2.639s] DEBUG:colcon.colcon_core.event_handler.log_command:Invoking command in '/home/tejasmk-tkp/Documents/Rudra/Interdomain/Rover/build/gazebo_msgs': CMAKE_PREFIX_PATH=/opt/ros/iron CONDA_PROMPT_MODIFIER=(rover_andes) /usr/bin/cmake --install /home/tejasmk-tkp/Documents/Rudra/Interdomain/Rover/build/gazebo_msgs
[2.740s] Level 1:colcon.colcon_core.environment:create_environment_scripts_only(gazebo_msgs)
[2.741s] DEBUG:colcon.colcon_core.event_handler.log_command:Invoked command in '/home/tejasmk-tkp/Documents/Rudra/Interdomain/Rover/build/gazebo_msgs' returned '0': CMAKE_PREFIX_PATH=/opt/ros/iron CONDA_PROMPT_MODIFIER=(rover_andes) /usr/bin/cmake --install /home/tejasmk-tkp/Documents/Rudra/Interdomain/Rover/build/gazebo_msgs
[2.748s] Level 1:colcon.colcon_core.environment:checking '/home/tejasmk-tkp/Documents/Rudra/Interdomain/Rover/install/gazebo_msgs' for CMake module files
[2.748s] Level 1:colcon.colcon_core.environment:checking '/home/tejasmk-tkp/Documents/Rudra/Interdomain/Rover/install/gazebo_msgs' for CMake config files
[2.750s] Level 1:colcon.colcon_core.shell:create_environment_hook('gazebo_msgs', 'cmake_prefix_path')
[2.756s] INFO:colcon.colcon_core.shell:Creating environment hook '/home/tejasmk-tkp/Documents/Rudra/Interdomain/Rover/install/gazebo_msgs/share/gazebo_msgs/hook/cmake_prefix_path.ps1'
[2.756s] INFO:colcon.colcon_core.shell:Creating environment descriptor '/home/tejasmk-tkp/Documents/Rudra/Interdomain/Rover/install/gazebo_msgs/share/gazebo_msgs/hook/cmake_prefix_path.dsv'
[2.757s] INFO:colcon.colcon_core.shell:Creating environment hook '/home/tejasmk-tkp/Documents/Rudra/Interdomain/Rover/install/gazebo_msgs/share/gazebo_msgs/hook/cmake_prefix_path.sh'
[2.757s] Level 1:colcon.colcon_core.environment:checking '/home/tejasmk-tkp/Documents/Rudra/Interdomain/Rover/install/gazebo_msgs/lib'
[2.757s] Level 1:colcon.colcon_core.shell:create_environment_hook('gazebo_msgs', 'ld_library_path_lib')
[2.763s] INFO:colcon.colcon_core.shell:Creating environment hook '/home/tejasmk-tkp/Documents/Rudra/Interdomain/Rover/install/gazebo_msgs/share/gazebo_msgs/hook/ld_library_path_lib.ps1'
[2.763s] INFO:colcon.colcon_core.shell:Creating environment descriptor '/home/tejasmk-tkp/Documents/Rudra/Interdomain/Rover/install/gazebo_msgs/share/gazebo_msgs/hook/ld_library_path_lib.dsv'
[2.763s] INFO:colcon.colcon_core.shell:Creating environment hook '/home/tejasmk-tkp/Documents/Rudra/Interdomain/Rover/install/gazebo_msgs/share/gazebo_msgs/hook/ld_library_path_lib.sh'
[2.764s] Level 1:colcon.colcon_core.environment:checking '/home/tejasmk-tkp/Documents/Rudra/Interdomain/Rover/install/gazebo_msgs/bin'
[2.764s] Level 1:colcon.colcon_core.environment:checking '/home/tejasmk-tkp/Documents/Rudra/Interdomain/Rover/install/gazebo_msgs/lib/pkgconfig/gazebo_msgs.pc'
[2.764s] Level 1:colcon.colcon_core.environment:checking '/home/tejasmk-tkp/Documents/Rudra/Interdomain/Rover/install/gazebo_msgs/lib/python3.10/site-packages'
[2.764s] Level 1:colcon.colcon_core.shell:create_environment_hook('gazebo_msgs', 'pythonpath')
[2.770s] INFO:colcon.colcon_core.shell:Creating environment hook '/home/tejasmk-tkp/Documents/Rudra/Interdomain/Rover/install/gazebo_msgs/share/gazebo_msgs/hook/pythonpath.ps1'
[2.770s] INFO:colcon.colcon_core.shell:Creating environment descriptor '/home/tejasmk-tkp/Documents/Rudra/Interdomain/Rover/install/gazebo_msgs/share/gazebo_msgs/hook/pythonpath.dsv'
[2.770s] INFO:colcon.colcon_core.shell:Creating environment hook '/home/tejasmk-tkp/Documents/Rudra/Interdomain/Rover/install/gazebo_msgs/share/gazebo_msgs/hook/pythonpath.sh'
[2.771s] Level 1:colcon.colcon_core.environment:checking '/home/tejasmk-tkp/Documents/Rudra/Interdomain/Rover/install/gazebo_msgs/bin'
[2.777s] INFO:colcon.colcon_core.shell:Creating package script '/home/tejasmk-tkp/Documents/Rudra/Interdomain/Rover/install/gazebo_msgs/share/gazebo_msgs/package.ps1'
[2.777s] INFO:colcon.colcon_core.shell:Creating package descriptor '/home/tejasmk-tkp/Documents/Rudra/Interdomain/Rover/install/gazebo_msgs/share/gazebo_msgs/package.dsv'
[2.777s] INFO:colcon.colcon_core.shell:Creating package script '/home/tejasmk-tkp/Documents/Rudra/Interdomain/Rover/install/gazebo_msgs/share/gazebo_msgs/package.sh'
[2.778s] INFO:colcon.colcon_core.shell:Creating package script '/home/tejasmk-tkp/Documents/Rudra/Interdomain/Rover/install/gazebo_msgs/share/gazebo_msgs/package.bash'
[2.778s] INFO:colcon.colcon_core.shell:Creating package script '/home/tejasmk-tkp/Documents/Rudra/Interdomain/Rover/install/gazebo_msgs/share/gazebo_msgs/package.zsh'
[2.778s] Level 1:colcon.colcon_core.environment:create_file_with_runtime_dependencies(/home/tejasmk-tkp/Documents/Rudra/Interdomain/Rover/install/gazebo_msgs/share/colcon-core/packages/gazebo_msgs)
[3.781s] Level 1:colcon.colcon_core.environment:create_environment_scripts_only(gazebo_msgs)
[3.789s] Level 1:colcon.colcon_core.environment:checking '/home/tejasmk-tkp/Documents/Rudra/Interdomain/Rover/install/gazebo_msgs' for CMake module files
[3.789s] Level 1:colcon.colcon_core.environment:checking '/home/tejasmk-tkp/Documents/Rudra/Interdomain/Rover/install/gazebo_msgs' for CMake config files
[3.790s] Level 1:colcon.colcon_core.shell:create_environment_hook('gazebo_msgs', 'cmake_prefix_path')
[3.796s] INFO:colcon.colcon_core.shell:Creating environment hook '/home/tejasmk-tkp/Documents/Rudra/Interdomain/Rover/install/gazebo_msgs/share/gazebo_msgs/hook/cmake_prefix_path.ps1'
[3.796s] INFO:colcon.colcon_core.shell:Creating environment descriptor '/home/tejasmk-tkp/Documents/Rudra/Interdomain/Rover/install/gazebo_msgs/share/gazebo_msgs/hook/cmake_prefix_path.dsv'
[3.797s] INFO:colcon.colcon_core.shell:Creating environment hook '/home/tejasmk-tkp/Documents/Rudra/Interdomain/Rover/install/gazebo_msgs/share/gazebo_msgs/hook/cmake_prefix_path.sh'
[3.797s] Level 1:colcon.colcon_core.environment:checking '/home/tejasmk-tkp/Documents/Rudra/Interdomain/Rover/install/gazebo_msgs/lib'
[3.797s] Level 1:colcon.colcon_core.shell:create_environment_hook('gazebo_msgs', 'ld_library_path_lib')
[3.803s] INFO:colcon.colcon_core.shell:Creating environment hook '/home/tejasmk-tkp/Documents/Rudra/Interdomain/Rover/install/gazebo_msgs/share/gazebo_msgs/hook/ld_library_path_lib.ps1'
[3.803s] INFO:colcon.colcon_core.shell:Creating environment descriptor '/home/tejasmk-tkp/Documents/Rudra/Interdomain/Rover/install/gazebo_msgs/share/gazebo_msgs/hook/ld_library_path_lib.dsv'
[3.803s] INFO:colcon.colcon_core.shell:Creating environment hook '/home/tejasmk-tkp/Documents/Rudra/Interdomain/Rover/install/gazebo_msgs/share/gazebo_msgs/hook/ld_library_path_lib.sh'
[3.804s] Level 1:colcon.colcon_core.environment:checking '/home/tejasmk-tkp/Documents/Rudra/Interdomain/Rover/install/gazebo_msgs/bin'
[3.804s] Level 1:colcon.colcon_core.environment:checking '/home/tejasmk-tkp/Documents/Rudra/Interdomain/Rover/install/gazebo_msgs/lib/pkgconfig/gazebo_msgs.pc'
[3.804s] Level 1:colcon.colcon_core.environment:checking '/home/tejasmk-tkp/Documents/Rudra/Interdomain/Rover/install/gazebo_msgs/lib/python3.10/site-packages'
[3.804s] Level 1:colcon.colcon_core.shell:create_environment_hook('gazebo_msgs', 'pythonpath')
[3.810s] INFO:colcon.colcon_core.shell:Creating environment hook '/home/tejasmk-tkp/Documents/Rudra/Interdomain/Rover/install/gazebo_msgs/share/gazebo_msgs/hook/pythonpath.ps1'
[3.810s] INFO:colcon.colcon_core.shell:Creating environment descriptor '/home/tejasmk-tkp/Documents/Rudra/Interdomain/Rover/install/gazebo_msgs/share/gazebo_msgs/hook/pythonpath.dsv'
[3.810s] INFO:colcon.colcon_core.shell:Creating environment hook '/home/tejasmk-tkp/Documents/Rudra/Interdomain/Rover/install/gazebo_msgs/share/gazebo_msgs/hook/pythonpath.sh'
[3.810s] Level 1:colcon.colcon_core.environment:checking '/home/tejasmk-tkp/Documents/Rudra/Interdomain/Rover/install/gazebo_msgs/bin'
[3.817s] INFO:colcon.colcon_core.shell:Creating package script '/home/tejasmk-tkp/Documents/Rudra/Interdomain/Rover/install/gazebo_msgs/share/gazebo_msgs/package.ps1'
[3.817s] INFO:colcon.colcon_core.shell:Creating package descriptor '/home/tejasmk-tkp/Documents/Rudra/Interdomain/Rover/install/gazebo_msgs/share/gazebo_msgs/package.dsv'
[3.817s] INFO:colcon.colcon_core.shell:Creating package script '/home/tejasmk-tkp/Documents/Rudra/Interdomain/Rover/install/gazebo_msgs/share/gazebo_msgs/package.sh'
[3.817s] INFO:colcon.colcon_core.shell:Creating package script '/home/tejasmk-tkp/Documents/Rudra/Interdomain/Rover/install/gazebo_msgs/share/gazebo_msgs/package.bash'
[3.818s] INFO:colcon.colcon_core.shell:Creating package script '/home/tejasmk-tkp/Documents/Rudra/Interdomain/Rover/install/gazebo_msgs/share/gazebo_msgs/package.zsh'
[3.818s] Level 1:colcon.colcon_core.environment:create_file_with_runtime_dependencies(/home/tejasmk-tkp/Documents/Rudra/Interdomain/Rover/install/gazebo_msgs/share/colcon-core/packages/gazebo_msgs)
[3.818s] INFO:colcon.colcon_ros.task.ament_cmake.build:Building ROS package in '/home/tejasmk-tkp/Documents/Rudra/Interdomain/Rover/src/gazebo_ros_pkgs/gazebo_ros' with build type 'ament_cmake'
[3.818s] INFO:colcon.colcon_cmake.task.cmake.build:Building CMake package in '/home/tejasmk-tkp/Documents/Rudra/Interdomain/Rover/src/gazebo_ros_pkgs/gazebo_ros'
[3.825s] INFO:colcon.colcon_core.shell:Skip shell extension 'powershell' for command environment: Not usable outside of PowerShell
[3.825s] DEBUG:colcon.colcon_core.shell:Skip shell extension 'dsv' for command environment
[3.845s] DEBUG:colcon.colcon_core.event_handler.log_command:Invoking command in '/home/tejasmk-tkp/Documents/Rudra/Interdomain/Rover/build/gazebo_ros': AMENT_PREFIX_PATH=/home/tejasmk-tkp/Documents/Rudra/Interdomain/Rover/install/gazebo_msgs:/home/tejasmk-tkp/Documents/Rudra/Interdomain/Rover/install/gazebo_dev:${AMENT_PREFIX_PATH} CMAKE_PREFIX_PATH=/home/tejasmk-tkp/Documents/Rudra/Interdomain/Rover/install/gazebo_msgs:/home/tejasmk-tkp/Documents/Rudra/Interdomain/Rover/install/gazebo_dev:/opt/ros/iron CONDA_PROMPT_MODIFIER=(rover_andes) LD_LIBRARY_PATH=/home/tejasmk-tkp/Documents/Rudra/Interdomain/Rover/install/gazebo_msgs/lib:${LD_LIBRARY_PATH} PYTHONPATH=/home/tejasmk-tkp/Documents/Rudra/Interdomain/Rover/install/gazebo_msgs/lib/python3.10/site-packages:${PYTHONPATH} /usr/bin/cmake --build /home/tejasmk-tkp/Documents/Rudra/Interdomain/Rover/build/gazebo_ros -- -j16 -l16
