[ 18%] Built target minimal
[ 18%] Built target modern
[ 18%] Built target xkcd
[ 25%] Built target basic
[ 31%] Built target fill_inbetween
[ 37%] Built target animation
[ 43%] Built target nonblock
[ 50%] Built target fill
[ 56%] Built target lines3d
[ 62%] Built target subplot2grid
[ 84%] Built target bar
[ 84%] Built target contour
[ 87%] Built target spy
[ 87%] Built target colorbar
[ 93%] Built target surface
[100%] Built target update
-- Install configuration: ""
-- Up-to-date: /home/tejasmk-tkp/Documents/Rudra/Interdomain/Rover/install/matplotlib_cpp/include/matplotlibcpp.h
-- Up-to-date: /home/tejasmk-tkp/Documents/Rudra/Interdomain/Rover/install/matplotlib_cpp/lib/matplotlib_cpp/cmake/matplotlib_cppTargets.cmake
-- Up-to-date: /home/tejasmk-tkp/Documents/Rudra/Interdomain/Rover/install/matplotlib_cpp/lib/matplotlib_cpp/cmake/matplotlib_cppConfig.cmake
