[0.027s] Invoking command in '/home/tejasmk-tkp/Documents/Rudra/Interdomain/Rover/build/matplotlib_cpp': CONDA_PROMPT_MODIFIER=(rover_andes) /usr/bin/cmake /home/tejasmk-tkp/Documents/Rudra/Interdomain/Rover/src/Autonomous_Navigation/matplotlib-cpp -DCMAKE_INSTALL_PREFIX=/home/tejasmk-tkp/Documents/Rudra/Interdomain/Rover/install/matplotlib_cpp
[0.155s] -- The CXX compiler identification is GNU 11.4.0
[0.165s] -- Detecting CXX compiler ABI info
[0.215s] -- Detecting CXX compiler ABI info - done
[0.219s] -- Check for working CXX compiler: /usr/bin/c++ - skipped
[0.219s] -- Detecting CXX compile features
[0.221s] -- Detecting CXX compile features - done
[0.395s] -- Found Python3: /usr/bin/python3.10 (found version "3.10.12") found components: Interpreter Development Development.Module Development.Embed 
[0.691s] -- Found Python3: /usr/include/python3.10 (found version "3.10.12") found components: NumPy Interpreter Development.Module 
[0.695s] -- Configuring done
[0.706s] -- Generating done
[0.707s] -- Build files have been written to: /home/tejasmk-tkp/Documents/Rudra/Interdomain/Rover/build/matplotlib_cpp
[0.709s] Invoked command in '/home/tejasmk-tkp/Documents/Rudra/Interdomain/Rover/build/matplotlib_cpp' returned '0': CONDA_PROMPT_MODIFIER=(rover_andes) /usr/bin/cmake /home/tejasmk-tkp/Documents/Rudra/Interdomain/Rover/src/Autonomous_Navigation/matplotlib-cpp -DCMAKE_INSTALL_PREFIX=/home/tejasmk-tkp/Documents/Rudra/Interdomain/Rover/install/matplotlib_cpp
[0.710s] Invoking command in '/home/tejasmk-tkp/Documents/Rudra/Interdomain/Rover/build/matplotlib_cpp': CONDA_PROMPT_MODIFIER=(rover_andes) /usr/bin/cmake --build /home/tejasmk-tkp/Documents/Rudra/Interdomain/Rover/build/matplotlib_cpp -- -j16 -l16
[0.739s] [  9%] [32mBuilding CXX object CMakeFiles/modern.dir/examples/modern.cpp.o[0m
[0.740s] [  3%] [32mBuilding CXX object CMakeFiles/basic.dir/examples/basic.cpp.o[0m
[0.740s] [  9%] [32mBuilding CXX object CMakeFiles/animation.dir/examples/animation.cpp.o[0m
[0.740s] [ 12%] [32mBuilding CXX object CMakeFiles/minimal.dir/examples/minimal.cpp.o[0m
[0.740s] [ 15%] [32mBuilding CXX object CMakeFiles/nonblock.dir/examples/nonblock.cpp.o[0m
[0.740s] [ 18%] [32mBuilding CXX object CMakeFiles/bar.dir/examples/bar.cpp.o[0m
[0.740s] [ 21%] [32mBuilding CXX object CMakeFiles/fill.dir/examples/fill.cpp.o[0m
[0.740s] [ 25%] [32mBuilding CXX object CMakeFiles/update.dir/examples/update.cpp.o[0m
[0.740s] [ 28%] [32mBuilding CXX object CMakeFiles/lines3d.dir/examples/lines3d.cpp.o[0m
[0.741s] [ 31%] [32mBuilding CXX object CMakeFiles/surface.dir/examples/surface.cpp.o[0m
[0.742s] [ 34%] [32mBuilding CXX object CMakeFiles/fill_inbetween.dir/examples/fill_inbetween.cpp.o[0m
[0.748s] [ 40%] [32mBuilding CXX object CMakeFiles/colorbar.dir/examples/colorbar.cpp.o[0m
[0.748s] [ 40%] [32mBuilding CXX object CMakeFiles/contour.dir/examples/contour.cpp.o[0m
[0.748s] [ 43%] [32mBuilding CXX object CMakeFiles/xkcd.dir/examples/xkcd.cpp.o[0m
[0.750s] [ 46%] [32mBuilding CXX object CMakeFiles/spy.dir/examples/spy.cpp.o[0m
[0.754s] [ 50%] [32mBuilding CXX object CMakeFiles/subplot2grid.dir/examples/subplot2grid.cpp.o[0m
[1.642s] [ 53%] [32m[1mLinking CXX executable bin/subplot2grid[0m
[1.648s] [ 56%] [32m[1mLinking CXX executable bin/bar[0m
[1.648s] [ 59%] [32m[1mLinking CXX executable bin/modern[0m
[1.650s] [ 62%] [32m[1mLinking CXX executable bin/xkcd[0m
[1.650s] [ 65%] [32m[1mLinking CXX executable bin/basic[0m
[1.656s] [ 68%] [32m[1mLinking CXX executable bin/nonblock[0m
[1.666s] [ 71%] [32m[1mLinking CXX executable bin/animation[0m
[1.668s] [ 75%] [32m[1mLinking CXX executable bin/lines3d[0m
[1.676s] [ 78%] [32m[1mLinking CXX executable bin/colorbar[0m
[1.687s] [ 81%] [32m[1mLinking CXX executable bin/fill_inbetween[0m
[1.715s] [ 87%] [32m[1mLinking CXX executable bin/contour[0m
[1.716s] [ 87%] [32m[1mLinking CXX executable bin/fill[0m
[1.729s] [ 93%] [32m[1mLinking CXX executable bin/update[0m
[1.729s] [ 93%] [32m[1mLinking CXX executable bin/surface[0m
[1.747s] [ 96%] [32m[1mLinking CXX executable bin/spy[0m
[1.928s] [100%] [32m[1mLinking CXX executable bin/minimal[0m
[1.963s] [100%] Built target colorbar
[1.971s] [100%] Built target subplot2grid
[1.996s] [100%] Built target bar
[2.003s] [100%] Built target modern
[2.003s] [100%] Built target basic
[2.010s] [100%] Built target xkcd
[2.014s] [100%] Built target animation
[2.021s] [100%] Built target nonblock
[2.023s] [100%] Built target lines3d
[2.035s] [100%] Built target fill_inbetween
[2.035s] [100%] Built target spy
[2.038s] [100%] Built target surface
[2.040s] [100%] Built target update
[2.040s] [100%] Built target contour
[2.043s] [100%] Built target fill
[2.057s] [100%] Built target minimal
[2.064s] Invoked command in '/home/tejasmk-tkp/Documents/Rudra/Interdomain/Rover/build/matplotlib_cpp' returned '0': CONDA_PROMPT_MODIFIER=(rover_andes) /usr/bin/cmake --build /home/tejasmk-tkp/Documents/Rudra/Interdomain/Rover/build/matplotlib_cpp -- -j16 -l16
[2.093s] Invoking command in '/home/tejasmk-tkp/Documents/Rudra/Interdomain/Rover/build/matplotlib_cpp': CONDA_PROMPT_MODIFIER=(rover_andes) /usr/bin/cmake --install /home/tejasmk-tkp/Documents/Rudra/Interdomain/Rover/build/matplotlib_cpp
[2.098s] -- Install configuration: ""
[2.098s] -- Installing: /home/tejasmk-tkp/Documents/Rudra/Interdomain/Rover/install/matplotlib_cpp/include/matplotlibcpp.h
[2.098s] -- Installing: /home/tejasmk-tkp/Documents/Rudra/Interdomain/Rover/install/matplotlib_cpp/lib/matplotlib_cpp/cmake/matplotlib_cppTargets.cmake
[2.098s] -- Installing: /home/tejasmk-tkp/Documents/Rudra/Interdomain/Rover/install/matplotlib_cpp/lib/matplotlib_cpp/cmake/matplotlib_cppConfig.cmake
[2.099s] Invoked command in '/home/tejasmk-tkp/Documents/Rudra/Interdomain/Rover/build/matplotlib_cpp' returned '0': CONDA_PROMPT_MODIFIER=(rover_andes) /usr/bin/cmake --install /home/tejasmk-tkp/Documents/Rudra/Interdomain/Rover/build/matplotlib_cpp
