[0.440s] DEBUG:colcon:Command line arguments: ['/usr/bin/colcon', 'build']
[0.440s] DEBUG:colcon:Parsed command line arguments: Namespace(log_base=None, log_level=None, verb_name='build', build_base='build', install_base='install', merge_install=False, symlink_install=False, test_result_base=None, continue_on_error=False, executor='parallel', parallel_workers=16, event_handlers=None, ignore_user_meta=False, metas=['./colcon.meta'], base_paths=['.'], packages_ignore=None, packages_ignore_regex=None, paths=None, packages_up_to=None, packages_up_to_regex=None, packages_above=None, packages_above_and_dependencies=None, packages_above_depth=None, packages_select_by_dep=None, packages_skip_by_dep=None, packages_skip_up_to=None, packages_select_build_failed=False, packages_skip_build_finished=False, packages_select_test_failures=False, packages_skip_test_passed=False, packages_select=None, packages_skip=None, packages_select_regex=None, packages_skip_regex=None, packages_start=None, packages_end=None, allow_overriding=[], cmake_args=None, cmake_target=None, cmake_target_skip_unavailable=False, cmake_clean_cache=False, cmake_clean_first=False, cmake_force_configure=False, ament_cmake_args=None, catkin_cmake_args=None, catkin_skip_building_tests=False, verb_parser=<colcon_defaults.argument_parser.defaults.DefaultArgumentsDecorator object at 0x7fe5730cab00>, verb_extension=<colcon_core.verb.build.BuildVerb object at 0x7fe573071570>, main=<bound method BuildVerb.main of <colcon_core.verb.build.BuildVerb object at 0x7fe573071570>>)
[0.462s] Level 1:colcon.colcon_core.package_discovery:discover_packages(colcon_meta) check parameters
[0.462s] Level 1:colcon.colcon_core.package_discovery:discover_packages(recursive) check parameters
[0.462s] Level 1:colcon.colcon_core.package_discovery:discover_packages(ignore) check parameters
[0.462s] Level 1:colcon.colcon_core.package_discovery:discover_packages(path) check parameters
[0.462s] Level 1:colcon.colcon_core.package_discovery:discover_packages(colcon_meta) discover
[0.462s] Level 1:colcon.colcon_core.package_discovery:discover_packages(recursive) discover
[0.462s] INFO:colcon.colcon_core.package_discovery:Crawling recursively for packages in '/home/tejasmk-tkp/Documents/Rudra/Interdomain/Rover'
[0.462s] Level 1:colcon.colcon_core.package_identification:_identify(.) by extensions ['ignore', 'ignore_ament_install']
[0.462s] Level 1:colcon.colcon_core.package_identification:_identify(.) by extension 'ignore'
[0.462s] Level 1:colcon.colcon_core.package_identification:_identify(.) by extension 'ignore_ament_install'
[0.462s] Level 1:colcon.colcon_core.package_identification:_identify(.) by extensions ['colcon_pkg']
[0.462s] Level 1:colcon.colcon_core.package_identification:_identify(.) by extension 'colcon_pkg'
[0.462s] Level 1:colcon.colcon_core.package_identification:_identify(.) by extensions ['colcon_meta']
[0.462s] Level 1:colcon.colcon_core.package_identification:_identify(.) by extension 'colcon_meta'
[0.462s] Level 1:colcon.colcon_core.package_identification:_identify(.) by extensions ['ros']
[0.462s] Level 1:colcon.colcon_core.package_identification:_identify(.) by extension 'ros'
[0.468s] Level 1:colcon.colcon_core.package_identification:_identify(.) by extensions ['cmake', 'python']
[0.468s] Level 1:colcon.colcon_core.package_identification:_identify(.) by extension 'cmake'
[0.468s] Level 1:colcon.colcon_core.package_identification:_identify(.) by extension 'python'
[0.468s] Level 1:colcon.colcon_core.package_identification:_identify(.) by extensions ['python_setup_py']
[0.468s] Level 1:colcon.colcon_core.package_identification:_identify(.) by extension 'python_setup_py'
[0.468s] Level 1:colcon.colcon_core.package_identification:_identify(build) by extensions ['ignore', 'ignore_ament_install']
[0.468s] Level 1:colcon.colcon_core.package_identification:_identify(build) by extension 'ignore'
[0.468s] Level 1:colcon.colcon_core.package_identification:_identify(build) ignored
[0.468s] Level 1:colcon.colcon_core.package_identification:_identify(install) by extensions ['ignore', 'ignore_ament_install']
[0.468s] Level 1:colcon.colcon_core.package_identification:_identify(install) by extension 'ignore'
[0.468s] Level 1:colcon.colcon_core.package_identification:_identify(install) ignored
[0.468s] Level 1:colcon.colcon_core.package_identification:_identify(log) by extensions ['ignore', 'ignore_ament_install']
[0.468s] Level 1:colcon.colcon_core.package_identification:_identify(log) by extension 'ignore'
[0.468s] Level 1:colcon.colcon_core.package_identification:_identify(log) ignored
[0.468s] Level 1:colcon.colcon_core.package_identification:_identify(src) by extensions ['ignore', 'ignore_ament_install']
[0.468s] Level 1:colcon.colcon_core.package_identification:_identify(src) by extension 'ignore'
[0.468s] Level 1:colcon.colcon_core.package_identification:_identify(src) by extension 'ignore_ament_install'
[0.469s] Level 1:colcon.colcon_core.package_identification:_identify(src) by extensions ['colcon_pkg']
[0.469s] Level 1:colcon.colcon_core.package_identification:_identify(src) by extension 'colcon_pkg'
[0.469s] Level 1:colcon.colcon_core.package_identification:_identify(src) by extensions ['colcon_meta']
[0.469s] Level 1:colcon.colcon_core.package_identification:_identify(src) by extension 'colcon_meta'
[0.469s] Level 1:colcon.colcon_core.package_identification:_identify(src) by extensions ['ros']
[0.469s] Level 1:colcon.colcon_core.package_identification:_identify(src) by extension 'ros'
[0.469s] Level 1:colcon.colcon_core.package_identification:_identify(src) by extensions ['cmake', 'python']
[0.469s] Level 1:colcon.colcon_core.package_identification:_identify(src) by extension 'cmake'
[0.469s] Level 1:colcon.colcon_core.package_identification:_identify(src) by extension 'python'
[0.469s] Level 1:colcon.colcon_core.package_identification:_identify(src) by extensions ['python_setup_py']
[0.469s] Level 1:colcon.colcon_core.package_identification:_identify(src) by extension 'python_setup_py'
[0.469s] Level 1:colcon.colcon_core.package_identification:_identify(src/Autonomous_Navigation) by extensions ['ignore', 'ignore_ament_install']
[0.469s] Level 1:colcon.colcon_core.package_identification:_identify(src/Autonomous_Navigation) by extension 'ignore'
[0.469s] Level 1:colcon.colcon_core.package_identification:_identify(src/Autonomous_Navigation) by extension 'ignore_ament_install'
[0.469s] Level 1:colcon.colcon_core.package_identification:_identify(src/Autonomous_Navigation) by extensions ['colcon_pkg']
[0.469s] Level 1:colcon.colcon_core.package_identification:_identify(src/Autonomous_Navigation) by extension 'colcon_pkg'
[0.469s] Level 1:colcon.colcon_core.package_identification:_identify(src/Autonomous_Navigation) by extensions ['colcon_meta']
[0.469s] Level 1:colcon.colcon_core.package_identification:_identify(src/Autonomous_Navigation) by extension 'colcon_meta'
[0.469s] Level 1:colcon.colcon_core.package_identification:_identify(src/Autonomous_Navigation) by extensions ['ros']
[0.469s] Level 1:colcon.colcon_core.package_identification:_identify(src/Autonomous_Navigation) by extension 'ros'
[0.469s] Level 1:colcon.colcon_core.package_identification:_identify(src/Autonomous_Navigation) by extensions ['cmake', 'python']
[0.469s] Level 1:colcon.colcon_core.package_identification:_identify(src/Autonomous_Navigation) by extension 'cmake'
[0.469s] Level 1:colcon.colcon_core.package_identification:_identify(src/Autonomous_Navigation) by extension 'python'
[0.469s] Level 1:colcon.colcon_core.package_identification:_identify(src/Autonomous_Navigation) by extensions ['python_setup_py']
[0.469s] Level 1:colcon.colcon_core.package_identification:_identify(src/Autonomous_Navigation) by extension 'python_setup_py'
[0.469s] Level 1:colcon.colcon_core.package_identification:_identify(src/Autonomous_Navigation/matplotlib-cpp) by extensions ['ignore', 'ignore_ament_install']
[0.469s] Level 1:colcon.colcon_core.package_identification:_identify(src/Autonomous_Navigation/matplotlib-cpp) by extension 'ignore'
[0.469s] Level 1:colcon.colcon_core.package_identification:_identify(src/Autonomous_Navigation/matplotlib-cpp) by extension 'ignore_ament_install'
[0.469s] Level 1:colcon.colcon_core.package_identification:_identify(src/Autonomous_Navigation/matplotlib-cpp) by extensions ['colcon_pkg']
[0.469s] Level 1:colcon.colcon_core.package_identification:_identify(src/Autonomous_Navigation/matplotlib-cpp) by extension 'colcon_pkg'
[0.469s] Level 1:colcon.colcon_core.package_identification:_identify(src/Autonomous_Navigation/matplotlib-cpp) by extensions ['colcon_meta']
[0.469s] Level 1:colcon.colcon_core.package_identification:_identify(src/Autonomous_Navigation/matplotlib-cpp) by extension 'colcon_meta'
[0.469s] Level 1:colcon.colcon_core.package_identification:_identify(src/Autonomous_Navigation/matplotlib-cpp) by extensions ['ros']
[0.469s] Level 1:colcon.colcon_core.package_identification:_identify(src/Autonomous_Navigation/matplotlib-cpp) by extension 'ros'
[0.469s] Level 1:colcon.colcon_core.package_identification:_identify(src/Autonomous_Navigation/matplotlib-cpp) by extensions ['cmake', 'python']
[0.469s] Level 1:colcon.colcon_core.package_identification:_identify(src/Autonomous_Navigation/matplotlib-cpp) by extension 'cmake'
[0.470s] Level 1:colcon.colcon_core.package_identification:_identify(src/Autonomous_Navigation/matplotlib-cpp) by extension 'python'
[0.470s] DEBUG:colcon.colcon_core.package_identification:Package 'src/Autonomous_Navigation/matplotlib-cpp' with type 'cmake' and name 'matplotlib_cpp'
[0.470s] Level 1:colcon.colcon_core.package_identification:_identify(src/gazebo_ros_pkgs) by extensions ['ignore', 'ignore_ament_install']
[0.470s] Level 1:colcon.colcon_core.package_identification:_identify(src/gazebo_ros_pkgs) by extension 'ignore'
[0.470s] Level 1:colcon.colcon_core.package_identification:_identify(src/gazebo_ros_pkgs) by extension 'ignore_ament_install'
[0.470s] Level 1:colcon.colcon_core.package_identification:_identify(src/gazebo_ros_pkgs) by extensions ['colcon_pkg']
[0.470s] Level 1:colcon.colcon_core.package_identification:_identify(src/gazebo_ros_pkgs) by extension 'colcon_pkg'
[0.470s] Level 1:colcon.colcon_core.package_identification:_identify(src/gazebo_ros_pkgs) by extensions ['colcon_meta']
[0.470s] Level 1:colcon.colcon_core.package_identification:_identify(src/gazebo_ros_pkgs) by extension 'colcon_meta'
[0.470s] Level 1:colcon.colcon_core.package_identification:_identify(src/gazebo_ros_pkgs) by extensions ['ros']
[0.470s] Level 1:colcon.colcon_core.package_identification:_identify(src/gazebo_ros_pkgs) by extension 'ros'
[0.470s] Level 1:colcon.colcon_core.package_identification:_identify(src/gazebo_ros_pkgs) by extensions ['cmake', 'python']
[0.470s] Level 1:colcon.colcon_core.package_identification:_identify(src/gazebo_ros_pkgs) by extension 'cmake'
[0.470s] Level 1:colcon.colcon_core.package_identification:_identify(src/gazebo_ros_pkgs) by extension 'python'
[0.470s] Level 1:colcon.colcon_core.package_identification:_identify(src/gazebo_ros_pkgs) by extensions ['python_setup_py']
[0.470s] Level 1:colcon.colcon_core.package_identification:_identify(src/gazebo_ros_pkgs) by extension 'python_setup_py'
[0.470s] Level 1:colcon.colcon_core.package_identification:_identify(src/gazebo_ros_pkgs/gazebo_dev) by extensions ['ignore', 'ignore_ament_install']
[0.470s] Level 1:colcon.colcon_core.package_identification:_identify(src/gazebo_ros_pkgs/gazebo_dev) by extension 'ignore'
[0.470s] Level 1:colcon.colcon_core.package_identification:_identify(src/gazebo_ros_pkgs/gazebo_dev) by extension 'ignore_ament_install'
[0.470s] Level 1:colcon.colcon_core.package_identification:_identify(src/gazebo_ros_pkgs/gazebo_dev) by extensions ['colcon_pkg']
[0.470s] Level 1:colcon.colcon_core.package_identification:_identify(src/gazebo_ros_pkgs/gazebo_dev) by extension 'colcon_pkg'
[0.471s] Level 1:colcon.colcon_core.package_identification:_identify(src/gazebo_ros_pkgs/gazebo_dev) by extensions ['colcon_meta']
[0.471s] Level 1:colcon.colcon_core.package_identification:_identify(src/gazebo_ros_pkgs/gazebo_dev) by extension 'colcon_meta'
[0.471s] Level 1:colcon.colcon_core.package_identification:_identify(src/gazebo_ros_pkgs/gazebo_dev) by extensions ['ros']
[0.471s] Level 1:colcon.colcon_core.package_identification:_identify(src/gazebo_ros_pkgs/gazebo_dev) by extension 'ros'
[0.472s] DEBUG:colcon.colcon_core.package_identification:Package 'src/gazebo_ros_pkgs/gazebo_dev' with type 'ros.ament_cmake' and name 'gazebo_dev'
[0.472s] Level 1:colcon.colcon_core.package_identification:_identify(src/gazebo_ros_pkgs/gazebo_msgs) by extensions ['ignore', 'ignore_ament_install']
[0.472s] Level 1:colcon.colcon_core.package_identification:_identify(src/gazebo_ros_pkgs/gazebo_msgs) by extension 'ignore'
[0.472s] Level 1:colcon.colcon_core.package_identification:_identify(src/gazebo_ros_pkgs/gazebo_msgs) by extension 'ignore_ament_install'
[0.472s] Level 1:colcon.colcon_core.package_identification:_identify(src/gazebo_ros_pkgs/gazebo_msgs) by extensions ['colcon_pkg']
[0.472s] Level 1:colcon.colcon_core.package_identification:_identify(src/gazebo_ros_pkgs/gazebo_msgs) by extension 'colcon_pkg'
[0.472s] Level 1:colcon.colcon_core.package_identification:_identify(src/gazebo_ros_pkgs/gazebo_msgs) by extensions ['colcon_meta']
[0.472s] Level 1:colcon.colcon_core.package_identification:_identify(src/gazebo_ros_pkgs/gazebo_msgs) by extension 'colcon_meta'
[0.472s] Level 1:colcon.colcon_core.package_identification:_identify(src/gazebo_ros_pkgs/gazebo_msgs) by extensions ['ros']
[0.472s] Level 1:colcon.colcon_core.package_identification:_identify(src/gazebo_ros_pkgs/gazebo_msgs) by extension 'ros'
[0.473s] DEBUG:colcon.colcon_core.package_identification:Package 'src/gazebo_ros_pkgs/gazebo_msgs' with type 'ros.ament_cmake' and name 'gazebo_msgs'
[0.473s] Level 1:colcon.colcon_core.package_identification:_identify(src/gazebo_ros_pkgs/gazebo_plugins) by extensions ['ignore', 'ignore_ament_install']
[0.473s] Level 1:colcon.colcon_core.package_identification:_identify(src/gazebo_ros_pkgs/gazebo_plugins) by extension 'ignore'
[0.473s] Level 1:colcon.colcon_core.package_identification:_identify(src/gazebo_ros_pkgs/gazebo_plugins) by extension 'ignore_ament_install'
[0.473s] Level 1:colcon.colcon_core.package_identification:_identify(src/gazebo_ros_pkgs/gazebo_plugins) by extensions ['colcon_pkg']
[0.473s] Level 1:colcon.colcon_core.package_identification:_identify(src/gazebo_ros_pkgs/gazebo_plugins) by extension 'colcon_pkg'
[0.473s] Level 1:colcon.colcon_core.package_identification:_identify(src/gazebo_ros_pkgs/gazebo_plugins) by extensions ['colcon_meta']
[0.473s] Level 1:colcon.colcon_core.package_identification:_identify(src/gazebo_ros_pkgs/gazebo_plugins) by extension 'colcon_meta'
[0.473s] Level 1:colcon.colcon_core.package_identification:_identify(src/gazebo_ros_pkgs/gazebo_plugins) by extensions ['ros']
[0.473s] Level 1:colcon.colcon_core.package_identification:_identify(src/gazebo_ros_pkgs/gazebo_plugins) by extension 'ros'
[0.474s] DEBUG:colcon.colcon_core.package_identification:Package 'src/gazebo_ros_pkgs/gazebo_plugins' with type 'ros.ament_cmake' and name 'gazebo_plugins'
[0.474s] Level 1:colcon.colcon_core.package_identification:_identify(src/gazebo_ros_pkgs/gazebo_ros) by extensions ['ignore', 'ignore_ament_install']
[0.474s] Level 1:colcon.colcon_core.package_identification:_identify(src/gazebo_ros_pkgs/gazebo_ros) by extension 'ignore'
[0.474s] Level 1:colcon.colcon_core.package_identification:_identify(src/gazebo_ros_pkgs/gazebo_ros) by extension 'ignore_ament_install'
[0.474s] Level 1:colcon.colcon_core.package_identification:_identify(src/gazebo_ros_pkgs/gazebo_ros) by extensions ['colcon_pkg']
[0.474s] Level 1:colcon.colcon_core.package_identification:_identify(src/gazebo_ros_pkgs/gazebo_ros) by extension 'colcon_pkg'
[0.474s] Level 1:colcon.colcon_core.package_identification:_identify(src/gazebo_ros_pkgs/gazebo_ros) by extensions ['colcon_meta']
[0.474s] Level 1:colcon.colcon_core.package_identification:_identify(src/gazebo_ros_pkgs/gazebo_ros) by extension 'colcon_meta'
[0.474s] Level 1:colcon.colcon_core.package_identification:_identify(src/gazebo_ros_pkgs/gazebo_ros) by extensions ['ros']
[0.474s] Level 1:colcon.colcon_core.package_identification:_identify(src/gazebo_ros_pkgs/gazebo_ros) by extension 'ros'
[0.475s] DEBUG:colcon.colcon_core.package_identification:Package 'src/gazebo_ros_pkgs/gazebo_ros' with type 'ros.ament_cmake' and name 'gazebo_ros'
[0.475s] Level 1:colcon.colcon_core.package_identification:_identify(src/gazebo_ros_pkgs/gazebo_ros_control) by extensions ['ignore', 'ignore_ament_install']
[0.475s] Level 1:colcon.colcon_core.package_identification:_identify(src/gazebo_ros_pkgs/gazebo_ros_control) by extension 'ignore'
[0.475s] Level 1:colcon.colcon_core.package_identification:_identify(src/gazebo_ros_pkgs/gazebo_ros_control) by extension 'ignore_ament_install'
[0.475s] Level 1:colcon.colcon_core.package_identification:_identify(src/gazebo_ros_pkgs/gazebo_ros_control) by extensions ['colcon_pkg']
[0.475s] Level 1:colcon.colcon_core.package_identification:_identify(src/gazebo_ros_pkgs/gazebo_ros_control) by extension 'colcon_pkg'
[0.475s] Level 1:colcon.colcon_core.package_identification:_identify(src/gazebo_ros_pkgs/gazebo_ros_control) by extensions ['colcon_meta']
[0.475s] Level 1:colcon.colcon_core.package_identification:_identify(src/gazebo_ros_pkgs/gazebo_ros_control) by extension 'colcon_meta'
[0.475s] Level 1:colcon.colcon_core.package_identification:_identify(src/gazebo_ros_pkgs/gazebo_ros_control) by extensions ['ros']
[0.475s] Level 1:colcon.colcon_core.package_identification:_identify(src/gazebo_ros_pkgs/gazebo_ros_control) by extension 'ros'
[0.476s] Level 1:colcon.colcon_core.package_identification:_identify(src/gazebo_ros_pkgs/gazebo_ros_control) by extensions ['cmake', 'python']
[0.476s] Level 1:colcon.colcon_core.package_identification:_identify(src/gazebo_ros_pkgs/gazebo_ros_control) by extension 'cmake'
[0.476s] Level 1:colcon.colcon_core.package_identification:_identify(src/gazebo_ros_pkgs/gazebo_ros_control) by extension 'python'
[0.476s] Level 1:colcon.colcon_core.package_identification:_identify(src/gazebo_ros_pkgs/gazebo_ros_control) by extensions ['python_setup_py']
[0.476s] Level 1:colcon.colcon_core.package_identification:_identify(src/gazebo_ros_pkgs/gazebo_ros_control) by extension 'python_setup_py'
[0.476s] Level 1:colcon.colcon_core.package_identification:_identify(src/gazebo_ros_pkgs/gazebo_ros_pkgs) by extensions ['ignore', 'ignore_ament_install']
[0.476s] Level 1:colcon.colcon_core.package_identification:_identify(src/gazebo_ros_pkgs/gazebo_ros_pkgs) by extension 'ignore'
[0.476s] Level 1:colcon.colcon_core.package_identification:_identify(src/gazebo_ros_pkgs/gazebo_ros_pkgs) by extension 'ignore_ament_install'
[0.476s] Level 1:colcon.colcon_core.package_identification:_identify(src/gazebo_ros_pkgs/gazebo_ros_pkgs) by extensions ['colcon_pkg']
[0.476s] Level 1:colcon.colcon_core.package_identification:_identify(src/gazebo_ros_pkgs/gazebo_ros_pkgs) by extension 'colcon_pkg'
[0.476s] Level 1:colcon.colcon_core.package_identification:_identify(src/gazebo_ros_pkgs/gazebo_ros_pkgs) by extensions ['colcon_meta']
[0.476s] Level 1:colcon.colcon_core.package_identification:_identify(src/gazebo_ros_pkgs/gazebo_ros_pkgs) by extension 'colcon_meta'
[0.476s] Level 1:colcon.colcon_core.package_identification:_identify(src/gazebo_ros_pkgs/gazebo_ros_pkgs) by extensions ['ros']
[0.476s] Level 1:colcon.colcon_core.package_identification:_identify(src/gazebo_ros_pkgs/gazebo_ros_pkgs) by extension 'ros'
[0.476s] DEBUG:colcon.colcon_core.package_identification:Package 'src/gazebo_ros_pkgs/gazebo_ros_pkgs' with type 'ros.ament_cmake' and name 'gazebo_ros_pkgs'
[0.476s] Level 1:colcon.colcon_core.package_identification:_identify(src/urdf) by extensions ['ignore', 'ignore_ament_install']
[0.476s] Level 1:colcon.colcon_core.package_identification:_identify(src/urdf) by extension 'ignore'
[0.476s] Level 1:colcon.colcon_core.package_identification:_identify(src/urdf) by extension 'ignore_ament_install'
[0.476s] Level 1:colcon.colcon_core.package_identification:_identify(src/urdf) by extensions ['colcon_pkg']
[0.476s] Level 1:colcon.colcon_core.package_identification:_identify(src/urdf) by extension 'colcon_pkg'
[0.476s] Level 1:colcon.colcon_core.package_identification:_identify(src/urdf) by extensions ['colcon_meta']
[0.476s] Level 1:colcon.colcon_core.package_identification:_identify(src/urdf) by extension 'colcon_meta'
[0.476s] Level 1:colcon.colcon_core.package_identification:_identify(src/urdf) by extensions ['ros']
[0.476s] Level 1:colcon.colcon_core.package_identification:_identify(src/urdf) by extension 'ros'
[0.476s] Level 1:colcon.colcon_core.package_identification:_identify(src/urdf) by extensions ['cmake', 'python']
[0.476s] Level 1:colcon.colcon_core.package_identification:_identify(src/urdf) by extension 'cmake'
[0.476s] Level 1:colcon.colcon_core.package_identification:_identify(src/urdf) by extension 'python'
[0.476s] Level 1:colcon.colcon_core.package_identification:_identify(src/urdf) by extensions ['python_setup_py']
[0.476s] Level 1:colcon.colcon_core.package_identification:_identify(src/urdf) by extension 'python_setup_py'
[0.476s] Level 1:colcon.colcon_core.package_identification:_identify(src/urdf/meshes) by extensions ['ignore', 'ignore_ament_install']
[0.476s] Level 1:colcon.colcon_core.package_identification:_identify(src/urdf/meshes) by extension 'ignore'
[0.476s] Level 1:colcon.colcon_core.package_identification:_identify(src/urdf/meshes) by extension 'ignore_ament_install'
[0.477s] Level 1:colcon.colcon_core.package_identification:_identify(src/urdf/meshes) by extensions ['colcon_pkg']
[0.477s] Level 1:colcon.colcon_core.package_identification:_identify(src/urdf/meshes) by extension 'colcon_pkg'
[0.477s] Level 1:colcon.colcon_core.package_identification:_identify(src/urdf/meshes) by extensions ['colcon_meta']
[0.477s] Level 1:colcon.colcon_core.package_identification:_identify(src/urdf/meshes) by extension 'colcon_meta'
[0.477s] Level 1:colcon.colcon_core.package_identification:_identify(src/urdf/meshes) by extensions ['ros']
[0.477s] Level 1:colcon.colcon_core.package_identification:_identify(src/urdf/meshes) by extension 'ros'
[0.477s] Level 1:colcon.colcon_core.package_identification:_identify(src/urdf/meshes) by extensions ['cmake', 'python']
[0.477s] Level 1:colcon.colcon_core.package_identification:_identify(src/urdf/meshes) by extension 'cmake'
[0.477s] Level 1:colcon.colcon_core.package_identification:_identify(src/urdf/meshes) by extension 'python'
[0.477s] Level 1:colcon.colcon_core.package_identification:_identify(src/urdf/meshes) by extensions ['python_setup_py']
[0.477s] Level 1:colcon.colcon_core.package_identification:_identify(src/urdf/meshes) by extension 'python_setup_py'
[0.477s] Level 1:colcon.colcon_core.package_identification:_identify(src/urdf/meshes/sus) by extensions ['ignore', 'ignore_ament_install']
[0.477s] Level 1:colcon.colcon_core.package_identification:_identify(src/urdf/meshes/sus) by extension 'ignore'
[0.477s] Level 1:colcon.colcon_core.package_identification:_identify(src/urdf/meshes/sus) by extension 'ignore_ament_install'
[0.477s] Level 1:colcon.colcon_core.package_identification:_identify(src/urdf/meshes/sus) by extensions ['colcon_pkg']
[0.477s] Level 1:colcon.colcon_core.package_identification:_identify(src/urdf/meshes/sus) by extension 'colcon_pkg'
[0.477s] Level 1:colcon.colcon_core.package_identification:_identify(src/urdf/meshes/sus) by extensions ['colcon_meta']
[0.477s] Level 1:colcon.colcon_core.package_identification:_identify(src/urdf/meshes/sus) by extension 'colcon_meta'
[0.477s] Level 1:colcon.colcon_core.package_identification:_identify(src/urdf/meshes/sus) by extensions ['ros']
[0.477s] Level 1:colcon.colcon_core.package_identification:_identify(src/urdf/meshes/sus) by extension 'ros'
[0.477s] Level 1:colcon.colcon_core.package_identification:_identify(src/urdf/meshes/sus) by extensions ['cmake', 'python']
[0.477s] Level 1:colcon.colcon_core.package_identification:_identify(src/urdf/meshes/sus) by extension 'cmake'
[0.477s] Level 1:colcon.colcon_core.package_identification:_identify(src/urdf/meshes/sus) by extension 'python'
[0.477s] Level 1:colcon.colcon_core.package_identification:_identify(src/urdf/meshes/sus) by extensions ['python_setup_py']
[0.477s] Level 1:colcon.colcon_core.package_identification:_identify(src/urdf/meshes/sus) by extension 'python_setup_py'
[0.477s] Level 1:colcon.colcon_core.package_discovery:discover_packages(recursive) using defaults
[0.477s] Level 1:colcon.colcon_core.package_discovery:discover_packages(ignore) discover
[0.477s] Level 1:colcon.colcon_core.package_discovery:discover_packages(ignore) using defaults
[0.477s] Level 1:colcon.colcon_core.package_discovery:discover_packages(path) discover
[0.477s] Level 1:colcon.colcon_core.package_discovery:discover_packages(path) using defaults
[0.499s] INFO:colcon.colcon_metadata.metadata.colcon_pkg:Updating descriptor of package 'src/gazebo_ros_pkgs/gazebo_plugins' from colcon.pkg: {'dependencies': ['Gazebo']}
[0.500s] INFO:colcon.colcon_metadata.metadata.colcon_pkg:Updating descriptor of package 'src/gazebo_ros_pkgs/gazebo_dev' from colcon.pkg: {'dependencies': ['Gazebo']}
[0.500s] INFO:colcon.colcon_metadata.metadata.colcon_pkg:Updating descriptor of package 'src/gazebo_ros_pkgs/gazebo_ros' from colcon.pkg: {'dependencies': ['Gazebo']}
[0.519s] Level 1:colcon.colcon_core.package_discovery:discover_packages(prefix_path) check parameters
[0.519s] Level 1:colcon.colcon_core.package_discovery:discover_packages(prefix_path) discover
[0.526s] WARNING:colcon.colcon_ros.prefix_path.catkin:The path '/path/to/your/gazebo/installation' in the environment variable CMAKE_PREFIX_PATH doesn't exist
[0.533s] DEBUG:colcon.colcon_installed_package_information.package_discovery:Found 283 installed packages in /opt/ros/iron
[0.533s] Level 1:colcon.colcon_core.package_discovery:discover_packages(prefix_path) using defaults
[0.577s] Level 5:colcon.colcon_core.verb:set package 'gazebo_dev' build argument 'cmake_args' from command line to 'None'
[0.577s] Level 5:colcon.colcon_core.verb:set package 'gazebo_dev' build argument 'cmake_target' from command line to 'None'
[0.577s] Level 5:colcon.colcon_core.verb:set package 'gazebo_dev' build argument 'cmake_target_skip_unavailable' from command line to 'False'
[0.577s] Level 5:colcon.colcon_core.verb:set package 'gazebo_dev' build argument 'cmake_clean_cache' from command line to 'False'
[0.577s] Level 5:colcon.colcon_core.verb:set package 'gazebo_dev' build argument 'cmake_clean_first' from command line to 'False'
[0.577s] Level 5:colcon.colcon_core.verb:set package 'gazebo_dev' build argument 'cmake_force_configure' from command line to 'False'
[0.577s] Level 5:colcon.colcon_core.verb:set package 'gazebo_dev' build argument 'ament_cmake_args' from command line to 'None'
[0.577s] Level 5:colcon.colcon_core.verb:set package 'gazebo_dev' build argument 'catkin_cmake_args' from command line to 'None'
[0.577s] Level 5:colcon.colcon_core.verb:set package 'gazebo_dev' build argument 'catkin_skip_building_tests' from command line to 'False'
[0.577s] DEBUG:colcon.colcon_core.verb:Building package 'gazebo_dev' with the following arguments: {'ament_cmake_args': None, 'build_base': '/home/tejasmk-tkp/Documents/Rudra/Interdomain/Rover/build/gazebo_dev', 'catkin_cmake_args': None, 'catkin_skip_building_tests': False, 'cmake_args': None, 'cmake_clean_cache': False, 'cmake_clean_first': False, 'cmake_force_configure': False, 'cmake_target': None, 'cmake_target_skip_unavailable': False, 'install_base': '/home/tejasmk-tkp/Documents/Rudra/Interdomain/Rover/install/gazebo_dev', 'merge_install': False, 'path': '/home/tejasmk-tkp/Documents/Rudra/Interdomain/Rover/src/gazebo_ros_pkgs/gazebo_dev', 'symlink_install': False, 'test_result_base': None}
[0.583s] Level 5:colcon.colcon_core.verb:set package 'gazebo_msgs' build argument 'cmake_args' from command line to 'None'
[0.583s] Level 5:colcon.colcon_core.verb:set package 'gazebo_msgs' build argument 'cmake_target' from command line to 'None'
[0.584s] Level 5:colcon.colcon_core.verb:set package 'gazebo_msgs' build argument 'cmake_target_skip_unavailable' from command line to 'False'
[0.584s] Level 5:colcon.colcon_core.verb:set package 'gazebo_msgs' build argument 'cmake_clean_cache' from command line to 'False'
[0.584s] Level 5:colcon.colcon_core.verb:set package 'gazebo_msgs' build argument 'cmake_clean_first' from command line to 'False'
[0.584s] Level 5:colcon.colcon_core.verb:set package 'gazebo_msgs' build argument 'cmake_force_configure' from command line to 'False'
[0.584s] Level 5:colcon.colcon_core.verb:set package 'gazebo_msgs' build argument 'ament_cmake_args' from command line to 'None'
[0.584s] Level 5:colcon.colcon_core.verb:set package 'gazebo_msgs' build argument 'catkin_cmake_args' from command line to 'None'
[0.584s] Level 5:colcon.colcon_core.verb:set package 'gazebo_msgs' build argument 'catkin_skip_building_tests' from command line to 'False'
[0.584s] DEBUG:colcon.colcon_core.verb:Building package 'gazebo_msgs' with the following arguments: {'ament_cmake_args': None, 'build_base': '/home/tejasmk-tkp/Documents/Rudra/Interdomain/Rover/build/gazebo_msgs', 'catkin_cmake_args': None, 'catkin_skip_building_tests': False, 'cmake_args': None, 'cmake_clean_cache': False, 'cmake_clean_first': False, 'cmake_force_configure': False, 'cmake_target': None, 'cmake_target_skip_unavailable': False, 'install_base': '/home/tejasmk-tkp/Documents/Rudra/Interdomain/Rover/install/gazebo_msgs', 'merge_install': False, 'path': '/home/tejasmk-tkp/Documents/Rudra/Interdomain/Rover/src/gazebo_ros_pkgs/gazebo_msgs', 'symlink_install': False, 'test_result_base': None}
[0.590s] Level 5:colcon.colcon_core.verb:set package 'matplotlib_cpp' build argument 'cmake_args' from command line to 'None'
[0.590s] Level 5:colcon.colcon_core.verb:set package 'matplotlib_cpp' build argument 'cmake_target' from command line to 'None'
[0.590s] Level 5:colcon.colcon_core.verb:set package 'matplotlib_cpp' build argument 'cmake_target_skip_unavailable' from command line to 'False'
[0.590s] Level 5:colcon.colcon_core.verb:set package 'matplotlib_cpp' build argument 'cmake_clean_cache' from command line to 'False'
[0.590s] Level 5:colcon.colcon_core.verb:set package 'matplotlib_cpp' build argument 'cmake_clean_first' from command line to 'False'
[0.590s] Level 5:colcon.colcon_core.verb:set package 'matplotlib_cpp' build argument 'cmake_force_configure' from command line to 'False'
[0.590s] Level 5:colcon.colcon_core.verb:set package 'matplotlib_cpp' build argument 'ament_cmake_args' from command line to 'None'
[0.590s] Level 5:colcon.colcon_core.verb:set package 'matplotlib_cpp' build argument 'catkin_cmake_args' from command line to 'None'
[0.590s] Level 5:colcon.colcon_core.verb:set package 'matplotlib_cpp' build argument 'catkin_skip_building_tests' from command line to 'False'
[0.590s] DEBUG:colcon.colcon_core.verb:Building package 'matplotlib_cpp' with the following arguments: {'ament_cmake_args': None, 'build_base': '/home/tejasmk-tkp/Documents/Rudra/Interdomain/Rover/build/matplotlib_cpp', 'catkin_cmake_args': None, 'catkin_skip_building_tests': False, 'cmake_args': None, 'cmake_clean_cache': False, 'cmake_clean_first': False, 'cmake_force_configure': False, 'cmake_target': None, 'cmake_target_skip_unavailable': False, 'install_base': '/home/tejasmk-tkp/Documents/Rudra/Interdomain/Rover/install/matplotlib_cpp', 'merge_install': False, 'path': '/home/tejasmk-tkp/Documents/Rudra/Interdomain/Rover/src/Autonomous_Navigation/matplotlib-cpp', 'symlink_install': False, 'test_result_base': None}
[0.596s] Level 5:colcon.colcon_core.verb:set package 'gazebo_ros' build argument 'cmake_args' from command line to 'None'
[0.596s] Level 5:colcon.colcon_core.verb:set package 'gazebo_ros' build argument 'cmake_target' from command line to 'None'
[0.596s] Level 5:colcon.colcon_core.verb:set package 'gazebo_ros' build argument 'cmake_target_skip_unavailable' from command line to 'False'
[0.596s] Level 5:colcon.colcon_core.verb:set package 'gazebo_ros' build argument 'cmake_clean_cache' from command line to 'False'
[0.596s] Level 5:colcon.colcon_core.verb:set package 'gazebo_ros' build argument 'cmake_clean_first' from command line to 'False'
[0.596s] Level 5:colcon.colcon_core.verb:set package 'gazebo_ros' build argument 'cmake_force_configure' from command line to 'False'
[0.596s] Level 5:colcon.colcon_core.verb:set package 'gazebo_ros' build argument 'ament_cmake_args' from command line to 'None'
[0.596s] Level 5:colcon.colcon_core.verb:set package 'gazebo_ros' build argument 'catkin_cmake_args' from command line to 'None'
[0.597s] Level 5:colcon.colcon_core.verb:set package 'gazebo_ros' build argument 'catkin_skip_building_tests' from command line to 'False'
[0.597s] DEBUG:colcon.colcon_core.verb:Building package 'gazebo_ros' with the following arguments: {'ament_cmake_args': None, 'build_base': '/home/tejasmk-tkp/Documents/Rudra/Interdomain/Rover/build/gazebo_ros', 'catkin_cmake_args': None, 'catkin_skip_building_tests': False, 'cmake_args': None, 'cmake_clean_cache': False, 'cmake_clean_first': False, 'cmake_force_configure': False, 'cmake_target': None, 'cmake_target_skip_unavailable': False, 'install_base': '/home/tejasmk-tkp/Documents/Rudra/Interdomain/Rover/install/gazebo_ros', 'merge_install': False, 'path': '/home/tejasmk-tkp/Documents/Rudra/Interdomain/Rover/src/gazebo_ros_pkgs/gazebo_ros', 'symlink_install': False, 'test_result_base': None}
[0.603s] Level 5:colcon.colcon_core.verb:set package 'gazebo_plugins' build argument 'cmake_args' from command line to 'None'
[0.603s] Level 5:colcon.colcon_core.verb:set package 'gazebo_plugins' build argument 'cmake_target' from command line to 'None'
[0.603s] Level 5:colcon.colcon_core.verb:set package 'gazebo_plugins' build argument 'cmake_target_skip_unavailable' from command line to 'False'
[0.603s] Level 5:colcon.colcon_core.verb:set package 'gazebo_plugins' build argument 'cmake_clean_cache' from command line to 'False'
[0.603s] Level 5:colcon.colcon_core.verb:set package 'gazebo_plugins' build argument 'cmake_clean_first' from command line to 'False'
[0.603s] Level 5:colcon.colcon_core.verb:set package 'gazebo_plugins' build argument 'cmake_force_configure' from command line to 'False'
[0.603s] Level 5:colcon.colcon_core.verb:set package 'gazebo_plugins' build argument 'ament_cmake_args' from command line to 'None'
[0.603s] Level 5:colcon.colcon_core.verb:set package 'gazebo_plugins' build argument 'catkin_cmake_args' from command line to 'None'
[0.603s] Level 5:colcon.colcon_core.verb:set package 'gazebo_plugins' build argument 'catkin_skip_building_tests' from command line to 'False'
[0.603s] DEBUG:colcon.colcon_core.verb:Building package 'gazebo_plugins' with the following arguments: {'ament_cmake_args': None, 'build_base': '/home/tejasmk-tkp/Documents/Rudra/Interdomain/Rover/build/gazebo_plugins', 'catkin_cmake_args': None, 'catkin_skip_building_tests': False, 'cmake_args': None, 'cmake_clean_cache': False, 'cmake_clean_first': False, 'cmake_force_configure': False, 'cmake_target': None, 'cmake_target_skip_unavailable': False, 'install_base': '/home/tejasmk-tkp/Documents/Rudra/Interdomain/Rover/install/gazebo_plugins', 'merge_install': False, 'path': '/home/tejasmk-tkp/Documents/Rudra/Interdomain/Rover/src/gazebo_ros_pkgs/gazebo_plugins', 'symlink_install': False, 'test_result_base': None}
[0.609s] Level 5:colcon.colcon_core.verb:set package 'gazebo_ros_pkgs' build argument 'cmake_args' from command line to 'None'
[0.609s] Level 5:colcon.colcon_core.verb:set package 'gazebo_ros_pkgs' build argument 'cmake_target' from command line to 'None'
[0.609s] Level 5:colcon.colcon_core.verb:set package 'gazebo_ros_pkgs' build argument 'cmake_target_skip_unavailable' from command line to 'False'
[0.609s] Level 5:colcon.colcon_core.verb:set package 'gazebo_ros_pkgs' build argument 'cmake_clean_cache' from command line to 'False'
[0.609s] Level 5:colcon.colcon_core.verb:set package 'gazebo_ros_pkgs' build argument 'cmake_clean_first' from command line to 'False'
[0.609s] Level 5:colcon.colcon_core.verb:set package 'gazebo_ros_pkgs' build argument 'cmake_force_configure' from command line to 'False'
[0.609s] Level 5:colcon.colcon_core.verb:set package 'gazebo_ros_pkgs' build argument 'ament_cmake_args' from command line to 'None'
[0.609s] Level 5:colcon.colcon_core.verb:set package 'gazebo_ros_pkgs' build argument 'catkin_cmake_args' from command line to 'None'
[0.609s] Level 5:colcon.colcon_core.verb:set package 'gazebo_ros_pkgs' build argument 'catkin_skip_building_tests' from command line to 'False'
[0.610s] DEBUG:colcon.colcon_core.verb:Building package 'gazebo_ros_pkgs' with the following arguments: {'ament_cmake_args': None, 'build_base': '/home/tejasmk-tkp/Documents/Rudra/Interdomain/Rover/build/gazebo_ros_pkgs', 'catkin_cmake_args': None, 'catkin_skip_building_tests': False, 'cmake_args': None, 'cmake_clean_cache': False, 'cmake_clean_first': False, 'cmake_force_configure': False, 'cmake_target': None, 'cmake_target_skip_unavailable': False, 'install_base': '/home/tejasmk-tkp/Documents/Rudra/Interdomain/Rover/install/gazebo_ros_pkgs', 'merge_install': False, 'path': '/home/tejasmk-tkp/Documents/Rudra/Interdomain/Rover/src/gazebo_ros_pkgs/gazebo_ros_pkgs', 'symlink_install': False, 'test_result_base': None}
[0.616s] INFO:colcon.colcon_core.executor:Executing jobs using 'parallel' executor
[0.623s] DEBUG:colcon.colcon_parallel_executor.executor.parallel:run_until_complete
[0.623s] INFO:colcon.colcon_ros.task.ament_cmake.build:Building ROS package in '/home/tejasmk-tkp/Documents/Rudra/Interdomain/Rover/src/gazebo_ros_pkgs/gazebo_dev' with build type 'ament_cmake'
[0.623s] INFO:colcon.colcon_cmake.task.cmake.build:Building CMake package in '/home/tejasmk-tkp/Documents/Rudra/Interdomain/Rover/src/gazebo_ros_pkgs/gazebo_dev'
[0.630s] INFO:colcon.colcon_core.plugin_system:Skipping extension 'colcon_core.shell.bat': Not used on non-Windows systems
[0.630s] INFO:colcon.colcon_core.shell:Skip shell extension 'powershell' for command environment: Not usable outside of PowerShell
[0.630s] DEBUG:colcon.colcon_core.shell:Skip shell extension 'dsv' for command environment
[0.644s] INFO:colcon.colcon_ros.task.ament_cmake.build:Building ROS package in '/home/tejasmk-tkp/Documents/Rudra/Interdomain/Rover/src/gazebo_ros_pkgs/gazebo_msgs' with build type 'ament_cmake'
[0.644s] INFO:colcon.colcon_cmake.task.cmake.build:Building CMake package in '/home/tejasmk-tkp/Documents/Rudra/Interdomain/Rover/src/gazebo_ros_pkgs/gazebo_msgs'
[0.651s] INFO:colcon.colcon_core.shell:Skip shell extension 'powershell' for command environment: Not usable outside of PowerShell
[0.651s] DEBUG:colcon.colcon_core.shell:Skip shell extension 'dsv' for command environment
[0.665s] INFO:colcon.colcon_cmake.task.cmake.build:Building CMake package in '/home/tejasmk-tkp/Documents/Rudra/Interdomain/Rover/src/Autonomous_Navigation/matplotlib-cpp'
[0.672s] INFO:colcon.colcon_core.shell:Skip shell extension 'powershell' for command environment: Not usable outside of PowerShell
[0.672s] DEBUG:colcon.colcon_core.shell:Skip shell extension 'dsv' for command environment
[0.689s] DEBUG:colcon.colcon_core.event_handler.log_command:Invoking command in '/home/tejasmk-tkp/Documents/Rudra/Interdomain/Rover/build/gazebo_dev': CMAKE_PREFIX_PATH=${CMAKE_PREFIX_PATH}:/opt/ros/iron CONDA_PROMPT_MODIFIER=(rover_andes) /usr/bin/cmake --build /home/tejasmk-tkp/Documents/Rudra/Interdomain/Rover/build/gazebo_dev -- -j16 -l16
[0.691s] DEBUG:colcon.colcon_core.event_handler.log_command:Invoking command in '/home/tejasmk-tkp/Documents/Rudra/Interdomain/Rover/build/gazebo_msgs': CMAKE_PREFIX_PATH=${CMAKE_PREFIX_PATH}:/opt/ros/iron CONDA_PROMPT_MODIFIER=(rover_andes) /usr/bin/cmake --build /home/tejasmk-tkp/Documents/Rudra/Interdomain/Rover/build/gazebo_msgs -- -j16 -l16
[0.694s] DEBUG:colcon.colcon_core.event_handler.log_command:Invoking command in '/home/tejasmk-tkp/Documents/Rudra/Interdomain/Rover/build/matplotlib_cpp': CONDA_PROMPT_MODIFIER=(rover_andes) /usr/bin/cmake --build /home/tejasmk-tkp/Documents/Rudra/Interdomain/Rover/build/matplotlib_cpp -- -j16 -l16
[0.709s] DEBUG:colcon.colcon_core.event_handler.log_command:Invoked command in '/home/tejasmk-tkp/Documents/Rudra/Interdomain/Rover/build/gazebo_dev' returned '0': CMAKE_PREFIX_PATH=${CMAKE_PREFIX_PATH}:/opt/ros/iron CONDA_PROMPT_MODIFIER=(rover_andes) /usr/bin/cmake --build /home/tejasmk-tkp/Documents/Rudra/Interdomain/Rover/build/gazebo_dev -- -j16 -l16
[0.732s] DEBUG:colcon.colcon_core.event_handler.log_command:Invoking command in '/home/tejasmk-tkp/Documents/Rudra/Interdomain/Rover/build/gazebo_dev': CMAKE_PREFIX_PATH=${CMAKE_PREFIX_PATH}:/opt/ros/iron CONDA_PROMPT_MODIFIER=(rover_andes) /usr/bin/cmake --install /home/tejasmk-tkp/Documents/Rudra/Interdomain/Rover/build/gazebo_dev
[0.738s] Level 1:colcon.colcon_core.environment:create_environment_scripts_only(gazebo_dev)
[0.738s] DEBUG:colcon.colcon_core.event_handler.log_command:Invoked command in '/home/tejasmk-tkp/Documents/Rudra/Interdomain/Rover/build/gazebo_dev' returned '0': CMAKE_PREFIX_PATH=${CMAKE_PREFIX_PATH}:/opt/ros/iron CONDA_PROMPT_MODIFIER=(rover_andes) /usr/bin/cmake --install /home/tejasmk-tkp/Documents/Rudra/Interdomain/Rover/build/gazebo_dev
[0.748s] Level 1:colcon.colcon_core.environment:checking '/home/tejasmk-tkp/Documents/Rudra/Interdomain/Rover/install/gazebo_dev' for CMake module files
[0.748s] Level 1:colcon.colcon_core.environment:checking '/home/tejasmk-tkp/Documents/Rudra/Interdomain/Rover/install/gazebo_dev' for CMake config files
[0.748s] Level 1:colcon.colcon_core.shell:create_environment_hook('gazebo_dev', 'cmake_prefix_path')
[0.756s] INFO:colcon.colcon_core.shell:Creating environment hook '/home/tejasmk-tkp/Documents/Rudra/Interdomain/Rover/install/gazebo_dev/share/gazebo_dev/hook/cmake_prefix_path.ps1'
[0.756s] INFO:colcon.colcon_core.shell:Creating environment descriptor '/home/tejasmk-tkp/Documents/Rudra/Interdomain/Rover/install/gazebo_dev/share/gazebo_dev/hook/cmake_prefix_path.dsv'
[0.757s] INFO:colcon.colcon_core.shell:Creating environment hook '/home/tejasmk-tkp/Documents/Rudra/Interdomain/Rover/install/gazebo_dev/share/gazebo_dev/hook/cmake_prefix_path.sh'
[0.757s] Level 1:colcon.colcon_core.environment:checking '/home/tejasmk-tkp/Documents/Rudra/Interdomain/Rover/install/gazebo_dev/bin'
[0.757s] Level 1:colcon.colcon_core.environment:checking '/home/tejasmk-tkp/Documents/Rudra/Interdomain/Rover/install/gazebo_dev/lib/pkgconfig/gazebo_dev.pc'
[0.757s] Level 1:colcon.colcon_core.environment:checking '/home/tejasmk-tkp/Documents/Rudra/Interdomain/Rover/install/gazebo_dev/lib/python3.10/site-packages'
[0.757s] Level 1:colcon.colcon_core.environment:checking '/home/tejasmk-tkp/Documents/Rudra/Interdomain/Rover/install/gazebo_dev/bin'
[0.765s] INFO:colcon.colcon_core.shell:Creating package script '/home/tejasmk-tkp/Documents/Rudra/Interdomain/Rover/install/gazebo_dev/share/gazebo_dev/package.ps1'
[0.766s] INFO:colcon.colcon_core.shell:Creating package descriptor '/home/tejasmk-tkp/Documents/Rudra/Interdomain/Rover/install/gazebo_dev/share/gazebo_dev/package.dsv'
[0.766s] INFO:colcon.colcon_core.shell:Creating package script '/home/tejasmk-tkp/Documents/Rudra/Interdomain/Rover/install/gazebo_dev/share/gazebo_dev/package.sh'
[0.766s] INFO:colcon.colcon_core.shell:Creating package script '/home/tejasmk-tkp/Documents/Rudra/Interdomain/Rover/install/gazebo_dev/share/gazebo_dev/package.bash'
[0.767s] INFO:colcon.colcon_core.shell:Creating package script '/home/tejasmk-tkp/Documents/Rudra/Interdomain/Rover/install/gazebo_dev/share/gazebo_dev/package.zsh'
[0.767s] Level 1:colcon.colcon_core.environment:create_file_with_runtime_dependencies(/home/tejasmk-tkp/Documents/Rudra/Interdomain/Rover/install/gazebo_dev/share/colcon-core/packages/gazebo_dev)
[0.768s] DEBUG:colcon.colcon_core.event_handler.log_command:Invoked command in '/home/tejasmk-tkp/Documents/Rudra/Interdomain/Rover/build/matplotlib_cpp' returned '0': CONDA_PROMPT_MODIFIER=(rover_andes) /usr/bin/cmake --build /home/tejasmk-tkp/Documents/Rudra/Interdomain/Rover/build/matplotlib_cpp -- -j16 -l16
[0.796s] Level 1:colcon.colcon_core.environment:create_environment_scripts_only(gazebo_dev)
[0.804s] Level 1:colcon.colcon_core.environment:checking '/home/tejasmk-tkp/Documents/Rudra/Interdomain/Rover/install/gazebo_dev' for CMake module files
[0.805s] Level 1:colcon.colcon_core.environment:checking '/home/tejasmk-tkp/Documents/Rudra/Interdomain/Rover/install/gazebo_dev' for CMake config files
[0.805s] Level 1:colcon.colcon_core.shell:create_environment_hook('gazebo_dev', 'cmake_prefix_path')
[0.812s] INFO:colcon.colcon_core.shell:Creating environment hook '/home/tejasmk-tkp/Documents/Rudra/Interdomain/Rover/install/gazebo_dev/share/gazebo_dev/hook/cmake_prefix_path.ps1'
[0.813s] INFO:colcon.colcon_core.shell:Creating environment descriptor '/home/tejasmk-tkp/Documents/Rudra/Interdomain/Rover/install/gazebo_dev/share/gazebo_dev/hook/cmake_prefix_path.dsv'
[0.813s] INFO:colcon.colcon_core.shell:Creating environment hook '/home/tejasmk-tkp/Documents/Rudra/Interdomain/Rover/install/gazebo_dev/share/gazebo_dev/hook/cmake_prefix_path.sh'
[0.813s] Level 1:colcon.colcon_core.environment:checking '/home/tejasmk-tkp/Documents/Rudra/Interdomain/Rover/install/gazebo_dev/bin'
[0.813s] Level 1:colcon.colcon_core.environment:checking '/home/tejasmk-tkp/Documents/Rudra/Interdomain/Rover/install/gazebo_dev/lib/pkgconfig/gazebo_dev.pc'
[0.813s] Level 1:colcon.colcon_core.environment:checking '/home/tejasmk-tkp/Documents/Rudra/Interdomain/Rover/install/gazebo_dev/lib/python3.10/site-packages'
[0.813s] Level 1:colcon.colcon_core.environment:checking '/home/tejasmk-tkp/Documents/Rudra/Interdomain/Rover/install/gazebo_dev/bin'
[0.821s] INFO:colcon.colcon_core.shell:Creating package script '/home/tejasmk-tkp/Documents/Rudra/Interdomain/Rover/install/gazebo_dev/share/gazebo_dev/package.ps1'
[0.822s] INFO:colcon.colcon_core.shell:Creating package descriptor '/home/tejasmk-tkp/Documents/Rudra/Interdomain/Rover/install/gazebo_dev/share/gazebo_dev/package.dsv'
[0.822s] INFO:colcon.colcon_core.shell:Creating package script '/home/tejasmk-tkp/Documents/Rudra/Interdomain/Rover/install/gazebo_dev/share/gazebo_dev/package.sh'
[0.822s] INFO:colcon.colcon_core.shell:Creating package script '/home/tejasmk-tkp/Documents/Rudra/Interdomain/Rover/install/gazebo_dev/share/gazebo_dev/package.bash'
[0.822s] INFO:colcon.colcon_core.shell:Creating package script '/home/tejasmk-tkp/Documents/Rudra/Interdomain/Rover/install/gazebo_dev/share/gazebo_dev/package.zsh'
[0.823s] Level 1:colcon.colcon_core.environment:create_file_with_runtime_dependencies(/home/tejasmk-tkp/Documents/Rudra/Interdomain/Rover/install/gazebo_dev/share/colcon-core/packages/gazebo_dev)
[0.824s] DEBUG:colcon.colcon_core.event_handler.log_command:Invoking command in '/home/tejasmk-tkp/Documents/Rudra/Interdomain/Rover/build/matplotlib_cpp': CONDA_PROMPT_MODIFIER=(rover_andes) /usr/bin/cmake --install /home/tejasmk-tkp/Documents/Rudra/Interdomain/Rover/build/matplotlib_cpp
[0.828s] Level 1:colcon.colcon_core.environment:create_environment_scripts_only(matplotlib_cpp)
[0.829s] DEBUG:colcon.colcon_core.event_handler.log_command:Invoked command in '/home/tejasmk-tkp/Documents/Rudra/Interdomain/Rover/build/matplotlib_cpp' returned '0': CONDA_PROMPT_MODIFIER=(rover_andes) /usr/bin/cmake --install /home/tejasmk-tkp/Documents/Rudra/Interdomain/Rover/build/matplotlib_cpp
[0.839s] Level 1:colcon.colcon_core.environment:checking '/home/tejasmk-tkp/Documents/Rudra/Interdomain/Rover/install/matplotlib_cpp' for CMake module files
[0.839s] Level 1:colcon.colcon_core.environment:checking '/home/tejasmk-tkp/Documents/Rudra/Interdomain/Rover/install/matplotlib_cpp' for CMake config files
[0.840s] Level 1:colcon.colcon_core.shell:create_environment_hook('matplotlib_cpp', 'cmake_prefix_path')
[0.846s] INFO:colcon.colcon_core.shell:Creating environment hook '/home/tejasmk-tkp/Documents/Rudra/Interdomain/Rover/install/matplotlib_cpp/share/matplotlib_cpp/hook/cmake_prefix_path.ps1'
[0.847s] INFO:colcon.colcon_core.shell:Creating environment descriptor '/home/tejasmk-tkp/Documents/Rudra/Interdomain/Rover/install/matplotlib_cpp/share/matplotlib_cpp/hook/cmake_prefix_path.dsv'
[0.847s] INFO:colcon.colcon_core.shell:Creating environment hook '/home/tejasmk-tkp/Documents/Rudra/Interdomain/Rover/install/matplotlib_cpp/share/matplotlib_cpp/hook/cmake_prefix_path.sh'
[0.847s] Level 1:colcon.colcon_core.environment:checking '/home/tejasmk-tkp/Documents/Rudra/Interdomain/Rover/install/matplotlib_cpp/lib'
[0.847s] Level 1:colcon.colcon_core.environment:checking '/home/tejasmk-tkp/Documents/Rudra/Interdomain/Rover/install/matplotlib_cpp/bin'
[0.847s] Level 1:colcon.colcon_core.environment:checking '/home/tejasmk-tkp/Documents/Rudra/Interdomain/Rover/install/matplotlib_cpp/lib/pkgconfig/matplotlib_cpp.pc'
[0.847s] Level 1:colcon.colcon_core.environment:checking '/home/tejasmk-tkp/Documents/Rudra/Interdomain/Rover/install/matplotlib_cpp/lib/python3.10/site-packages'
[0.848s] Level 1:colcon.colcon_core.environment:checking '/home/tejasmk-tkp/Documents/Rudra/Interdomain/Rover/install/matplotlib_cpp/bin'
[0.855s] INFO:colcon.colcon_core.shell:Creating package script '/home/tejasmk-tkp/Documents/Rudra/Interdomain/Rover/install/matplotlib_cpp/share/matplotlib_cpp/package.ps1'
[0.856s] INFO:colcon.colcon_core.shell:Creating package descriptor '/home/tejasmk-tkp/Documents/Rudra/Interdomain/Rover/install/matplotlib_cpp/share/matplotlib_cpp/package.dsv'
[0.856s] INFO:colcon.colcon_core.shell:Creating package script '/home/tejasmk-tkp/Documents/Rudra/Interdomain/Rover/install/matplotlib_cpp/share/matplotlib_cpp/package.sh'
[0.856s] INFO:colcon.colcon_core.shell:Creating package script '/home/tejasmk-tkp/Documents/Rudra/Interdomain/Rover/install/matplotlib_cpp/share/matplotlib_cpp/package.bash'
[0.856s] INFO:colcon.colcon_core.shell:Creating package script '/home/tejasmk-tkp/Documents/Rudra/Interdomain/Rover/install/matplotlib_cpp/share/matplotlib_cpp/package.zsh'
[0.856s] Level 1:colcon.colcon_core.environment:create_file_with_runtime_dependencies(/home/tejasmk-tkp/Documents/Rudra/Interdomain/Rover/install/matplotlib_cpp/share/colcon-core/packages/matplotlib_cpp)
[0.909s] DEBUG:colcon.colcon_core.event_handler.log_command:Invoked command in '/home/tejasmk-tkp/Documents/Rudra/Interdomain/Rover/build/gazebo_msgs' returned '0': CMAKE_PREFIX_PATH=${CMAKE_PREFIX_PATH}:/opt/ros/iron CONDA_PROMPT_MODIFIER=(rover_andes) /usr/bin/cmake --build /home/tejasmk-tkp/Documents/Rudra/Interdomain/Rover/build/gazebo_msgs -- -j16 -l16
[1.925s] DEBUG:colcon.colcon_core.event_handler.log_command:Invoking command in '/home/tejasmk-tkp/Documents/Rudra/Interdomain/Rover/build/gazebo_msgs': CMAKE_PREFIX_PATH=${CMAKE_PREFIX_PATH}:/opt/ros/iron CONDA_PROMPT_MODIFIER=(rover_andes) /usr/bin/cmake --install /home/tejasmk-tkp/Documents/Rudra/Interdomain/Rover/build/gazebo_msgs
[1.982s] Level 1:colcon.colcon_core.environment:create_environment_scripts_only(gazebo_msgs)
[1.982s] DEBUG:colcon.colcon_core.event_handler.log_command:Invoked command in '/home/tejasmk-tkp/Documents/Rudra/Interdomain/Rover/build/gazebo_msgs' returned '0': CMAKE_PREFIX_PATH=${CMAKE_PREFIX_PATH}:/opt/ros/iron CONDA_PROMPT_MODIFIER=(rover_andes) /usr/bin/cmake --install /home/tejasmk-tkp/Documents/Rudra/Interdomain/Rover/build/gazebo_msgs
[1.989s] Level 1:colcon.colcon_core.environment:checking '/home/tejasmk-tkp/Documents/Rudra/Interdomain/Rover/install/gazebo_msgs' for CMake module files
[1.990s] Level 1:colcon.colcon_core.environment:checking '/home/tejasmk-tkp/Documents/Rudra/Interdomain/Rover/install/gazebo_msgs' for CMake config files
[1.990s] Level 1:colcon.colcon_core.shell:create_environment_hook('gazebo_msgs', 'cmake_prefix_path')
[1.997s] INFO:colcon.colcon_core.shell:Creating environment hook '/home/tejasmk-tkp/Documents/Rudra/Interdomain/Rover/install/gazebo_msgs/share/gazebo_msgs/hook/cmake_prefix_path.ps1'
[1.997s] INFO:colcon.colcon_core.shell:Creating environment descriptor '/home/tejasmk-tkp/Documents/Rudra/Interdomain/Rover/install/gazebo_msgs/share/gazebo_msgs/hook/cmake_prefix_path.dsv'
[1.997s] INFO:colcon.colcon_core.shell:Creating environment hook '/home/tejasmk-tkp/Documents/Rudra/Interdomain/Rover/install/gazebo_msgs/share/gazebo_msgs/hook/cmake_prefix_path.sh'
[1.998s] Level 1:colcon.colcon_core.environment:checking '/home/tejasmk-tkp/Documents/Rudra/Interdomain/Rover/install/gazebo_msgs/lib'
[1.998s] Level 1:colcon.colcon_core.shell:create_environment_hook('gazebo_msgs', 'ld_library_path_lib')
[2.004s] INFO:colcon.colcon_core.shell:Creating environment hook '/home/tejasmk-tkp/Documents/Rudra/Interdomain/Rover/install/gazebo_msgs/share/gazebo_msgs/hook/ld_library_path_lib.ps1'
[2.004s] INFO:colcon.colcon_core.shell:Creating environment descriptor '/home/tejasmk-tkp/Documents/Rudra/Interdomain/Rover/install/gazebo_msgs/share/gazebo_msgs/hook/ld_library_path_lib.dsv'
[2.004s] INFO:colcon.colcon_core.shell:Creating environment hook '/home/tejasmk-tkp/Documents/Rudra/Interdomain/Rover/install/gazebo_msgs/share/gazebo_msgs/hook/ld_library_path_lib.sh'
[2.004s] Level 1:colcon.colcon_core.environment:checking '/home/tejasmk-tkp/Documents/Rudra/Interdomain/Rover/install/gazebo_msgs/bin'
[2.005s] Level 1:colcon.colcon_core.environment:checking '/home/tejasmk-tkp/Documents/Rudra/Interdomain/Rover/install/gazebo_msgs/lib/pkgconfig/gazebo_msgs.pc'
[2.005s] Level 1:colcon.colcon_core.environment:checking '/home/tejasmk-tkp/Documents/Rudra/Interdomain/Rover/install/gazebo_msgs/lib/python3.10/site-packages'
[2.005s] Level 1:colcon.colcon_core.shell:create_environment_hook('gazebo_msgs', 'pythonpath')
[2.011s] INFO:colcon.colcon_core.shell:Creating environment hook '/home/tejasmk-tkp/Documents/Rudra/Interdomain/Rover/install/gazebo_msgs/share/gazebo_msgs/hook/pythonpath.ps1'
[2.011s] INFO:colcon.colcon_core.shell:Creating environment descriptor '/home/tejasmk-tkp/Documents/Rudra/Interdomain/Rover/install/gazebo_msgs/share/gazebo_msgs/hook/pythonpath.dsv'
[2.011s] INFO:colcon.colcon_core.shell:Creating environment hook '/home/tejasmk-tkp/Documents/Rudra/Interdomain/Rover/install/gazebo_msgs/share/gazebo_msgs/hook/pythonpath.sh'
[2.012s] Level 1:colcon.colcon_core.environment:checking '/home/tejasmk-tkp/Documents/Rudra/Interdomain/Rover/install/gazebo_msgs/bin'
[2.018s] INFO:colcon.colcon_core.shell:Creating package script '/home/tejasmk-tkp/Documents/Rudra/Interdomain/Rover/install/gazebo_msgs/share/gazebo_msgs/package.ps1'
[2.018s] INFO:colcon.colcon_core.shell:Creating package descriptor '/home/tejasmk-tkp/Documents/Rudra/Interdomain/Rover/install/gazebo_msgs/share/gazebo_msgs/package.dsv'
[2.019s] INFO:colcon.colcon_core.shell:Creating package script '/home/tejasmk-tkp/Documents/Rudra/Interdomain/Rover/install/gazebo_msgs/share/gazebo_msgs/package.sh'
[2.019s] INFO:colcon.colcon_core.shell:Creating package script '/home/tejasmk-tkp/Documents/Rudra/Interdomain/Rover/install/gazebo_msgs/share/gazebo_msgs/package.bash'
[2.019s] INFO:colcon.colcon_core.shell:Creating package script '/home/tejasmk-tkp/Documents/Rudra/Interdomain/Rover/install/gazebo_msgs/share/gazebo_msgs/package.zsh'
[2.019s] Level 1:colcon.colcon_core.environment:create_file_with_runtime_dependencies(/home/tejasmk-tkp/Documents/Rudra/Interdomain/Rover/install/gazebo_msgs/share/colcon-core/packages/gazebo_msgs)
[3.106s] Level 1:colcon.colcon_core.environment:create_environment_scripts_only(gazebo_msgs)
[3.113s] Level 1:colcon.colcon_core.environment:checking '/home/tejasmk-tkp/Documents/Rudra/Interdomain/Rover/install/gazebo_msgs' for CMake module files
[3.113s] Level 1:colcon.colcon_core.environment:checking '/home/tejasmk-tkp/Documents/Rudra/Interdomain/Rover/install/gazebo_msgs' for CMake config files
[3.114s] Level 1:colcon.colcon_core.shell:create_environment_hook('gazebo_msgs', 'cmake_prefix_path')
[3.120s] INFO:colcon.colcon_core.shell:Creating environment hook '/home/tejasmk-tkp/Documents/Rudra/Interdomain/Rover/install/gazebo_msgs/share/gazebo_msgs/hook/cmake_prefix_path.ps1'
[3.120s] INFO:colcon.colcon_core.shell:Creating environment descriptor '/home/tejasmk-tkp/Documents/Rudra/Interdomain/Rover/install/gazebo_msgs/share/gazebo_msgs/hook/cmake_prefix_path.dsv'
[3.121s] INFO:colcon.colcon_core.shell:Creating environment hook '/home/tejasmk-tkp/Documents/Rudra/Interdomain/Rover/install/gazebo_msgs/share/gazebo_msgs/hook/cmake_prefix_path.sh'
[3.121s] Level 1:colcon.colcon_core.environment:checking '/home/tejasmk-tkp/Documents/Rudra/Interdomain/Rover/install/gazebo_msgs/lib'
[3.121s] Level 1:colcon.colcon_core.shell:create_environment_hook('gazebo_msgs', 'ld_library_path_lib')
[3.127s] INFO:colcon.colcon_core.shell:Creating environment hook '/home/tejasmk-tkp/Documents/Rudra/Interdomain/Rover/install/gazebo_msgs/share/gazebo_msgs/hook/ld_library_path_lib.ps1'
[3.127s] INFO:colcon.colcon_core.shell:Creating environment descriptor '/home/tejasmk-tkp/Documents/Rudra/Interdomain/Rover/install/gazebo_msgs/share/gazebo_msgs/hook/ld_library_path_lib.dsv'
[3.127s] INFO:colcon.colcon_core.shell:Creating environment hook '/home/tejasmk-tkp/Documents/Rudra/Interdomain/Rover/install/gazebo_msgs/share/gazebo_msgs/hook/ld_library_path_lib.sh'
[3.128s] Level 1:colcon.colcon_core.environment:checking '/home/tejasmk-tkp/Documents/Rudra/Interdomain/Rover/install/gazebo_msgs/bin'
[3.128s] Level 1:colcon.colcon_core.environment:checking '/home/tejasmk-tkp/Documents/Rudra/Interdomain/Rover/install/gazebo_msgs/lib/pkgconfig/gazebo_msgs.pc'
[3.128s] Level 1:colcon.colcon_core.environment:checking '/home/tejasmk-tkp/Documents/Rudra/Interdomain/Rover/install/gazebo_msgs/lib/python3.10/site-packages'
[3.128s] Level 1:colcon.colcon_core.shell:create_environment_hook('gazebo_msgs', 'pythonpath')
[3.134s] INFO:colcon.colcon_core.shell:Creating environment hook '/home/tejasmk-tkp/Documents/Rudra/Interdomain/Rover/install/gazebo_msgs/share/gazebo_msgs/hook/pythonpath.ps1'
[3.134s] INFO:colcon.colcon_core.shell:Creating environment descriptor '/home/tejasmk-tkp/Documents/Rudra/Interdomain/Rover/install/gazebo_msgs/share/gazebo_msgs/hook/pythonpath.dsv'
[3.135s] INFO:colcon.colcon_core.shell:Creating environment hook '/home/tejasmk-tkp/Documents/Rudra/Interdomain/Rover/install/gazebo_msgs/share/gazebo_msgs/hook/pythonpath.sh'
[3.135s] Level 1:colcon.colcon_core.environment:checking '/home/tejasmk-tkp/Documents/Rudra/Interdomain/Rover/install/gazebo_msgs/bin'
[3.141s] INFO:colcon.colcon_core.shell:Creating package script '/home/tejasmk-tkp/Documents/Rudra/Interdomain/Rover/install/gazebo_msgs/share/gazebo_msgs/package.ps1'
[3.141s] INFO:colcon.colcon_core.shell:Creating package descriptor '/home/tejasmk-tkp/Documents/Rudra/Interdomain/Rover/install/gazebo_msgs/share/gazebo_msgs/package.dsv'
[3.142s] INFO:colcon.colcon_core.shell:Creating package script '/home/tejasmk-tkp/Documents/Rudra/Interdomain/Rover/install/gazebo_msgs/share/gazebo_msgs/package.sh'
[3.142s] INFO:colcon.colcon_core.shell:Creating package script '/home/tejasmk-tkp/Documents/Rudra/Interdomain/Rover/install/gazebo_msgs/share/gazebo_msgs/package.bash'
[3.142s] INFO:colcon.colcon_core.shell:Creating package script '/home/tejasmk-tkp/Documents/Rudra/Interdomain/Rover/install/gazebo_msgs/share/gazebo_msgs/package.zsh'
[3.142s] Level 1:colcon.colcon_core.environment:create_file_with_runtime_dependencies(/home/tejasmk-tkp/Documents/Rudra/Interdomain/Rover/install/gazebo_msgs/share/colcon-core/packages/gazebo_msgs)
[3.142s] INFO:colcon.colcon_ros.task.ament_cmake.build:Building ROS package in '/home/tejasmk-tkp/Documents/Rudra/Interdomain/Rover/src/gazebo_ros_pkgs/gazebo_ros' with build type 'ament_cmake'
[3.143s] INFO:colcon.colcon_cmake.task.cmake.build:Building CMake package in '/home/tejasmk-tkp/Documents/Rudra/Interdomain/Rover/src/gazebo_ros_pkgs/gazebo_ros'
[3.149s] INFO:colcon.colcon_core.shell:Skip shell extension 'powershell' for command environment: Not usable outside of PowerShell
[3.149s] DEBUG:colcon.colcon_core.shell:Skip shell extension 'dsv' for command environment
[3.168s] DEBUG:colcon.colcon_core.event_handler.log_command:Invoking command in '/home/tejasmk-tkp/Documents/Rudra/Interdomain/Rover/build/gazebo_ros': AMENT_PREFIX_PATH=/home/tejasmk-tkp/Documents/Rudra/Interdomain/Rover/install/gazebo_msgs:/home/tejasmk-tkp/Documents/Rudra/Interdomain/Rover/install/gazebo_dev:${AMENT_PREFIX_PATH} CMAKE_PREFIX_PATH=/home/tejasmk-tkp/Documents/Rudra/Interdomain/Rover/install/gazebo_msgs:/home/tejasmk-tkp/Documents/Rudra/Interdomain/Rover/install/gazebo_dev:/path/to/your/gazebo/installation:/opt/ros/iron CONDA_PROMPT_MODIFIER=(rover_andes) LD_LIBRARY_PATH=/home/tejasmk-tkp/Documents/Rudra/Interdomain/Rover/install/gazebo_msgs/lib:${LD_LIBRARY_PATH} PYTHONPATH=/home/tejasmk-tkp/Documents/Rudra/Interdomain/Rover/install/gazebo_msgs/lib/python3.10/site-packages:${PYTHONPATH} /usr/bin/cmake /home/tejasmk-tkp/Documents/Rudra/Interdomain/Rover/src/gazebo_ros_pkgs/gazebo_ros -DCMAKE_INSTALL_PREFIX=/home/tejasmk-tkp/Documents/Rudra/Interdomain/Rover/install/gazebo_ros
[5.049s] DEBUG:colcon.colcon_core.event_handler.log_command:Invoked command in '/home/tejasmk-tkp/Documents/Rudra/Interdomain/Rover/build/gazebo_ros' returned '0': AMENT_PREFIX_PATH=/home/tejasmk-tkp/Documents/Rudra/Interdomain/Rover/install/gazebo_msgs:/home/tejasmk-tkp/Documents/Rudra/Interdomain/Rover/install/gazebo_dev:${AMENT_PREFIX_PATH} CMAKE_PREFIX_PATH=/home/tejasmk-tkp/Documents/Rudra/Interdomain/Rover/install/gazebo_msgs:/home/tejasmk-tkp/Documents/Rudra/Interdomain/Rover/install/gazebo_dev:/path/to/your/gazebo/installation:/opt/ros/iron CONDA_PROMPT_MODIFIER=(rover_andes) LD_LIBRARY_PATH=/home/tejasmk-tkp/Documents/Rudra/Interdomain/Rover/install/gazebo_msgs/lib:${LD_LIBRARY_PATH} PYTHONPATH=/home/tejasmk-tkp/Documents/Rudra/Interdomain/Rover/install/gazebo_msgs/lib/python3.10/site-packages:${PYTHONPATH} /usr/bin/cmake /home/tejasmk-tkp/Documents/Rudra/Interdomain/Rover/src/gazebo_ros_pkgs/gazebo_ros -DCMAKE_INSTALL_PREFIX=/home/tejasmk-tkp/Documents/Rudra/Interdomain/Rover/install/gazebo_ros
[5.050s] DEBUG:colcon.colcon_core.event_handler.log_command:Invoking command in '/home/tejasmk-tkp/Documents/Rudra/Interdomain/Rover/build/gazebo_ros': AMENT_PREFIX_PATH=/home/tejasmk-tkp/Documents/Rudra/Interdomain/Rover/install/gazebo_msgs:/home/tejasmk-tkp/Documents/Rudra/Interdomain/Rover/install/gazebo_dev:${AMENT_PREFIX_PATH} CMAKE_PREFIX_PATH=/home/tejasmk-tkp/Documents/Rudra/Interdomain/Rover/install/gazebo_msgs:/home/tejasmk-tkp/Documents/Rudra/Interdomain/Rover/install/gazebo_dev:/path/to/your/gazebo/installation:/opt/ros/iron CONDA_PROMPT_MODIFIER=(rover_andes) LD_LIBRARY_PATH=/home/tejasmk-tkp/Documents/Rudra/Interdomain/Rover/install/gazebo_msgs/lib:${LD_LIBRARY_PATH} PYTHONPATH=/home/tejasmk-tkp/Documents/Rudra/Interdomain/Rover/install/gazebo_msgs/lib/python3.10/site-packages:${PYTHONPATH} /usr/bin/cmake --build /home/tejasmk-tkp/Documents/Rudra/Interdomain/Rover/build/gazebo_ros -- -j16 -l16
