[0.024s] Invoking command in '/home/tejasmk-tkp/Documents/Rudra/Interdomain/Rover/build/gazebo_ros': AMENT_PREFIX_PATH=/home/tejasmk-tkp/Documents/Rudra/Interdomain/Rover/install/gazebo_msgs:/home/tejasmk-tkp/Documents/Rudra/Interdomain/Rover/install/gazebo_dev:${AMENT_PREFIX_PATH} CMAKE_PREFIX_PATH=/home/tejasmk-tkp/Documents/Rudra/Interdomain/Rover/install/gazebo_msgs:/home/tejasmk-tkp/Documents/Rudra/Interdomain/Rover/install/gazebo_dev:/path/to/your/gazebo/installation:/opt/ros/iron CONDA_PROMPT_MODIFIER=(rover_andes) LD_LIBRARY_PATH=/home/tejasmk-tkp/Documents/Rudra/Interdomain/Rover/install/gazebo_msgs/lib:${LD_LIBRARY_PATH} PYTHONPATH=/home/tejasmk-tkp/Documents/Rudra/Interdomain/Rover/install/gazebo_msgs/lib/python3.10/site-packages:${PYTHONPATH} /usr/bin/cmake /home/tejasmk-tkp/Documents/Rudra/Interdomain/Rover/src/gazebo_ros_pkgs/gazebo_ros -DCMAKE_INSTALL_PREFIX=/home/tejasmk-tkp/Documents/Rudra/Interdomain/Rover/install/gazebo_ros
[0.031s] -- Found ament_cmake: 2.0.3 (/opt/ros/iron/share/ament_cmake/cmake)
[0.108s] -- Found builtin_interfaces: 1.6.0 (/opt/ros/iron/share/builtin_interfaces/cmake)
[0.121s] -- Found rosidl_generator_c: 4.0.1 (/opt/ros/iron/share/rosidl_generator_c/cmake)
[0.125s] -- Found rosidl_generator_cpp: 4.0.1 (/opt/ros/iron/share/rosidl_generator_cpp/cmake)
[0.131s] -- Using all available rosidl_typesupport_c: rosidl_typesupport_fastrtps_c;rosidl_typesupport_introspection_c
[0.139s] -- Using all available rosidl_typesupport_cpp: rosidl_typesupport_fastrtps_cpp;rosidl_typesupport_introspection_cpp
[0.147s] -- Found gazebo_dev: 3.7.0 (/home/tejasmk-tkp/Documents/Rudra/Interdomain/Rover/install/gazebo_dev/share/gazebo_dev/cmake)
[0.151s] -- Found PkgConfig: /usr/bin/pkg-config (found version "0.29.2") 
[0.151s] -- Checking for module 'bullet>=2.82'
[0.162s] --   Found bullet, version 3.05
[0.210s] -- Found fcl: /usr/include (found suitable version "0.7.0", minimum required is "0.5.0") 
[0.237s] -- Found assimp: /usr/include (found version "5.2.0") 
[0.259s] -- Found DART: /usr/include (Required is at least version "6.6") found components: dart 
[0.361s] -- Found Boost: /usr/lib/x86_64-linux-gnu/cmake/Boost-1.74.0/BoostConfig.cmake (found suitable version "1.74.0", minimum required is "1.40.0") found components: thread system filesystem program_options regex iostreams date_time 
[0.369s] -- Found Protobuf: /usr/lib/x86_64-linux-gnu/libprotobuf.so (found version "3.12.4") 
[0.373s] -- Looking for ignition-math6 -- found version 6.15.0
[0.381s] -- Searching for dependencies of ignition-math6
[0.382s] -- Looking for OGRE...
[0.382s] -- OGRE_PREFIX_WATCH changed.
[0.385s] -- Checking for module 'OGRE'
[0.392s] --   Found OGRE, version 1.9.0
[0.406s] -- Found Ogre Ghadamon (1.9.0)
[0.411s] -- Found OGRE: optimized;/usr/lib/x86_64-linux-gnu/libOgreMain.so;debug;/usr/lib/x86_64-linux-gnu/libOgreMain.so
[0.417s] -- Looking for OGRE_Paging...
[0.420s] -- Found OGRE_Paging: optimized;/usr/lib/x86_64-linux-gnu/libOgrePaging.so;debug;/usr/lib/x86_64-linux-gnu/libOgrePaging.so
[0.420s] -- Looking for OGRE_Terrain...
[0.422s] -- Found OGRE_Terrain: optimized;/usr/lib/x86_64-linux-gnu/libOgreTerrain.so;debug;/usr/lib/x86_64-linux-gnu/libOgreTerrain.so
[0.422s] -- Looking for OGRE_Property...
[0.425s] -- Found OGRE_Property: optimized;/usr/lib/x86_64-linux-gnu/libOgreProperty.so;debug;/usr/lib/x86_64-linux-gnu/libOgreProperty.so
[0.425s] -- Looking for OGRE_RTShaderSystem...
[0.427s] -- Found OGRE_RTShaderSystem: optimized;/usr/lib/x86_64-linux-gnu/libOgreRTShaderSystem.so;debug;/usr/lib/x86_64-linux-gnu/libOgreRTShaderSystem.so
[0.427s] -- Looking for OGRE_Volume...
[0.430s] -- Found OGRE_Volume: optimized;/usr/lib/x86_64-linux-gnu/libOgreVolume.so;debug;/usr/lib/x86_64-linux-gnu/libOgreVolume.so
[0.430s] -- Looking for OGRE_Overlay...
[0.432s] -- Found OGRE_Overlay: optimized;/usr/lib/x86_64-linux-gnu/libOgreOverlay.so;debug;/usr/lib/x86_64-linux-gnu/libOgreOverlay.so
[0.487s] -- Looking for ignition-math6 -- found version 6.15.0
[0.488s] -- Looking for ignition-transport8 -- found version 8.2.1
[0.488s] -- Searching for dependencies of ignition-transport8
[0.498s] -- Found Protobuf: /usr/lib/x86_64-linux-gnu/libprotobuf.so (found suitable version "3.12.4", minimum required is "3") 
[0.504s] -- Config-file not installed for ZeroMQ -- checking for pkg-config
[0.506s] -- Checking for module 'libzmq >= 4'
[0.514s] --   Found libzmq , version 4.3.4
[0.533s] -- Found ZeroMQ: TRUE (Required is at least version "4") 
[0.538s] -- Checking for module 'uuid'
[0.549s] --   Found uuid, version 2.37.2
[0.572s] -- Found UUID: TRUE  
[0.573s] -- Looking for ignition-msgs5 -- found version 5.8.1
[0.573s] -- Searching for dependencies of ignition-msgs5
[0.583s] -- Looking for ignition-math6 -- found version 6.15.0
[0.587s] -- Checking for module 'tinyxml2'
[0.594s] --   Found tinyxml2, version 9.0.0
[0.610s] -- Looking for ignition-msgs5 -- found version 5.8.1
[0.611s] -- Looking for ignition-common3 -- found version 3.14.0
[0.611s] -- Searching for dependencies of ignition-common3
[0.611s] -- Looking for dlfcn.h - found
[0.612s] -- Looking for libdl - found
[0.612s] -- Found DL: TRUE  
[0.618s] -- Found tinyobjloader: /usr/lib/x86_64-linux-gnu/cmake/tinyobjloader/tinyobjloader-config.cmake (found version "2.0.0") 
[0.618s] -- Searching for <ignition-common3> component [graphics]
[0.619s] -- Looking for ignition-common3-graphics -- found version 3.14.0
[0.619s] -- Searching for dependencies of ignition-common3-graphics
[0.620s] -- Looking for ignition-math6 -- found version 6.15.0
[0.621s] -- Looking for ignition-fuel_tools4 -- found version 4.4.0
[0.621s] -- Searching for dependencies of ignition-fuel_tools4
[0.659s] -- Found CURL: /usr/lib/x86_64-linux-gnu/libcurl.so (found version "7.81.0")  
[0.668s] -- Checking for module 'jsoncpp'
[0.675s] --   Found jsoncpp, version 1.9.5
[0.690s] -- Found JSONCPP: TRUE  
[0.699s] -- Checking for module 'libzip'
[0.705s] --   Found libzip, version 1.7.3
[0.720s] -- Found ZIP: TRUE  
[0.720s] -- Looking for ignition-common3 -- found version 3.14.0
[0.720s] -- Looking for ignition-math6 -- found version 6.15.0
[0.720s] -- Looking for ignition-msgs5 -- found version 5.8.1
[0.726s] -- Gazebo version: 11.10
[0.726s] -- Checking for module 'tbb'
[0.734s] --   Found tbb, version 2021.5.0
[0.759s] -- Found gazebo_msgs: 3.7.0 (/home/tejasmk-tkp/Documents/Rudra/Interdomain/Rover/install/gazebo_msgs/share/gazebo_msgs/cmake)
[0.996s] -- Found rcl: 6.0.4 (/opt/ros/iron/share/rcl/cmake)
[1.069s] -- Found rmw_implementation_cmake: 7.1.0 (/opt/ros/iron/share/rmw_implementation_cmake/cmake)
[1.072s] -- Found rmw_fastrtps_cpp: 7.1.2 (/opt/ros/iron/share/rmw_fastrtps_cpp/cmake)
[1.159s] -- Found OpenSSL: /usr/lib/x86_64-linux-gnu/libcrypto.so (found version "3.0.2")  
[1.176s] -- Found FastRTPS: /opt/ros/iron/include  
[1.200s] -- Using RMW implementation 'rmw_fastrtps_cpp' as default
[1.246s] -- Found rclcpp: 21.0.4 (/opt/ros/iron/share/rclcpp/cmake)
[1.341s] -- Found std_srvs: 5.0.0 (/opt/ros/iron/share/std_srvs/cmake)
[1.379s] -- Found tinyxml_vendor: 0.9.2 (/opt/ros/iron/share/tinyxml_vendor/cmake)
[1.443s] -- Found ament_cmake_gtest: 2.0.3 (/opt/ros/iron/share/ament_cmake_gtest/cmake)
[1.447s] -- Found launch_testing_ament_cmake: 2.0.2 (/opt/ros/iron/share/launch_testing_ament_cmake/cmake)
[1.448s] -- Found python_cmake_module: 0.10.2 (/opt/ros/iron/share/python_cmake_module/cmake)
[1.460s] -- Found PythonInterp: /usr/bin/python3 (found suitable version "3.10.12", minimum required is "3.6") 
[1.463s] -- Found PythonLibs: /usr/lib/x86_64-linux-gnu/libpython3.10.so (found suitable version "3.10.12", minimum required is "3.5") 
[1.463s] -- Using PYTHON_EXECUTABLE: /usr/bin/python3
[1.463s] -- Using PYTHON_INCLUDE_DIRS: /usr/include/python3.10
[1.463s] -- Using PYTHON_LIBRARIES: /usr/lib/x86_64-linux-gnu/libpython3.10.so
[1.475s] -- Found PythonExtra: .so  
[1.478s] -- Found sensor_msgs: 5.0.0 (/opt/ros/iron/share/sensor_msgs/cmake)
[1.555s] -- Found gtest sources under '/opt/ros/iron/src/gtest_vendor': C++ tests using 'Google Test' will be built
[1.558s] -- Found Threads: TRUE  
[1.613s] -- Found ament_lint_auto: 0.14.2 (/opt/ros/iron/share/ament_lint_auto/cmake)
[1.664s] -- Found python_cmake_module: 0.10.2 (/opt/ros/iron/share/python_cmake_module/cmake)
[1.676s] -- Using PYTHON_EXECUTABLE: /usr/bin/python3
[1.677s] -- Using PYTHON_INCLUDE_DIRS: /usr/include/python3.10
[1.677s] -- Using PYTHON_LIBRARIES: /usr/lib/x86_64-linux-gnu/libpython3.10.so
[1.743s] -- Added test 'copyright' to check source files copyright and LICENSE
[1.745s] -- Added test 'cppcheck' to perform static code analysis on C / C++ code
[1.745s] -- Configured cppcheck include dirs: $<BUILD_INTERFACE:/home/tejasmk-tkp/Documents/Rudra/Interdomain/Rover/src/gazebo_ros_pkgs/gazebo_ros/include>
[1.746s] -- Configured cppcheck exclude dirs and/or files: 
[1.747s] -- Added test 'flake8' to check Python code syntax and style conventions
[1.747s] -- Configured 'flake8' exclude dirs and/or files: 
[1.748s] -- Added test 'lint_cmake' to check CMake code style
[1.749s] -- Added test 'pep257' to check Python code against some of the docstring style conventions in PEP 257
[1.751s] -- Added test 'uncrustify' to check C / C++ code style
[1.752s] -- Configured uncrustify additional arguments: 
[1.752s] -- Added test 'xmllint' to check XML markup files
[1.753s] -- Configuring done
[1.893s] -- Generating done
[1.896s] -- Build files have been written to: /home/tejasmk-tkp/Documents/Rudra/Interdomain/Rover/build/gazebo_ros
[1.905s] Invoked command in '/home/tejasmk-tkp/Documents/Rudra/Interdomain/Rover/build/gazebo_ros' returned '0': AMENT_PREFIX_PATH=/home/tejasmk-tkp/Documents/Rudra/Interdomain/Rover/install/gazebo_msgs:/home/tejasmk-tkp/Documents/Rudra/Interdomain/Rover/install/gazebo_dev:${AMENT_PREFIX_PATH} CMAKE_PREFIX_PATH=/home/tejasmk-tkp/Documents/Rudra/Interdomain/Rover/install/gazebo_msgs:/home/tejasmk-tkp/Documents/Rudra/Interdomain/Rover/install/gazebo_dev:/path/to/your/gazebo/installation:/opt/ros/iron CONDA_PROMPT_MODIFIER=(rover_andes) LD_LIBRARY_PATH=/home/tejasmk-tkp/Documents/Rudra/Interdomain/Rover/install/gazebo_msgs/lib:${LD_LIBRARY_PATH} PYTHONPATH=/home/tejasmk-tkp/Documents/Rudra/Interdomain/Rover/install/gazebo_msgs/lib/python3.10/site-packages:${PYTHONPATH} /usr/bin/cmake /home/tejasmk-tkp/Documents/Rudra/Interdomain/Rover/src/gazebo_ros_pkgs/gazebo_ros -DCMAKE_INSTALL_PREFIX=/home/tejasmk-tkp/Documents/Rudra/Interdomain/Rover/install/gazebo_ros
[1.907s] Invoking command in '/home/tejasmk-tkp/Documents/Rudra/Interdomain/Rover/build/gazebo_ros': AMENT_PREFIX_PATH=/home/tejasmk-tkp/Documents/Rudra/Interdomain/Rover/install/gazebo_msgs:/home/tejasmk-tkp/Documents/Rudra/Interdomain/Rover/install/gazebo_dev:${AMENT_PREFIX_PATH} CMAKE_PREFIX_PATH=/home/tejasmk-tkp/Documents/Rudra/Interdomain/Rover/install/gazebo_msgs:/home/tejasmk-tkp/Documents/Rudra/Interdomain/Rover/install/gazebo_dev:/path/to/your/gazebo/installation:/opt/ros/iron CONDA_PROMPT_MODIFIER=(rover_andes) LD_LIBRARY_PATH=/home/tejasmk-tkp/Documents/Rudra/Interdomain/Rover/install/gazebo_msgs/lib:${LD_LIBRARY_PATH} PYTHONPATH=/home/tejasmk-tkp/Documents/Rudra/Interdomain/Rover/install/gazebo_msgs/lib/python3.10/site-packages:${PYTHONPATH} /usr/bin/cmake --build /home/tejasmk-tkp/Documents/Rudra/Interdomain/Rover/build/gazebo_ros -- -j16 -l16
[1.939s] [  1%] [32mBuilding CXX object CMakeFiles/gazebo_ros_node.dir/src/executor.cpp.o[0m
[1.939s] [  5%] [32mBuilding CXX object gtest/CMakeFiles/gtest_main.dir/src/gtest_main.cc.o[0m
[1.939s] [  5%] [32mBuilding CXX object CMakeFiles/gazebo_ros_utils.dir/src/utils.cpp.o[0m
[1.939s] [  6%] [32mBuilding CXX object gtest/CMakeFiles/gtest.dir/src/gtest-all.cc.o[0m
[1.940s] [ 10%] [32mBuilding CXX object CMakeFiles/gazebo_ros_node.dir/src/node.cpp.o[0m
[1.940s] [ 10%] [32mBuilding CXX object CMakeFiles/gazebo_ros_node.dir/src/qos.cpp.o[0m
[1.941s] [ 13%] [32mBuilding CXX object test/CMakeFiles/mock_robot_state_publisher.dir/mock_robot_state_publisher/robot_state_publisher.cpp.o[0m
[1.941s] [ 13%] [32mBuilding CXX object test/CMakeFiles/mock_gazebo_ros_factory.dir/mock_gazebo_ros_factory/gazebo_ros_factory.cpp.o[0m
[1.944s] [ 13%] Built target ament_cmake_python_copy_scripts
[2.082s] running egg_info
[2.082s] creating scripts.egg-info
[2.082s] writing scripts.egg-info/PKG-INFO
[2.082s] writing dependency_links to scripts.egg-info/dependency_links.txt
[2.082s] writing top-level names to scripts.egg-info/top_level.txt
[2.082s] writing manifest file 'scripts.egg-info/SOURCES.txt'
[2.083s] reading manifest file 'scripts.egg-info/SOURCES.txt'
[2.084s] writing manifest file 'scripts.egg-info/SOURCES.txt'
[2.101s] [ 13%] Built target ament_cmake_python_build_scripts_egg
[2.319s] [ 15%] [32m[1mLinking CXX static library libgtest_main.a[0m
[2.345s] [ 15%] Built target gtest_main
[3.907s] [ 16%] [32m[1mLinking CXX static library libgtest.a[0m
[3.955s] [ 16%] Built target gtest
[5.055s] [ 18%] [32m[1mLinking CXX executable mock_gazebo_ros_factory[0m
[5.176s] [ 20%] [32m[1mLinking CXX executable mock_robot_state_publisher[0m
[5.317s] [ 20%] Built target mock_robot_state_publisher
[5.317s] [ 20%] Built target mock_gazebo_ros_factory
[7.106s] [ 21%] [32m[1mLinking CXX shared library libgazebo_ros_utils.so[0m
[7.252s] [ 23%] [32m[1mLinking CXX shared library libgazebo_ros_node.so[0m
[7.282s] [ 23%] Built target gazebo_ros_utils
[7.476s] [ 23%] Built target gazebo_ros_node
[7.495s] [ 28%] [32mBuilding CXX object CMakeFiles/gazebo_ros_init.dir/src/gazebo_ros_init.cpp.o[0m
[7.495s] [ 31%] [32mBuilding CXX object CMakeFiles/gazebo_ros_state.dir/src/gazebo_ros_state.cpp.o[0m
[7.495s] [ 33%] [32mBuilding CXX object test/CMakeFiles/multiple_nodes.dir/plugins/multiple_nodes.cpp.o[0m
[7.495s] [ 36%] [32mBuilding CXX object CMakeFiles/gazebo_ros_force_system.dir/src/gazebo_ros_force_system.cpp.o[0m
[7.495s] [ 36%] [32mBuilding CXX object test/CMakeFiles/args_init.dir/plugins/args_init.cpp.o[0m
[7.495s] [ 36%] [32mBuilding CXX object CMakeFiles/gazebo_ros_factory.dir/src/gazebo_ros_factory.cpp.o[0m
[7.495s] [ 40%] [32mBuilding CXX object test/CMakeFiles/test_gazebo_ros_factory.dir/test_gazebo_ros_factory.cpp.o[0m
[7.496s] [ 41%] [32mBuilding CXX object test/CMakeFiles/ros_world_plugin.dir/plugins/ros_world_plugin.cpp.o[0m
[7.496s] [ 41%] [32mBuilding CXX object test/CMakeFiles/create_node_without_init.dir/plugins/create_node_without_init.cpp.o[0m
[7.496s] [ 43%] [32mBuilding CXX object test/CMakeFiles/test_gazebo_ros_init.dir/test_gazebo_ros_init.cpp.o[0m
[7.496s] [ 45%] [32mBuilding CXX object test/CMakeFiles/test_gazebo_ros_joint_effort.dir/test_gazebo_ros_joint_effort.cpp.o[0m
[7.496s] [ 28%] [32mBuilding CXX object test/CMakeFiles/sdf_node.dir/plugins/sdf_node.cpp.o[0m
[7.496s] [ 28%] [32mBuilding CXX object CMakeFiles/gazebo_ros_properties.dir/src/gazebo_ros_properties.cpp.o[0m
[7.496s] [ 46%] [32mBuilding CXX object test/CMakeFiles/test_gazebo_ros_properties.dir/test_gazebo_ros_properties.cpp.o[0m
[7.496s] [ 48%] [32mBuilding CXX object test/CMakeFiles/test_gazebo_ros_link_wrench.dir/test_gazebo_ros_link_wrench.cpp.o[0m
[7.503s] [ 50%] [32mBuilding CXX object test/CMakeFiles/test_conversions.dir/test_conversions.cpp.o[0m
