[0.032s] Invoking command in '/home/tejasmk-tkp/Documents/Rudra/Interdomain/Rover/build/matplotlib_cpp': /usr/bin/cmake --build /home/tejasmk-tkp/Documents/Rudra/Interdomain/Rover/build/matplotlib_cpp -- -j16 -l16
[0.134s] [  6%] Built target xkcd
[0.135s] [ 12%] Built target nonblock
[0.135s] [ 18%] Built target modern
[0.135s] [ 31%] Built target minimal
[0.135s] [ 31%] Built target contour
[0.135s] [ 43%] Built target bar
[0.135s] [ 43%] Built target animation
[0.136s] [ 50%] Built target fill
[0.136s] [ 56%] Built target basic
[0.137s] [ 65%] Built target colorbar
[0.137s] [ 68%] Built target spy
[0.137s] [ 75%] Built target fill_inbetween
[0.137s] [ 81%] Built target update
[0.138s] [ 93%] Built target lines3d
[0.138s] [ 93%] Built target subplot2grid
[0.138s] [100%] Built target surface
[0.145s] Invoked command in '/home/tejasmk-tkp/Documents/Rudra/Interdomain/Rover/build/matplotlib_cpp' returned '0': /usr/bin/cmake --build /home/tejasmk-tkp/Documents/Rudra/Interdomain/Rover/build/matplotlib_cpp -- -j16 -l16
[0.181s] Invoking command in '/home/tejasmk-tkp/Documents/Rudra/Interdomain/Rover/build/matplotlib_cpp': /usr/bin/cmake --install /home/tejasmk-tkp/Documents/Rudra/Interdomain/Rover/build/matplotlib_cpp
[0.186s] -- Install configuration: ""
[0.186s] -- Up-to-date: /home/tejasmk-tkp/Documents/Rudra/Interdomain/Rover/install/matplotlib_cpp/include/matplotlibcpp.h
[0.186s] -- Up-to-date: /home/tejasmk-tkp/Documents/Rudra/Interdomain/Rover/install/matplotlib_cpp/lib/matplotlib_cpp/cmake/matplotlib_cppTargets.cmake
[0.186s] -- Up-to-date: /home/tejasmk-tkp/Documents/Rudra/Interdomain/Rover/install/matplotlib_cpp/lib/matplotlib_cpp/cmake/matplotlib_cppConfig.cmake
[0.187s] Invoked command in '/home/tejasmk-tkp/Documents/Rudra/Interdomain/Rover/build/matplotlib_cpp' returned '0': /usr/bin/cmake --install /home/tejasmk-tkp/Documents/Rudra/Interdomain/Rover/build/matplotlib_cpp
