[0.024s] Invoking command in '/home/tejasmk-tkp/Documents/Rudra/Interdomain/Rover/build/gazebo_ros': AMENT_PREFIX_PATH=/home/tejasmk-tkp/Documents/Rudra/Interdomain/Rover/install/gazebo_msgs:/home/tejasmk-tkp/Documents/Rudra/Interdomain/Rover/install/gazebo_dev:${AMENT_PREFIX_PATH} CMAKE_PREFIX_PATH=/home/tejasmk-tkp/Documents/Rudra/Interdomain/Rover/install/gazebo_msgs:/home/tejasmk-tkp/Documents/Rudra/Interdomain/Rover/install/gazebo_dev:/path/to/your/gazebo/installation:/opt/ros/iron CONDA_PROMPT_MODIFIER=(rover_andes) LD_LIBRARY_PATH=/home/tejasmk-tkp/Documents/Rudra/Interdomain/Rover/install/gazebo_msgs/lib:${LD_LIBRARY_PATH} PYTHONPATH=/home/tejasmk-tkp/Documents/Rudra/Interdomain/Rover/install/gazebo_msgs/lib/python3.10/site-packages:${PYTHONPATH} /usr/bin/cmake /home/tejasmk-tkp/Documents/Rudra/Interdomain/Rover/src/gazebo_ros_pkgs/gazebo_ros -DCMAKE_INSTALL_PREFIX=/home/tejasmk-tkp/Documents/Rudra/Interdomain/Rover/install/gazebo_ros
[0.031s] -- Found ament_cmake: 2.0.3 (/opt/ros/iron/share/ament_cmake/cmake)
[0.108s] -- Found builtin_interfaces: 1.6.0 (/opt/ros/iron/share/builtin_interfaces/cmake)
[0.121s] -- Found rosidl_generator_c: 4.0.1 (/opt/ros/iron/share/rosidl_generator_c/cmake)
[0.126s] -- Found rosidl_generator_cpp: 4.0.1 (/opt/ros/iron/share/rosidl_generator_cpp/cmake)
[0.132s] -- Using all available rosidl_typesupport_c: rosidl_typesupport_fastrtps_c;rosidl_typesupport_introspection_c
[0.140s] -- Using all available rosidl_typesupport_cpp: rosidl_typesupport_fastrtps_cpp;rosidl_typesupport_introspection_cpp
[0.147s] -- Found gazebo_dev: 3.7.0 (/home/tejasmk-tkp/Documents/Rudra/Interdomain/Rover/install/gazebo_dev/share/gazebo_dev/cmake)
[0.153s] [31mCMake Error at /home/tejasmk-tkp/Documents/Rudra/Interdomain/Rover/install/gazebo_dev/share/gazebo_dev/cmake/gazebo_dev-extras.cmake:3 (find_package):
[0.153s]   By not providing "Findgazebo.cmake" in CMAKE_MODULE_PATH this project has
[0.153s]   asked CMake to find a package configuration file provided by "gazebo", but
[0.153s]   CMake did not find one.
[0.153s] 
[0.153s]   Could not find a package configuration file provided by "gazebo" with any
[0.153s]   of the following names:
[0.153s] 
[0.153s]     gazeboConfig.cmake
[0.153s]     gazebo-config.cmake
[0.153s] 
[0.153s]   Add the installation prefix of "gazebo" to CMAKE_PREFIX_PATH or set
[0.153s]   "gazebo_DIR" to a directory containing one of the above files.  If "gazebo"
[0.153s]   provides a separate development package or SDK, be sure it has been
[0.153s]   installed.
[0.153s] Call Stack (most recent call first):
[0.153s]   /home/tejasmk-tkp/Documents/Rudra/Interdomain/Rover/install/gazebo_dev/share/gazebo_dev/cmake/gazebo_devConfig.cmake:41 (include)
[0.153s]   CMakeLists.txt:26 (find_package)
[0.153s] 
[0.153s] [0m
[0.153s] -- Configuring incomplete, errors occurred!
[0.153s] See also "/home/tejasmk-tkp/Documents/Rudra/Interdomain/Rover/build/gazebo_ros/CMakeFiles/CMakeOutput.log".
[0.156s] Invoked command in '/home/tejasmk-tkp/Documents/Rudra/Interdomain/Rover/build/gazebo_ros' returned '1': AMENT_PREFIX_PATH=/home/tejasmk-tkp/Documents/Rudra/Interdomain/Rover/install/gazebo_msgs:/home/tejasmk-tkp/Documents/Rudra/Interdomain/Rover/install/gazebo_dev:${AMENT_PREFIX_PATH} CMAKE_PREFIX_PATH=/home/tejasmk-tkp/Documents/Rudra/Interdomain/Rover/install/gazebo_msgs:/home/tejasmk-tkp/Documents/Rudra/Interdomain/Rover/install/gazebo_dev:/path/to/your/gazebo/installation:/opt/ros/iron CONDA_PROMPT_MODIFIER=(rover_andes) LD_LIBRARY_PATH=/home/tejasmk-tkp/Documents/Rudra/Interdomain/Rover/install/gazebo_msgs/lib:${LD_LIBRARY_PATH} PYTHONPATH=/home/tejasmk-tkp/Documents/Rudra/Interdomain/Rover/install/gazebo_msgs/lib/python3.10/site-packages:${PYTHONPATH} /usr/bin/cmake /home/tejasmk-tkp/Documents/Rudra/Interdomain/Rover/src/gazebo_ros_pkgs/gazebo_ros -DCMAKE_INSTALL_PREFIX=/home/tejasmk-tkp/Documents/Rudra/Interdomain/Rover/install/gazebo_ros
