[1.127s] DEBUG:colcon:Command line arguments: ['/usr/bin/colcon', 'build']
[1.127s] DEBUG:colcon:Parsed command line arguments: Namespace(log_base=None, log_level=None, verb_name='build', build_base='build', install_base='install', merge_install=False, symlink_install=False, test_result_base=None, continue_on_error=False, executor='parallel', parallel_workers=16, event_handlers=None, ignore_user_meta=False, metas=['./colcon.meta'], base_paths=['.'], packages_ignore=None, packages_ignore_regex=None, paths=None, packages_up_to=None, packages_up_to_regex=None, packages_above=None, packages_above_and_dependencies=None, packages_above_depth=None, packages_select_by_dep=None, packages_skip_by_dep=None, packages_skip_up_to=None, packages_select_build_failed=False, packages_skip_build_finished=False, packages_select_test_failures=False, packages_skip_test_passed=False, packages_select=None, packages_skip=None, packages_select_regex=None, packages_skip_regex=None, packages_start=None, packages_end=None, allow_overriding=[], cmake_args=None, cmake_target=None, cmake_target_skip_unavailable=False, cmake_clean_cache=False, cmake_clean_first=False, cmake_force_configure=False, ament_cmake_args=None, catkin_cmake_args=None, catkin_skip_building_tests=False, verb_parser=<colcon_defaults.argument_parser.defaults.DefaultArgumentsDecorator object at 0x7f9df13c6bf0>, verb_extension=<colcon_core.verb.build.BuildVerb object at 0x7f9df136d150>, main=<bound method BuildVerb.main of <colcon_core.verb.build.BuildVerb object at 0x7f9df136d150>>)
[1.171s] Level 1:colcon.colcon_core.package_discovery:discover_packages(colcon_meta) check parameters
[1.171s] Level 1:colcon.colcon_core.package_discovery:discover_packages(recursive) check parameters
[1.171s] Level 1:colcon.colcon_core.package_discovery:discover_packages(ignore) check parameters
[1.171s] Level 1:colcon.colcon_core.package_discovery:discover_packages(path) check parameters
[1.171s] Level 1:colcon.colcon_core.package_discovery:discover_packages(colcon_meta) discover
[1.171s] Level 1:colcon.colcon_core.package_discovery:discover_packages(recursive) discover
[1.171s] INFO:colcon.colcon_core.package_discovery:Crawling recursively for packages in '/home/tejasmk-tkp/Documents/Rudra/Interdomain/Rover'
[1.171s] Level 1:colcon.colcon_core.package_identification:_identify(.) by extensions ['ignore', 'ignore_ament_install']
[1.171s] Level 1:colcon.colcon_core.package_identification:_identify(.) by extension 'ignore'
[1.171s] Level 1:colcon.colcon_core.package_identification:_identify(.) by extension 'ignore_ament_install'
[1.171s] Level 1:colcon.colcon_core.package_identification:_identify(.) by extensions ['colcon_pkg']
[1.171s] Level 1:colcon.colcon_core.package_identification:_identify(.) by extension 'colcon_pkg'
[1.171s] Level 1:colcon.colcon_core.package_identification:_identify(.) by extensions ['colcon_meta']
[1.171s] Level 1:colcon.colcon_core.package_identification:_identify(.) by extension 'colcon_meta'
[1.171s] Level 1:colcon.colcon_core.package_identification:_identify(.) by extensions ['ros']
[1.171s] Level 1:colcon.colcon_core.package_identification:_identify(.) by extension 'ros'
[1.178s] Level 1:colcon.colcon_core.package_identification:_identify(.) by extensions ['cmake', 'python']
[1.178s] Level 1:colcon.colcon_core.package_identification:_identify(.) by extension 'cmake'
[1.178s] Level 1:colcon.colcon_core.package_identification:_identify(.) by extension 'python'
[1.178s] Level 1:colcon.colcon_core.package_identification:_identify(.) by extensions ['python_setup_py']
[1.178s] Level 1:colcon.colcon_core.package_identification:_identify(.) by extension 'python_setup_py'
[1.178s] Level 1:colcon.colcon_core.package_identification:_identify(build) by extensions ['ignore', 'ignore_ament_install']
[1.178s] Level 1:colcon.colcon_core.package_identification:_identify(build) by extension 'ignore'
[1.178s] Level 1:colcon.colcon_core.package_identification:_identify(build) ignored
[1.178s] Level 1:colcon.colcon_core.package_identification:_identify(install) by extensions ['ignore', 'ignore_ament_install']
[1.178s] Level 1:colcon.colcon_core.package_identification:_identify(install) by extension 'ignore'
[1.178s] Level 1:colcon.colcon_core.package_identification:_identify(install) ignored
[1.178s] Level 1:colcon.colcon_core.package_identification:_identify(log) by extensions ['ignore', 'ignore_ament_install']
[1.178s] Level 1:colcon.colcon_core.package_identification:_identify(log) by extension 'ignore'
[1.178s] Level 1:colcon.colcon_core.package_identification:_identify(log) ignored
[1.178s] Level 1:colcon.colcon_core.package_identification:_identify(src) by extensions ['ignore', 'ignore_ament_install']
[1.178s] Level 1:colcon.colcon_core.package_identification:_identify(src) by extension 'ignore'
[1.178s] Level 1:colcon.colcon_core.package_identification:_identify(src) by extension 'ignore_ament_install'
[1.178s] Level 1:colcon.colcon_core.package_identification:_identify(src) by extensions ['colcon_pkg']
[1.178s] Level 1:colcon.colcon_core.package_identification:_identify(src) by extension 'colcon_pkg'
[1.178s] Level 1:colcon.colcon_core.package_identification:_identify(src) by extensions ['colcon_meta']
[1.178s] Level 1:colcon.colcon_core.package_identification:_identify(src) by extension 'colcon_meta'
[1.178s] Level 1:colcon.colcon_core.package_identification:_identify(src) by extensions ['ros']
[1.178s] Level 1:colcon.colcon_core.package_identification:_identify(src) by extension 'ros'
[1.178s] Level 1:colcon.colcon_core.package_identification:_identify(src) by extensions ['cmake', 'python']
[1.178s] Level 1:colcon.colcon_core.package_identification:_identify(src) by extension 'cmake'
[1.178s] Level 1:colcon.colcon_core.package_identification:_identify(src) by extension 'python'
[1.178s] Level 1:colcon.colcon_core.package_identification:_identify(src) by extensions ['python_setup_py']
[1.178s] Level 1:colcon.colcon_core.package_identification:_identify(src) by extension 'python_setup_py'
[1.178s] Level 1:colcon.colcon_core.package_identification:_identify(src/Autonomous_Navigation) by extensions ['ignore', 'ignore_ament_install']
[1.178s] Level 1:colcon.colcon_core.package_identification:_identify(src/Autonomous_Navigation) by extension 'ignore'
[1.178s] Level 1:colcon.colcon_core.package_identification:_identify(src/Autonomous_Navigation) by extension 'ignore_ament_install'
[1.179s] Level 1:colcon.colcon_core.package_identification:_identify(src/Autonomous_Navigation) by extensions ['colcon_pkg']
[1.179s] Level 1:colcon.colcon_core.package_identification:_identify(src/Autonomous_Navigation) by extension 'colcon_pkg'
[1.179s] Level 1:colcon.colcon_core.package_identification:_identify(src/Autonomous_Navigation) by extensions ['colcon_meta']
[1.179s] Level 1:colcon.colcon_core.package_identification:_identify(src/Autonomous_Navigation) by extension 'colcon_meta'
[1.179s] Level 1:colcon.colcon_core.package_identification:_identify(src/Autonomous_Navigation) by extensions ['ros']
[1.179s] Level 1:colcon.colcon_core.package_identification:_identify(src/Autonomous_Navigation) by extension 'ros'
[1.179s] Level 1:colcon.colcon_core.package_identification:_identify(src/Autonomous_Navigation) by extensions ['cmake', 'python']
[1.179s] Level 1:colcon.colcon_core.package_identification:_identify(src/Autonomous_Navigation) by extension 'cmake'
[1.179s] Level 1:colcon.colcon_core.package_identification:_identify(src/Autonomous_Navigation) by extension 'python'
[1.179s] Level 1:colcon.colcon_core.package_identification:_identify(src/Autonomous_Navigation) by extensions ['python_setup_py']
[1.179s] Level 1:colcon.colcon_core.package_identification:_identify(src/Autonomous_Navigation) by extension 'python_setup_py'
[1.179s] Level 1:colcon.colcon_core.package_identification:_identify(src/Autonomous_Navigation/matplotlib-cpp) by extensions ['ignore', 'ignore_ament_install']
[1.179s] Level 1:colcon.colcon_core.package_identification:_identify(src/Autonomous_Navigation/matplotlib-cpp) by extension 'ignore'
[1.179s] Level 1:colcon.colcon_core.package_identification:_identify(src/Autonomous_Navigation/matplotlib-cpp) by extension 'ignore_ament_install'
[1.179s] Level 1:colcon.colcon_core.package_identification:_identify(src/Autonomous_Navigation/matplotlib-cpp) by extensions ['colcon_pkg']
[1.179s] Level 1:colcon.colcon_core.package_identification:_identify(src/Autonomous_Navigation/matplotlib-cpp) by extension 'colcon_pkg'
[1.179s] Level 1:colcon.colcon_core.package_identification:_identify(src/Autonomous_Navigation/matplotlib-cpp) by extensions ['colcon_meta']
[1.179s] Level 1:colcon.colcon_core.package_identification:_identify(src/Autonomous_Navigation/matplotlib-cpp) by extension 'colcon_meta'
[1.179s] Level 1:colcon.colcon_core.package_identification:_identify(src/Autonomous_Navigation/matplotlib-cpp) by extensions ['ros']
[1.179s] Level 1:colcon.colcon_core.package_identification:_identify(src/Autonomous_Navigation/matplotlib-cpp) by extension 'ros'
[1.179s] Level 1:colcon.colcon_core.package_identification:_identify(src/Autonomous_Navigation/matplotlib-cpp) by extensions ['cmake', 'python']
[1.179s] Level 1:colcon.colcon_core.package_identification:_identify(src/Autonomous_Navigation/matplotlib-cpp) by extension 'cmake'
[1.180s] Level 1:colcon.colcon_core.package_identification:_identify(src/Autonomous_Navigation/matplotlib-cpp) by extension 'python'
[1.180s] DEBUG:colcon.colcon_core.package_identification:Package 'src/Autonomous_Navigation/matplotlib-cpp' with type 'cmake' and name 'matplotlib_cpp'
[1.180s] Level 1:colcon.colcon_core.package_identification:_identify(src/urdf) by extensions ['ignore', 'ignore_ament_install']
[1.180s] Level 1:colcon.colcon_core.package_identification:_identify(src/urdf) by extension 'ignore'
[1.180s] Level 1:colcon.colcon_core.package_identification:_identify(src/urdf) by extension 'ignore_ament_install'
[1.180s] Level 1:colcon.colcon_core.package_identification:_identify(src/urdf) by extensions ['colcon_pkg']
[1.180s] Level 1:colcon.colcon_core.package_identification:_identify(src/urdf) by extension 'colcon_pkg'
[1.180s] Level 1:colcon.colcon_core.package_identification:_identify(src/urdf) by extensions ['colcon_meta']
[1.180s] Level 1:colcon.colcon_core.package_identification:_identify(src/urdf) by extension 'colcon_meta'
[1.180s] Level 1:colcon.colcon_core.package_identification:_identify(src/urdf) by extensions ['ros']
[1.180s] Level 1:colcon.colcon_core.package_identification:_identify(src/urdf) by extension 'ros'
[1.180s] Level 1:colcon.colcon_core.package_identification:_identify(src/urdf) by extensions ['cmake', 'python']
[1.180s] Level 1:colcon.colcon_core.package_identification:_identify(src/urdf) by extension 'cmake'
[1.180s] Level 1:colcon.colcon_core.package_identification:_identify(src/urdf) by extension 'python'
[1.180s] Level 1:colcon.colcon_core.package_identification:_identify(src/urdf) by extensions ['python_setup_py']
[1.180s] Level 1:colcon.colcon_core.package_identification:_identify(src/urdf) by extension 'python_setup_py'
[1.180s] Level 1:colcon.colcon_core.package_identification:_identify(src/urdf/meshes) by extensions ['ignore', 'ignore_ament_install']
[1.180s] Level 1:colcon.colcon_core.package_identification:_identify(src/urdf/meshes) by extension 'ignore'
[1.180s] Level 1:colcon.colcon_core.package_identification:_identify(src/urdf/meshes) by extension 'ignore_ament_install'
[1.180s] Level 1:colcon.colcon_core.package_identification:_identify(src/urdf/meshes) by extensions ['colcon_pkg']
[1.180s] Level 1:colcon.colcon_core.package_identification:_identify(src/urdf/meshes) by extension 'colcon_pkg'
[1.180s] Level 1:colcon.colcon_core.package_identification:_identify(src/urdf/meshes) by extensions ['colcon_meta']
[1.180s] Level 1:colcon.colcon_core.package_identification:_identify(src/urdf/meshes) by extension 'colcon_meta'
[1.181s] Level 1:colcon.colcon_core.package_identification:_identify(src/urdf/meshes) by extensions ['ros']
[1.181s] Level 1:colcon.colcon_core.package_identification:_identify(src/urdf/meshes) by extension 'ros'
[1.181s] Level 1:colcon.colcon_core.package_identification:_identify(src/urdf/meshes) by extensions ['cmake', 'python']
[1.181s] Level 1:colcon.colcon_core.package_identification:_identify(src/urdf/meshes) by extension 'cmake'
[1.181s] Level 1:colcon.colcon_core.package_identification:_identify(src/urdf/meshes) by extension 'python'
[1.181s] Level 1:colcon.colcon_core.package_identification:_identify(src/urdf/meshes) by extensions ['python_setup_py']
[1.181s] Level 1:colcon.colcon_core.package_identification:_identify(src/urdf/meshes) by extension 'python_setup_py'
[1.181s] Level 1:colcon.colcon_core.package_identification:_identify(src/urdf/meshes/sus) by extensions ['ignore', 'ignore_ament_install']
[1.181s] Level 1:colcon.colcon_core.package_identification:_identify(src/urdf/meshes/sus) by extension 'ignore'
[1.181s] Level 1:colcon.colcon_core.package_identification:_identify(src/urdf/meshes/sus) by extension 'ignore_ament_install'
[1.181s] Level 1:colcon.colcon_core.package_identification:_identify(src/urdf/meshes/sus) by extensions ['colcon_pkg']
[1.181s] Level 1:colcon.colcon_core.package_identification:_identify(src/urdf/meshes/sus) by extension 'colcon_pkg'
[1.181s] Level 1:colcon.colcon_core.package_identification:_identify(src/urdf/meshes/sus) by extensions ['colcon_meta']
[1.181s] Level 1:colcon.colcon_core.package_identification:_identify(src/urdf/meshes/sus) by extension 'colcon_meta'
[1.181s] Level 1:colcon.colcon_core.package_identification:_identify(src/urdf/meshes/sus) by extensions ['ros']
[1.181s] Level 1:colcon.colcon_core.package_identification:_identify(src/urdf/meshes/sus) by extension 'ros'
[1.181s] Level 1:colcon.colcon_core.package_identification:_identify(src/urdf/meshes/sus) by extensions ['cmake', 'python']
[1.181s] Level 1:colcon.colcon_core.package_identification:_identify(src/urdf/meshes/sus) by extension 'cmake'
[1.181s] Level 1:colcon.colcon_core.package_identification:_identify(src/urdf/meshes/sus) by extension 'python'
[1.181s] Level 1:colcon.colcon_core.package_identification:_identify(src/urdf/meshes/sus) by extensions ['python_setup_py']
[1.181s] Level 1:colcon.colcon_core.package_identification:_identify(src/urdf/meshes/sus) by extension 'python_setup_py'
[1.181s] Level 1:colcon.colcon_core.package_discovery:discover_packages(recursive) using defaults
[1.181s] Level 1:colcon.colcon_core.package_discovery:discover_packages(ignore) discover
[1.181s] Level 1:colcon.colcon_core.package_discovery:discover_packages(ignore) using defaults
[1.181s] Level 1:colcon.colcon_core.package_discovery:discover_packages(path) discover
[1.181s] Level 1:colcon.colcon_core.package_discovery:discover_packages(path) using defaults
[1.237s] Level 1:colcon.colcon_core.package_discovery:discover_packages(prefix_path) check parameters
[1.237s] Level 1:colcon.colcon_core.package_discovery:discover_packages(prefix_path) discover
[1.255s] DEBUG:colcon.colcon_installed_package_information.package_discovery:Found 283 installed packages in /opt/ros/iron
[1.255s] Level 1:colcon.colcon_core.package_discovery:discover_packages(prefix_path) using defaults
[1.299s] Level 5:colcon.colcon_core.verb:set package 'matplotlib_cpp' build argument 'cmake_args' from command line to 'None'
[1.299s] Level 5:colcon.colcon_core.verb:set package 'matplotlib_cpp' build argument 'cmake_target' from command line to 'None'
[1.299s] Level 5:colcon.colcon_core.verb:set package 'matplotlib_cpp' build argument 'cmake_target_skip_unavailable' from command line to 'False'
[1.299s] Level 5:colcon.colcon_core.verb:set package 'matplotlib_cpp' build argument 'cmake_clean_cache' from command line to 'False'
[1.299s] Level 5:colcon.colcon_core.verb:set package 'matplotlib_cpp' build argument 'cmake_clean_first' from command line to 'False'
[1.299s] Level 5:colcon.colcon_core.verb:set package 'matplotlib_cpp' build argument 'cmake_force_configure' from command line to 'False'
[1.299s] Level 5:colcon.colcon_core.verb:set package 'matplotlib_cpp' build argument 'ament_cmake_args' from command line to 'None'
[1.299s] Level 5:colcon.colcon_core.verb:set package 'matplotlib_cpp' build argument 'catkin_cmake_args' from command line to 'None'
[1.299s] Level 5:colcon.colcon_core.verb:set package 'matplotlib_cpp' build argument 'catkin_skip_building_tests' from command line to 'False'
[1.299s] DEBUG:colcon.colcon_core.verb:Building package 'matplotlib_cpp' with the following arguments: {'ament_cmake_args': None, 'build_base': '/home/tejasmk-tkp/Documents/Rudra/Interdomain/Rover/build/matplotlib_cpp', 'catkin_cmake_args': None, 'catkin_skip_building_tests': False, 'cmake_args': None, 'cmake_clean_cache': False, 'cmake_clean_first': False, 'cmake_force_configure': False, 'cmake_target': None, 'cmake_target_skip_unavailable': False, 'install_base': '/home/tejasmk-tkp/Documents/Rudra/Interdomain/Rover/install/matplotlib_cpp', 'merge_install': False, 'path': '/home/tejasmk-tkp/Documents/Rudra/Interdomain/Rover/src/Autonomous_Navigation/matplotlib-cpp', 'symlink_install': False, 'test_result_base': None}
[1.305s] INFO:colcon.colcon_core.executor:Executing jobs using 'parallel' executor
[1.312s] DEBUG:colcon.colcon_parallel_executor.executor.parallel:run_until_complete
[1.312s] INFO:colcon.colcon_cmake.task.cmake.build:Building CMake package in '/home/tejasmk-tkp/Documents/Rudra/Interdomain/Rover/src/Autonomous_Navigation/matplotlib-cpp'
[1.327s] INFO:colcon.colcon_core.plugin_system:Skipping extension 'colcon_core.shell.bat': Not used on non-Windows systems
[1.327s] INFO:colcon.colcon_core.shell:Skip shell extension 'powershell' for command environment: Not usable outside of PowerShell
[1.327s] DEBUG:colcon.colcon_core.shell:Skip shell extension 'dsv' for command environment
[1.344s] DEBUG:colcon.colcon_core.event_handler.log_command:Invoking command in '/home/tejasmk-tkp/Documents/Rudra/Interdomain/Rover/build/matplotlib_cpp': /usr/bin/cmake --build /home/tejasmk-tkp/Documents/Rudra/Interdomain/Rover/build/matplotlib_cpp -- -j16 -l16
[1.458s] DEBUG:colcon.colcon_core.event_handler.log_command:Invoked command in '/home/tejasmk-tkp/Documents/Rudra/Interdomain/Rover/build/matplotlib_cpp' returned '0': /usr/bin/cmake --build /home/tejasmk-tkp/Documents/Rudra/Interdomain/Rover/build/matplotlib_cpp -- -j16 -l16
[1.494s] DEBUG:colcon.colcon_core.event_handler.log_command:Invoking command in '/home/tejasmk-tkp/Documents/Rudra/Interdomain/Rover/build/matplotlib_cpp': /usr/bin/cmake --install /home/tejasmk-tkp/Documents/Rudra/Interdomain/Rover/build/matplotlib_cpp
[1.499s] Level 1:colcon.colcon_core.environment:create_environment_scripts_only(matplotlib_cpp)
[1.499s] DEBUG:colcon.colcon_core.event_handler.log_command:Invoked command in '/home/tejasmk-tkp/Documents/Rudra/Interdomain/Rover/build/matplotlib_cpp' returned '0': /usr/bin/cmake --install /home/tejasmk-tkp/Documents/Rudra/Interdomain/Rover/build/matplotlib_cpp
[1.519s] Level 1:colcon.colcon_core.environment:checking '/home/tejasmk-tkp/Documents/Rudra/Interdomain/Rover/install/matplotlib_cpp' for CMake module files
[1.520s] Level 1:colcon.colcon_core.environment:checking '/home/tejasmk-tkp/Documents/Rudra/Interdomain/Rover/install/matplotlib_cpp' for CMake config files
[1.520s] Level 1:colcon.colcon_core.shell:create_environment_hook('matplotlib_cpp', 'cmake_prefix_path')
[1.528s] INFO:colcon.colcon_core.shell:Creating environment hook '/home/tejasmk-tkp/Documents/Rudra/Interdomain/Rover/install/matplotlib_cpp/share/matplotlib_cpp/hook/cmake_prefix_path.ps1'
[1.529s] INFO:colcon.colcon_core.shell:Creating environment descriptor '/home/tejasmk-tkp/Documents/Rudra/Interdomain/Rover/install/matplotlib_cpp/share/matplotlib_cpp/hook/cmake_prefix_path.dsv'
[1.529s] INFO:colcon.colcon_core.shell:Creating environment hook '/home/tejasmk-tkp/Documents/Rudra/Interdomain/Rover/install/matplotlib_cpp/share/matplotlib_cpp/hook/cmake_prefix_path.sh'
[1.530s] Level 1:colcon.colcon_core.environment:checking '/home/tejasmk-tkp/Documents/Rudra/Interdomain/Rover/install/matplotlib_cpp/lib'
[1.530s] Level 1:colcon.colcon_core.environment:checking '/home/tejasmk-tkp/Documents/Rudra/Interdomain/Rover/install/matplotlib_cpp/bin'
[1.530s] Level 1:colcon.colcon_core.environment:checking '/home/tejasmk-tkp/Documents/Rudra/Interdomain/Rover/install/matplotlib_cpp/lib/pkgconfig/matplotlib_cpp.pc'
[1.530s] Level 1:colcon.colcon_core.environment:checking '/home/tejasmk-tkp/Documents/Rudra/Interdomain/Rover/install/matplotlib_cpp/lib/python3.10/site-packages'
[1.530s] Level 1:colcon.colcon_core.environment:checking '/home/tejasmk-tkp/Documents/Rudra/Interdomain/Rover/install/matplotlib_cpp/bin'
[1.537s] INFO:colcon.colcon_core.shell:Creating package script '/home/tejasmk-tkp/Documents/Rudra/Interdomain/Rover/install/matplotlib_cpp/share/matplotlib_cpp/package.ps1'
[1.538s] INFO:colcon.colcon_core.shell:Creating package descriptor '/home/tejasmk-tkp/Documents/Rudra/Interdomain/Rover/install/matplotlib_cpp/share/matplotlib_cpp/package.dsv'
[1.539s] INFO:colcon.colcon_core.shell:Creating package script '/home/tejasmk-tkp/Documents/Rudra/Interdomain/Rover/install/matplotlib_cpp/share/matplotlib_cpp/package.sh'
[1.540s] INFO:colcon.colcon_core.shell:Creating package script '/home/tejasmk-tkp/Documents/Rudra/Interdomain/Rover/install/matplotlib_cpp/share/matplotlib_cpp/package.bash'
[1.541s] INFO:colcon.colcon_core.shell:Creating package script '/home/tejasmk-tkp/Documents/Rudra/Interdomain/Rover/install/matplotlib_cpp/share/matplotlib_cpp/package.zsh'
[1.542s] Level 1:colcon.colcon_core.environment:create_file_with_runtime_dependencies(/home/tejasmk-tkp/Documents/Rudra/Interdomain/Rover/install/matplotlib_cpp/share/colcon-core/packages/matplotlib_cpp)
[1.542s] DEBUG:colcon.colcon_parallel_executor.executor.parallel:closing loop
[1.542s] DEBUG:colcon.colcon_parallel_executor.executor.parallel:loop closed
[1.542s] DEBUG:colcon.colcon_parallel_executor.executor.parallel:run_until_complete finished with '0'
[1.542s] DEBUG:colcon.colcon_core.event_reactor:joining thread
[1.552s] INFO:colcon.colcon_core.plugin_system:Skipping extension 'colcon_notification.desktop_notification.terminal_notifier': Not used on non-Darwin systems
[1.552s] INFO:colcon.colcon_core.plugin_system:Skipping extension 'colcon_notification.desktop_notification.win32': Not used on non-Windows systems
[1.552s] INFO:colcon.colcon_notification.desktop_notification:Sending desktop notification using 'notify2'
[1.569s] DEBUG:colcon.colcon_core.event_reactor:joined thread
[1.577s] INFO:colcon.colcon_core.shell:Creating prefix script '/home/tejasmk-tkp/Documents/Rudra/Interdomain/Rover/install/local_setup.ps1'
[1.579s] INFO:colcon.colcon_core.shell:Creating prefix util module '/home/tejasmk-tkp/Documents/Rudra/Interdomain/Rover/install/_local_setup_util_ps1.py'
[1.580s] INFO:colcon.colcon_core.shell:Creating prefix chain script '/home/tejasmk-tkp/Documents/Rudra/Interdomain/Rover/install/setup.ps1'
[1.588s] INFO:colcon.colcon_core.shell:Creating prefix script '/home/tejasmk-tkp/Documents/Rudra/Interdomain/Rover/install/local_setup.sh'
[1.588s] INFO:colcon.colcon_core.shell:Creating prefix util module '/home/tejasmk-tkp/Documents/Rudra/Interdomain/Rover/install/_local_setup_util_sh.py'
[1.588s] INFO:colcon.colcon_core.shell:Creating prefix chain script '/home/tejasmk-tkp/Documents/Rudra/Interdomain/Rover/install/setup.sh'
[1.596s] INFO:colcon.colcon_core.shell:Creating prefix script '/home/tejasmk-tkp/Documents/Rudra/Interdomain/Rover/install/local_setup.bash'
[1.597s] INFO:colcon.colcon_core.shell:Creating prefix chain script '/home/tejasmk-tkp/Documents/Rudra/Interdomain/Rover/install/setup.bash'
[1.604s] INFO:colcon.colcon_core.shell:Creating prefix script '/home/tejasmk-tkp/Documents/Rudra/Interdomain/Rover/install/local_setup.zsh'
[1.605s] INFO:colcon.colcon_core.shell:Creating prefix chain script '/home/tejasmk-tkp/Documents/Rudra/Interdomain/Rover/install/setup.zsh'
